<!DOCTYPE html PUBLIC "-//W3C//DTD XHTML 1.1//EN" "https://www.w3.org/TR/xhtml11/DTD/xhtml11.dtd">
<html xmlns="https://www.w3.org/1999/xhtml">
<head>
<meta http-equiv="content-type" content="text/html; charset=UTF-8"/>
<title>TestNG Report</title>
<style type="text/css">table {margin-bottom:10px;border-collapse:collapse;empty-cells:show}th,td {border:1px solid #009;padding:.25em .5em}th {vertical-align:bottom}td {vertical-align:top}table a {font-weight:bold}.stripe td {background-color: #E6EBF9}.num {text-align:right}.passedodd td {background-color: #3F3}.passedeven td {background-color: #0A0}.skippedodd td {background-color: #DDD}.skippedeven td {background-color: #CCC}.failedodd td,.attn {background-color: #F33}.failedeven td,.stripe .attn {background-color: #D00}.stacktrace {white-space:pre;font-family:monospace}.totop {font-size:85%;text-align:center;border-bottom:2px solid #000}.invisible {display:none}</style>
</head>
<body>
<table>
<tr><th>Test</th><th># Passed</th><th># Skipped</th><th># Retried</th><th># Failed</th><th>Time (ms)</th><th>Included Groups</th><th>Excluded Groups</th></tr>
<tr><th colspan="8">Cucumber Suite</th></tr>
<tr><td><a href="#t0">Cucumber Tests</a></td><td class="num">2</td><td class="num">0</td><td class="num">0</td><td class="num attn">9</td><td class="num">141,998</td><td></td><td></td></tr>
</table>
<table id='summary'><thead><tr><th>Class</th><th>Method</th><th>Start</th><th>Time (ms)</th></tr></thead><tbody><tr><th colspan="4">Cucumber Suite</th></tr></tbody><tbody id="t0"><tr><th colspan="4">Cucumber Tests &#8212; failed</th></tr><tr class="failedeven"><td rowspan="9">com.skillstorm.RunCucumberTest</td><td><a href="#m0">runScenario</a></td><td rowspan="9">1725478418558</td><td rowspan="9">12756</td></tr><tr class="failedeven"><td><a href="#m1">runScenario</a></td></tr><tr class="failedeven"><td><a href="#m2">runScenario</a></td></tr><tr class="failedeven"><td><a href="#m3">runScenario</a></td></tr><tr class="failedeven"><td><a href="#m4">runScenario</a></td></tr><tr class="failedeven"><td><a href="#m5">runScenario</a></td></tr><tr class="failedeven"><td><a href="#m6">runScenario</a></td></tr><tr class="failedeven"><td><a href="#m7">runScenario</a></td></tr><tr class="failedeven"><td><a href="#m8">runScenario</a></td></tr><tr><th colspan="4">Cucumber Tests &#8212; passed</th></tr><tr class="passedeven"><td rowspan="2">com.skillstorm.RunCucumberTest</td><td><a href="#m9">runScenario</a></td><td rowspan="2">1725478314972</td><td rowspan="2">14277</td></tr><tr class="passedeven"><td><a href="#m10">runScenario</a></td></tr></tbody>
</table>
<h2>Cucumber Tests</h2><h3 id="m0">com.skillstorm.RunCucumberTest#runScenario</h3><table class="result"><tr class="param"><th>Parameter #1</th><th>Parameter #2</th></tr><tr class="param stripe"><td>&quot;Creating a Candy with Invalid Data&quot;</td><td>&quot;Candy CRUD Operations&quot;</td></tr><tr><th colspan="2">Exception</th></tr><tr><td colspan="2"><div class="stacktrace">java.lang.AssertionError: expected [Successfully added candy!] but found []
	at com.skillstorm.cucumber.CandyStepDefinitions.iClickTheAddCandyButton(CandyStepDefinitions.java:54)
	at ✽.I click the ADD CANDY button(classpath:com/skillstorm/candy.feature:18)
... Removed 6 stack frames</div></td></tr></table><p class="totop"><a href="#summary">back to summary</a></p>
<h3 id="m1">com.skillstorm.RunCucumberTest#runScenario</h3><table class="result"><tr class="param"><th>Parameter #1</th><th>Parameter #2</th></tr><tr class="param stripe"><td>&quot;Creating a Candy with Invalid Data&quot;</td><td>&quot;Candy CRUD Operations&quot;</td></tr><tr><th colspan="2">Exception</th></tr><tr><td colspan="2"><div class="stacktrace">java.lang.AssertionError: expected [Successfully added candy!] but found [Price cannot contain letters]
	at com.skillstorm.cucumber.CandyStepDefinitions.iClickTheAddCandyButton(CandyStepDefinitions.java:54)
	at ✽.I click the ADD CANDY button(classpath:com/skillstorm/candy.feature:18)
... Removed 6 stack frames</div></td></tr></table><p class="totop"><a href="#summary">back to summary</a></p>
<h3 id="m2">com.skillstorm.RunCucumberTest#runScenario</h3><table class="result"><tr class="param"><th>Parameter #1</th><th>Parameter #2</th></tr><tr class="param stripe"><td>&quot;Creating a Candy with Invalid Data&quot;</td><td>&quot;Candy CRUD Operations&quot;</td></tr><tr><th colspan="2">Exception</th></tr><tr><td colspan="2"><div class="stacktrace">java.lang.AssertionError: expected [Successfully added candy!] but found []
	at com.skillstorm.cucumber.CandyStepDefinitions.iClickTheAddCandyButton(CandyStepDefinitions.java:54)
	at ✽.I click the ADD CANDY button(classpath:com/skillstorm/candy.feature:18)
... Removed 6 stack frames</div></td></tr></table><p class="totop"><a href="#summary">back to summary</a></p>
<h3 id="m3">com.skillstorm.RunCucumberTest#runScenario</h3><table class="result"><tr class="param"><th>Parameter #1</th><th>Parameter #2</th></tr><tr class="param stripe"><td>&quot;Creating a Candy with Invalid Data&quot;</td><td>&quot;Candy CRUD Operations&quot;</td></tr><tr><th colspan="2">Exception</th></tr><tr><td colspan="2"><div class="stacktrace">java.lang.AssertionError: expected [Successfully added candy!] but found []
	at com.skillstorm.cucumber.CandyStepDefinitions.iClickTheAddCandyButton(CandyStepDefinitions.java:54)
	at ✽.I click the ADD CANDY button(classpath:com/skillstorm/candy.feature:18)
... Removed 6 stack frames</div></td></tr></table><p class="totop"><a href="#summary">back to summary</a></p>
<h3 id="m4">com.skillstorm.RunCucumberTest#runScenario</h3><table class="result"><tr class="param"><th>Parameter #1</th><th>Parameter #2</th></tr><tr class="param stripe"><td>&quot;Creating a Candy with Invalid Data&quot;</td><td>&quot;Candy CRUD Operations&quot;</td></tr><tr><th colspan="2">Exception</th></tr><tr><td colspan="2"><div class="stacktrace">java.lang.AssertionError: expected [Successfully added candy!] but found [Name is required]
	at com.skillstorm.cucumber.CandyStepDefinitions.iClickTheAddCandyButton(CandyStepDefinitions.java:54)
	at ✽.I click the ADD CANDY button(classpath:com/skillstorm/candy.feature:18)
... Removed 6 stack frames</div></td></tr></table><p class="totop"><a href="#summary">back to summary</a></p>
<h3 id="m5">com.skillstorm.RunCucumberTest#runScenario</h3><table class="result"><tr class="param"><th>Parameter #1</th><th>Parameter #2</th></tr><tr class="param stripe"><td>&quot;Creating a Candy with Invalid Data&quot;</td><td>&quot;Candy CRUD Operations&quot;</td></tr><tr><th colspan="2">Exception</th></tr><tr><td colspan="2"><div class="stacktrace">java.lang.AssertionError: expected [Successfully added candy!] but found [Weight must be a positive number, and Weight cannot contain letters]
	at com.skillstorm.cucumber.CandyStepDefinitions.iClickTheAddCandyButton(CandyStepDefinitions.java:54)
	at ✽.I click the ADD CANDY button(classpath:com/skillstorm/candy.feature:18)
... Removed 6 stack frames</div></td></tr></table><p class="totop"><a href="#summary">back to summary</a></p>
<h3 id="m6">com.skillstorm.RunCucumberTest#runScenario</h3><table class="result"><tr class="param"><th>Parameter #1</th><th>Parameter #2</th></tr><tr class="param stripe"><td>&quot;Creating a Candy with Invalid Data&quot;</td><td>&quot;Candy CRUD Operations&quot;</td></tr><tr><th colspan="2">Exception</th></tr><tr><td colspan="2"><div class="stacktrace">java.lang.AssertionError: expected [Successfully added candy!] but found []
	at com.skillstorm.cucumber.CandyStepDefinitions.iClickTheAddCandyButton(CandyStepDefinitions.java:54)
	at ✽.I click the ADD CANDY button(classpath:com/skillstorm/candy.feature:18)
... Removed 6 stack frames</div></td></tr></table><p class="totop"><a href="#summary">back to summary</a></p>
<h3 id="m7">com.skillstorm.RunCucumberTest#runScenario</h3><table class="result"><tr class="param"><th>Parameter #1</th><th>Parameter #2</th></tr><tr class="param stripe"><td>&quot;Creating a Candy with Invalid Data&quot;</td><td>&quot;Candy CRUD Operations&quot;</td></tr><tr><th colspan="2">Exception</th></tr><tr><td colspan="2"><div class="stacktrace">java.lang.AssertionError: expected [Successfully added candy!] but found []
	at com.skillstorm.cucumber.CandyStepDefinitions.iClickTheAddCandyButton(CandyStepDefinitions.java:54)
	at ✽.I click the ADD CANDY button(classpath:com/skillstorm/candy.feature:18)
... Removed 6 stack frames</div></td></tr></table><p class="totop"><a href="#summary">back to summary</a></p>
<h3 id="m8">com.skillstorm.RunCucumberTest#runScenario</h3><table class="result"><tr class="param"><th>Parameter #1</th><th>Parameter #2</th></tr><tr class="param stripe"><td>&quot;Creating a Candy with Invalid Data&quot;</td><td>&quot;Candy CRUD Operations&quot;</td></tr><tr><th colspan="2">Exception</th></tr><tr><td colspan="2"><div class="stacktrace">java.lang.AssertionError: expected [Successfully added candy!] but found []
	at com.skillstorm.cucumber.CandyStepDefinitions.iClickTheAddCandyButton(CandyStepDefinitions.java:54)
	at ✽.I click the ADD CANDY button(classpath:com/skillstorm/candy.feature:18)
... Removed 6 stack frames</div></td></tr></table><p class="totop"><a href="#summary">back to summary</a></p>
<h3 id="m9">com.skillstorm.RunCucumberTest#runScenario</h3><table class="result"><tr class="param"><th>Parameter #1</th><th>Parameter #2</th></tr><tr class="param stripe"><td>&quot;Creating a Candy&quot;</td><td>&quot;Candy CRUD Operations&quot;</td></tr></table><p class="totop"><a href="#summary">back to summary</a></p>
<h3 id="m10">com.skillstorm.RunCucumberTest#runScenario</h3><table class="result"><tr class="param"><th>Parameter #1</th><th>Parameter #2</th></tr><tr class="param stripe"><td>&quot;Creating a Candy&quot;</td><td>&quot;Candy CRUD Operations&quot;</td></tr></table><p class="totop"><a href="#summary">back to summary</a></p>
</body>
</html>
