<?xml version="1.0" encoding="UTF-8"?>
<testsuite xmlns:xsi="http://www.w3.org/2001/XMLSchema-instance" xsi:noNamespaceSchemaLocation="https://maven.apache.org/surefire/maven-surefire-plugin/xsd/surefire-test-report.xsd" version="3.0.2" name="TestSuite" time="1011.164" tests="83" errors="0" skipped="0" failures="0">
  <properties>
[...]
</properties>
  <testcase name="runScenario[&quot;Creating a Candy&quot;, &quot;Candy CRUD Operations&quot;](1)" classname="com.skillstorm.RunCucumberTest" time="14.947">
    <system-out><![CDATA[
@Candy
Scenario Outline: Creating a Candy                                                 &amp#27;[90m# com/skillstorm//candy.feature:12&amp#27;[0m
  &amp#27;[32mGiven &amp#27;[0m&amp#27;[32mI am on the Candy Inventory page&amp#27;[0m                                           &amp#27;[90m# com.skillstorm.cucumber.CandyStepDefinitions.iAmOnTheCandyInventoryPage()&amp#27;[0m
  &amp#27;[32mWhen &amp#27;[0m&amp#27;[32mI input the candy &amp#27;[0m&amp#27;[32m&amp#27;[1m"Sour Skittles"&amp#27;[0m&amp#27;[32m, &amp#27;[0m&amp#27;[32m&amp#27;[1m"Sour Candy"&amp#27;[0m&amp#27;[32m, &amp#27;[0m&amp#27;[32m&amp#27;[1m"Sour"&amp#27;[0m&amp#27;[32m, &amp#27;[0m&amp#27;[32m&amp#27;[1m"4.99"&amp#27;[0m&amp#27;[32m, and, &amp#27;[0m&amp#27;[32m&amp#27;[1m"1.0"&amp#27;[0m &amp#27;[90m# com.skillstorm.cucumber.CandyStepDefinitions.iInputTheCandyInformation(java.lang.String,java.lang.String,java.lang.String,java.lang.String,java.lang.String)&amp#27;[0m
  &amp#27;[32mAnd &amp#27;[0m&amp#27;[32mI click the ADD CANDY button&amp#27;[0m                                                 &amp#27;[90m# com.skillstorm.cucumber.CandyStepDefinitions.iClickTheAddCandyButton()&amp#27;[0m
  &amp#27;[32mThen &amp#27;[0m&amp#27;[32mI should see the newly created candy on the list&amp#27;[0m                            &amp#27;[90m# com.skillstorm.cucumber.CandyStepDefinitions.iShouldSeeTheNewlyCreatedCandyOnTheList()&amp#27;[0m
]]></system-out>
    <system-err><![CDATA[SLF4J: Failed to load class "org.slf4j.impl.StaticLoggerBinder".
SLF4J: Defaulting to no-operation (NOP) logger implementation
SLF4J: See http://www.slf4j.org/codes.html#StaticLoggerBinder for further details.
Sep 05, 2024 5:57:04 PM org.openqa.selenium.devtools.CdpVersionFinder findNearestMatch
WARNING: Unable to find an exact match for CDP version 128, returning the closest version; found: 127; Please update to a Selenium version that supports CDP version 128
]]></system-err>
  </testcase>
  <testcase name="runScenario[&quot;Creating a Candy with Invalid Data&quot;, &quot;Candy CRUD Operations&quot;](2)" classname="com.skillstorm.RunCucumberTest" time="13.624">
    <system-out><![CDATA[
@Candy
Scenario Outline: Creating a Candy with Invalid Data                  &amp#27;[90m# com/skillstorm//candy.feature:23&amp#27;[0m
  &amp#27;[32mGiven &amp#27;[0m&amp#27;[32mI am on the Candy Inventory page&amp#27;[0m                              &amp#27;[90m# com.skillstorm.cucumber.CandyStepDefinitions.iAmOnTheCandyInventoryPage()&amp#27;[0m
  &amp#27;[32mWhen &amp#27;[0m&amp#27;[32mI input the candy &amp#27;[0m&amp#27;[32m&amp#27;[1m""&amp#27;[0m&amp#27;[32m, &amp#27;[0m&amp#27;[32m&amp#27;[1m"Sour Candy"&amp#27;[0m&amp#27;[32m, &amp#27;[0m&amp#27;[32m&amp#27;[1m"Sour"&amp#27;[0m&amp#27;[32m, &amp#27;[0m&amp#27;[32m&amp#27;[1m"4.99"&amp#27;[0m&amp#27;[32m, and, &amp#27;[0m&amp#27;[32m&amp#27;[1m"1.0"&amp#27;[0m &amp#27;[90m# com.skillstorm.cucumber.CandyStepDefinitions.iInputTheCandyInformation(java.lang.String,java.lang.String,java.lang.String,java.lang.String,java.lang.String)&amp#27;[0m
  &amp#27;[32mAnd &amp#27;[0m&amp#27;[32mI click on the ADD CANDY button&amp#27;[0m                                 &amp#27;[90m# com.skillstorm.cucumber.CandyStepDefinitions.iClickOnTheAddCandyButton()&amp#27;[0m
  &amp#27;[32mThen &amp#27;[0m&amp#27;[32mI should see an error message &amp#27;[0m&amp#27;[32m&amp#27;[1m"Name is required"&amp#27;[0m               &amp#27;[90m# com.skillstorm.cucumber.CandyStepDefinitions.shouldSeeErrorMsg(java.lang.String)&amp#27;[0m
]]></system-out>
    <system-err><![CDATA[Sep 05, 2024 5:57:18 PM org.openqa.selenium.devtools.CdpVersionFinder findNearestMatch
WARNING: Unable to find an exact match for CDP version 128, returning the closest version; found: 127; Please update to a Selenium version that supports CDP version 128
]]></system-err>
  </testcase>
  <testcase name="runScenario[&quot;Creating a Candy with Invalid Data&quot;, &quot;Candy CRUD Operations&quot;](3)" classname="com.skillstorm.RunCucumberTest" time="12.595">
    <system-out><![CDATA[
@Candy
Scenario Outline: Creating a Candy with Invalid Data                     &amp#27;[90m# com/skillstorm//candy.feature:24&amp#27;[0m
  &amp#27;[32mGiven &amp#27;[0m&amp#27;[32mI am on the Candy Inventory page&amp#27;[0m                                 &amp#27;[90m# com.skillstorm.cucumber.CandyStepDefinitions.iAmOnTheCandyInventoryPage()&amp#27;[0m
  &amp#27;[32mWhen &amp#27;[0m&amp#27;[32mI input the candy &amp#27;[0m&amp#27;[32m&amp#27;[1m"Sour Skittles"&amp#27;[0m&amp#27;[32m, &amp#27;[0m&amp#27;[32m&amp#27;[1m""&amp#27;[0m&amp#27;[32m, &amp#27;[0m&amp#27;[32m&amp#27;[1m"Sour"&amp#27;[0m&amp#27;[32m, &amp#27;[0m&amp#27;[32m&amp#27;[1m"4.99"&amp#27;[0m&amp#27;[32m, and, &amp#27;[0m&amp#27;[32m&amp#27;[1m"1.0"&amp#27;[0m &amp#27;[90m# com.skillstorm.cucumber.CandyStepDefinitions.iInputTheCandyInformation(java.lang.String,java.lang.String,java.lang.String,java.lang.String,java.lang.String)&amp#27;[0m
  &amp#27;[32mAnd &amp#27;[0m&amp#27;[32mI click on the ADD CANDY button&amp#27;[0m                                    &amp#27;[90m# com.skillstorm.cucumber.CandyStepDefinitions.iClickOnTheAddCandyButton()&amp#27;[0m
  &amp#27;[32mThen &amp#27;[0m&amp#27;[32mI should see an error message &amp#27;[0m&amp#27;[32m&amp#27;[1m"Candy type is required"&amp#27;[0m            &amp#27;[90m# com.skillstorm.cucumber.CandyStepDefinitions.shouldSeeErrorMsg(java.lang.String)&amp#27;[0m
]]></system-out>
    <system-err><![CDATA[Sep 05, 2024 5:57:32 PM org.openqa.selenium.devtools.CdpVersionFinder findNearestMatch
WARNING: Unable to find an exact match for CDP version 128, returning the closest version; found: 127; Please update to a Selenium version that supports CDP version 128
]]></system-err>
  </testcase>
  <testcase name="runScenario[&quot;Creating a Candy with Invalid Data&quot;, &quot;Candy CRUD Operations&quot;](4)" classname="com.skillstorm.RunCucumberTest" time="13.601">
    <system-out><![CDATA[
@Candy
Scenario Outline: Creating a Candy with Invalid Data                           &amp#27;[90m# com/skillstorm//candy.feature:25&amp#27;[0m
  &amp#27;[32mGiven &amp#27;[0m&amp#27;[32mI am on the Candy Inventory page&amp#27;[0m                                       &amp#27;[90m# com.skillstorm.cucumber.CandyStepDefinitions.iAmOnTheCandyInventoryPage()&amp#27;[0m
  &amp#27;[32mWhen &amp#27;[0m&amp#27;[32mI input the candy &amp#27;[0m&amp#27;[32m&amp#27;[1m"Sour Skittles"&amp#27;[0m&amp#27;[32m, &amp#27;[0m&amp#27;[32m&amp#27;[1m"Sour Candy"&amp#27;[0m&amp#27;[32m, &amp#27;[0m&amp#27;[32m&amp#27;[1m""&amp#27;[0m&amp#27;[32m, &amp#27;[0m&amp#27;[32m&amp#27;[1m"4.99"&amp#27;[0m&amp#27;[32m, and, &amp#27;[0m&amp#27;[32m&amp#27;[1m"1.0"&amp#27;[0m &amp#27;[90m# com.skillstorm.cucumber.CandyStepDefinitions.iInputTheCandyInformation(java.lang.String,java.lang.String,java.lang.String,java.lang.String,java.lang.String)&amp#27;[0m
  &amp#27;[32mAnd &amp#27;[0m&amp#27;[32mI click on the ADD CANDY button&amp#27;[0m                                          &amp#27;[90m# com.skillstorm.cucumber.CandyStepDefinitions.iClickOnTheAddCandyButton()&amp#27;[0m
  &amp#27;[32mThen &amp#27;[0m&amp#27;[32mI should see an error message &amp#27;[0m&amp#27;[32m&amp#27;[1m"Flavor is required"&amp#27;[0m                      &amp#27;[90m# com.skillstorm.cucumber.CandyStepDefinitions.shouldSeeErrorMsg(java.lang.String)&amp#27;[0m
]]></system-out>
    <system-err><![CDATA[Sep 05, 2024 5:57:45 PM org.openqa.selenium.devtools.CdpVersionFinder findNearestMatch
WARNING: Unable to find an exact match for CDP version 128, returning the closest version; found: 127; Please update to a Selenium version that supports CDP version 128
]]></system-err>
  </testcase>
  <testcase name="runScenario[&quot;Creating a Candy with Invalid Data&quot;, &quot;Candy CRUD Operations&quot;](5)" classname="com.skillstorm.RunCucumberTest" time="13.513">
    <system-out><![CDATA[
@Candy
Scenario Outline: Creating a Candy with Invalid Data                                                     &amp#27;[90m# com/skillstorm//candy.feature:26&amp#27;[0m
  &amp#27;[32mGiven &amp#27;[0m&amp#27;[32mI am on the Candy Inventory page&amp#27;[0m                                                                 &amp#27;[90m# com.skillstorm.cucumber.CandyStepDefinitions.iAmOnTheCandyInventoryPage()&amp#27;[0m
  &amp#27;[32mWhen &amp#27;[0m&amp#27;[32mI input the candy &amp#27;[0m&amp#27;[32m&amp#27;[1m"Sour Skittles"&amp#27;[0m&amp#27;[32m, &amp#27;[0m&amp#27;[32m&amp#27;[1m"Sour Candy"&amp#27;[0m&amp#27;[32m, &amp#27;[0m&amp#27;[32m&amp#27;[1m"Sour"&amp#27;[0m&amp#27;[32m, &amp#27;[0m&amp#27;[32m&amp#27;[1m""&amp#27;[0m&amp#27;[32m, and, &amp#27;[0m&amp#27;[32m&amp#27;[1m"1.0"&amp#27;[0m                           &amp#27;[90m# com.skillstorm.cucumber.CandyStepDefinitions.iInputTheCandyInformation(java.lang.String,java.lang.String,java.lang.String,java.lang.String,java.lang.String)&amp#27;[0m
  &amp#27;[32mAnd &amp#27;[0m&amp#27;[32mI click on the ADD CANDY button&amp#27;[0m                                                                    &amp#27;[90m# com.skillstorm.cucumber.CandyStepDefinitions.iClickOnTheAddCandyButton()&amp#27;[0m
  &amp#27;[32mThen &amp#27;[0m&amp#27;[32mI should see an error message &amp#27;[0m&amp#27;[32m&amp#27;[1m"Price must be a positive number, and Price cannot contain letters"&amp#27;[0m &amp#27;[90m# com.skillstorm.cucumber.CandyStepDefinitions.shouldSeeErrorMsg(java.lang.String)&amp#27;[0m
]]></system-out>
    <system-err><![CDATA[Sep 05, 2024 5:57:58 PM org.openqa.selenium.devtools.CdpVersionFinder findNearestMatch
WARNING: Unable to find an exact match for CDP version 128, returning the closest version; found: 127; Please update to a Selenium version that supports CDP version 128
]]></system-err>
  </testcase>
  <testcase name="runScenario[&quot;Creating a Candy with Invalid Data&quot;, &quot;Candy CRUD Operations&quot;](6)" classname="com.skillstorm.RunCucumberTest" time="13.558">
    <system-out><![CDATA[
@Candy
Scenario Outline: Creating a Candy with Invalid Data                                                       &amp#27;[90m# com/skillstorm//candy.feature:27&amp#27;[0m
  &amp#27;[32mGiven &amp#27;[0m&amp#27;[32mI am on the Candy Inventory page&amp#27;[0m                                                                   &amp#27;[90m# com.skillstorm.cucumber.CandyStepDefinitions.iAmOnTheCandyInventoryPage()&amp#27;[0m
  &amp#27;[32mWhen &amp#27;[0m&amp#27;[32mI input the candy &amp#27;[0m&amp#27;[32m&amp#27;[1m"Sour Skittles"&amp#27;[0m&amp#27;[32m, &amp#27;[0m&amp#27;[32m&amp#27;[1m"Sour Candy"&amp#27;[0m&amp#27;[32m, &amp#27;[0m&amp#27;[32m&amp#27;[1m"Sour"&amp#27;[0m&amp#27;[32m, &amp#27;[0m&amp#27;[32m&amp#27;[1m"4.99"&amp#27;[0m&amp#27;[32m, and, &amp#27;[0m&amp#27;[32m&amp#27;[1m""&amp#27;[0m                            &amp#27;[90m# com.skillstorm.cucumber.CandyStepDefinitions.iInputTheCandyInformation(java.lang.String,java.lang.String,java.lang.String,java.lang.String,java.lang.String)&amp#27;[0m
  &amp#27;[32mAnd &amp#27;[0m&amp#27;[32mI click on the ADD CANDY button&amp#27;[0m                                                                      &amp#27;[90m# com.skillstorm.cucumber.CandyStepDefinitions.iClickOnTheAddCandyButton()&amp#27;[0m
  &amp#27;[32mThen &amp#27;[0m&amp#27;[32mI should see an error message &amp#27;[0m&amp#27;[32m&amp#27;[1m"Weight must be a positive number, and Weight cannot contain letters"&amp#27;[0m &amp#27;[90m# com.skillstorm.cucumber.CandyStepDefinitions.shouldSeeErrorMsg(java.lang.String)&amp#27;[0m
]]></system-out>
    <system-err><![CDATA[Sep 05, 2024 5:58:12 PM org.openqa.selenium.devtools.CdpVersionFinder findNearestMatch
WARNING: Unable to find an exact match for CDP version 128, returning the closest version; found: 127; Please update to a Selenium version that supports CDP version 128
]]></system-err>
  </testcase>
  <testcase name="runScenario[&quot;Creating a Candy with Invalid Data&quot;, &quot;Candy CRUD Operations&quot;](7)" classname="com.skillstorm.RunCucumberTest" time="13.577">
    <system-out><![CDATA[
@Candy
Scenario Outline: Creating a Candy with Invalid Data                                &amp#27;[90m# com/skillstorm//candy.feature:28&amp#27;[0m
  &amp#27;[32mGiven &amp#27;[0m&amp#27;[32mI am on the Candy Inventory page&amp#27;[0m                                            &amp#27;[90m# com.skillstorm.cucumber.CandyStepDefinitions.iAmOnTheCandyInventoryPage()&amp#27;[0m
  &amp#27;[32mWhen &amp#27;[0m&amp#27;[32mI input the candy &amp#27;[0m&amp#27;[32m&amp#27;[1m"Sour Skittles"&amp#27;[0m&amp#27;[32m, &amp#27;[0m&amp#27;[32m&amp#27;[1m"Sour Candy"&amp#27;[0m&amp#27;[32m, &amp#27;[0m&amp#27;[32m&amp#27;[1m"Sour"&amp#27;[0m&amp#27;[32m, &amp#27;[0m&amp#27;[32m&amp#27;[1m"-1.00"&amp#27;[0m&amp#27;[32m, and, &amp#27;[0m&amp#27;[32m&amp#27;[1m"1.0"&amp#27;[0m &amp#27;[90m# com.skillstorm.cucumber.CandyStepDefinitions.iInputTheCandyInformation(java.lang.String,java.lang.String,java.lang.String,java.lang.String,java.lang.String)&amp#27;[0m
  &amp#27;[32mAnd &amp#27;[0m&amp#27;[32mI click on the ADD CANDY button&amp#27;[0m                                               &amp#27;[90m# com.skillstorm.cucumber.CandyStepDefinitions.iClickOnTheAddCandyButton()&amp#27;[0m
  &amp#27;[32mThen &amp#27;[0m&amp#27;[32mI should see an error message &amp#27;[0m&amp#27;[32m&amp#27;[1m"Price must be a positive number"&amp#27;[0m              &amp#27;[90m# com.skillstorm.cucumber.CandyStepDefinitions.shouldSeeErrorMsg(java.lang.String)&amp#27;[0m
]]></system-out>
    <system-err><![CDATA[Sep 05, 2024 5:58:25 PM org.openqa.selenium.devtools.CdpVersionFinder findNearestMatch
WARNING: Unable to find an exact match for CDP version 128, returning the closest version; found: 127; Please update to a Selenium version that supports CDP version 128
]]></system-err>
  </testcase>
  <testcase name="runScenario[&quot;Creating a Candy with Invalid Data&quot;, &quot;Candy CRUD Operations&quot;](8)" classname="com.skillstorm.RunCucumberTest" time="13.66">
    <system-out><![CDATA[
@Candy
Scenario Outline: Creating a Candy with Invalid Data                                &amp#27;[90m# com/skillstorm//candy.feature:29&amp#27;[0m
  &amp#27;[32mGiven &amp#27;[0m&amp#27;[32mI am on the Candy Inventory page&amp#27;[0m                                            &amp#27;[90m# com.skillstorm.cucumber.CandyStepDefinitions.iAmOnTheCandyInventoryPage()&amp#27;[0m
  &amp#27;[32mWhen &amp#27;[0m&amp#27;[32mI input the candy &amp#27;[0m&amp#27;[32m&amp#27;[1m"Sour Skittles"&amp#27;[0m&amp#27;[32m, &amp#27;[0m&amp#27;[32m&amp#27;[1m"Sour Candy"&amp#27;[0m&amp#27;[32m, &amp#27;[0m&amp#27;[32m&amp#27;[1m"Sour"&amp#27;[0m&amp#27;[32m, &amp#27;[0m&amp#27;[32m&amp#27;[1m"4.99"&amp#27;[0m&amp#27;[32m, and, &amp#27;[0m&amp#27;[32m&amp#27;[1m"-0.5"&amp#27;[0m &amp#27;[90m# com.skillstorm.cucumber.CandyStepDefinitions.iInputTheCandyInformation(java.lang.String,java.lang.String,java.lang.String,java.lang.String,java.lang.String)&amp#27;[0m
  &amp#27;[32mAnd &amp#27;[0m&amp#27;[32mI click on the ADD CANDY button&amp#27;[0m                                               &amp#27;[90m# com.skillstorm.cucumber.CandyStepDefinitions.iClickOnTheAddCandyButton()&amp#27;[0m
  &amp#27;[32mThen &amp#27;[0m&amp#27;[32mI should see an error message &amp#27;[0m&amp#27;[32m&amp#27;[1m"Weight must be a positive number"&amp#27;[0m             &amp#27;[90m# com.skillstorm.cucumber.CandyStepDefinitions.shouldSeeErrorMsg(java.lang.String)&amp#27;[0m
]]></system-out>
    <system-err><![CDATA[Sep 05, 2024 5:58:39 PM org.openqa.selenium.devtools.CdpVersionFinder findNearestMatch
WARNING: Unable to find an exact match for CDP version 128, returning the closest version; found: 127; Please update to a Selenium version that supports CDP version 128
]]></system-err>
  </testcase>
  <testcase name="runScenario[&quot;Creating a Candy with Invalid Data&quot;, &quot;Candy CRUD Operations&quot;](9)" classname="com.skillstorm.RunCucumberTest" time="13.559">
    <system-out><![CDATA[
@Candy
Scenario Outline: Creating a Candy with Invalid Data                               &amp#27;[90m# com/skillstorm//candy.feature:30&amp#27;[0m
  &amp#27;[32mGiven &amp#27;[0m&amp#27;[32mI am on the Candy Inventory page&amp#27;[0m                                           &amp#27;[90m# com.skillstorm.cucumber.CandyStepDefinitions.iAmOnTheCandyInventoryPage()&amp#27;[0m
  &amp#27;[32mWhen &amp#27;[0m&amp#27;[32mI input the candy &amp#27;[0m&amp#27;[32m&amp#27;[1m"Sour Skittles"&amp#27;[0m&amp#27;[32m, &amp#27;[0m&amp#27;[32m&amp#27;[1m"Sour Candy"&amp#27;[0m&amp#27;[32m, &amp#27;[0m&amp#27;[32m&amp#27;[1m"Sour"&amp#27;[0m&amp#27;[32m, &amp#27;[0m&amp#27;[32m&amp#27;[1m"abcd"&amp#27;[0m&amp#27;[32m, and, &amp#27;[0m&amp#27;[32m&amp#27;[1m"1.0"&amp#27;[0m &amp#27;[90m# com.skillstorm.cucumber.CandyStepDefinitions.iInputTheCandyInformation(java.lang.String,java.lang.String,java.lang.String,java.lang.String,java.lang.String)&amp#27;[0m
  &amp#27;[32mAnd &amp#27;[0m&amp#27;[32mI click on the ADD CANDY button&amp#27;[0m                                              &amp#27;[90m# com.skillstorm.cucumber.CandyStepDefinitions.iClickOnTheAddCandyButton()&amp#27;[0m
  &amp#27;[32mThen &amp#27;[0m&amp#27;[32mI should see an error message &amp#27;[0m&amp#27;[32m&amp#27;[1m"Price cannot contain letters"&amp#27;[0m                &amp#27;[90m# com.skillstorm.cucumber.CandyStepDefinitions.shouldSeeErrorMsg(java.lang.String)&amp#27;[0m
]]></system-out>
    <system-err><![CDATA[Sep 05, 2024 5:58:52 PM org.openqa.selenium.devtools.CdpVersionFinder findNearestMatch
WARNING: Unable to find an exact match for CDP version 128, returning the closest version; found: 127; Please update to a Selenium version that supports CDP version 128
]]></system-err>
  </testcase>
  <testcase name="runScenario[&quot;Creating a Candy with Invalid Data&quot;, &quot;Candy CRUD Operations&quot;](10)" classname="com.skillstorm.RunCucumberTest" time="13.645">
    <system-out><![CDATA[
@Candy
Scenario Outline: Creating a Candy with Invalid Data                               &amp#27;[90m# com/skillstorm//candy.feature:31&amp#27;[0m
  &amp#27;[32mGiven &amp#27;[0m&amp#27;[32mI am on the Candy Inventory page&amp#27;[0m                                           &amp#27;[90m# com.skillstorm.cucumber.CandyStepDefinitions.iAmOnTheCandyInventoryPage()&amp#27;[0m
  &amp#27;[32mWhen &amp#27;[0m&amp#27;[32mI input the candy &amp#27;[0m&amp#27;[32m&amp#27;[1m"Sour Skittles"&amp#27;[0m&amp#27;[32m, &amp#27;[0m&amp#27;[32m&amp#27;[1m"Sour Candy"&amp#27;[0m&amp#27;[32m, &amp#27;[0m&amp#27;[32m&amp#27;[1m"Sour"&amp#27;[0m&amp#27;[32m, &amp#27;[0m&amp#27;[32m&amp#27;[1m"4.99"&amp#27;[0m&amp#27;[32m, and, &amp#27;[0m&amp#27;[32m&amp#27;[1m"xyz"&amp#27;[0m &amp#27;[90m# com.skillstorm.cucumber.CandyStepDefinitions.iInputTheCandyInformation(java.lang.String,java.lang.String,java.lang.String,java.lang.String,java.lang.String)&amp#27;[0m
  &amp#27;[32mAnd &amp#27;[0m&amp#27;[32mI click on the ADD CANDY button&amp#27;[0m                                              &amp#27;[90m# com.skillstorm.cucumber.CandyStepDefinitions.iClickOnTheAddCandyButton()&amp#27;[0m
  &amp#27;[32mThen &amp#27;[0m&amp#27;[32mI should see an error message &amp#27;[0m&amp#27;[32m&amp#27;[1m"Weight cannot contain letters"&amp#27;[0m               &amp#27;[90m# com.skillstorm.cucumber.CandyStepDefinitions.shouldSeeErrorMsg(java.lang.String)&amp#27;[0m
]]></system-out>
    <system-err><![CDATA[Sep 05, 2024 5:59:06 PM org.openqa.selenium.devtools.CdpVersionFinder findNearestMatch
WARNING: Unable to find an exact match for CDP version 128, returning the closest version; found: 127; Please update to a Selenium version that supports CDP version 128
]]></system-err>
  </testcase>
  <testcase name="runScenario[&quot;Successful view of candy list&quot;, &quot;Candy CRUD Operations&quot;](11)" classname="com.skillstorm.RunCucumberTest" time="8.239">
    <system-out><![CDATA[
@Candy
Scenario: Successful view of candy list        &amp#27;[90m# com/skillstorm//candy.feature:34&amp#27;[0m
  &amp#27;[32mGiven &amp#27;[0m&amp#27;[32mI am on the Home page&amp#27;[0m                  &amp#27;[90m# com.skillstorm.cucumber.CandyStepDefinitions.iAmOnTheHomePage()&amp#27;[0m
  &amp#27;[32mWhen &amp#27;[0m&amp#27;[32mI navigate to Candy Inventory&amp#27;[0m           &amp#27;[90m# com.skillstorm.cucumber.CandyStepDefinitions.iNavigateToTheCandyInventory()&amp#27;[0m
  &amp#27;[32mThen &amp#27;[0m&amp#27;[32mlist of all candies should be displayed&amp#27;[0m &amp#27;[90m# com.skillstorm.cucumber.CandyStepDefinitions.theListOfAllCandiesShouldBeDisplayed()&amp#27;[0m
]]></system-out>
    <system-err><![CDATA[Sep 05, 2024 5:59:20 PM org.openqa.selenium.devtools.CdpVersionFinder findNearestMatch
WARNING: Unable to find an exact match for CDP version 128, returning the closest version; found: 127; Please update to a Selenium version that supports CDP version 128
]]></system-err>
  </testcase>
  <testcase name="runScenario[&quot;Updating a Candy&quot;, &quot;Candy CRUD Operations&quot;](12)" classname="com.skillstorm.RunCucumberTest" time="15.112">
    <system-out><![CDATA[
@Candy
Scenario Outline: Updating a Candy                                                                   &amp#27;[90m# com/skillstorm//candy.feature:50&amp#27;[0m
  &amp#27;[32mGiven &amp#27;[0m&amp#27;[32mI am on the Candy Inventory page&amp#27;[0m                                                             &amp#27;[90m# com.skillstorm.cucumber.CandyStepDefinitions.iAmOnTheCandyInventoryPage()&amp#27;[0m
  &amp#27;[32mWhen &amp#27;[0m&amp#27;[32mI click the edit icon for the candy I want to edit&amp#27;[0m                                            &amp#27;[90m# com.skillstorm.cucumber.CandyStepDefinitions.iClickTheEditIconForTheCandyIWantToEdit()&amp#27;[0m
  &amp#27;[32mAnd &amp#27;[0m&amp#27;[32mI change the &amp#27;[0m&amp#27;[32m&amp#27;[1m"Sour Strawberry Belt Bulk Bag"&amp#27;[0m&amp#27;[32m, &amp#27;[0m&amp#27;[32m&amp#27;[1m"Sour Candy"&amp#27;[0m&amp#27;[32m, &amp#27;[0m&amp#27;[32m&amp#27;[1m"Blueberry"&amp#27;[0m&amp#27;[32m, &amp#27;[0m&amp#27;[32m&amp#27;[1m"10.00"&amp#27;[0m&amp#27;[32m, and/or &amp#27;[0m&amp#27;[32m&amp#27;[1m"1.0"&amp#27;[0m &amp#27;[90m# com.skillstorm.cucumber.CandyStepDefinitions.iChangeCandyInfoWithValidInfo(java.lang.String,java.lang.String,java.lang.String,java.lang.String,java.lang.String)&amp#27;[0m
  &amp#27;[32mAnd &amp#27;[0m&amp#27;[32mI click the UPDATE CANDY button&amp#27;[0m                                                                &amp#27;[90m# com.skillstorm.cucumber.CandyStepDefinitions.iClickTheUpdateCandyButton()&amp#27;[0m
  &amp#27;[32mThen &amp#27;[0m&amp#27;[32mI should see the updated candy in the candy table&amp#27;[0m                                             &amp#27;[90m# com.skillstorm.cucumber.CandyStepDefinitions.iShouldSeeTheUpdatedCandyInTheCandyTable()&amp#27;[0m
]]></system-out>
    <system-err><![CDATA[Sep 05, 2024 5:59:28 PM org.openqa.selenium.devtools.CdpVersionFinder findNearestMatch
WARNING: Unable to find an exact match for CDP version 128, returning the closest version; found: 127; Please update to a Selenium version that supports CDP version 128
]]></system-err>
  </testcase>
  <testcase name="runScenario[&quot;Updating a Candy with Invalid Data&quot;, &quot;Candy CRUD Operations&quot;](13)" classname="com.skillstorm.RunCucumberTest" time="14.126">
    <system-out><![CDATA[
@Candy
Scenario Outline: Updating a Candy with Invalid Data               &amp#27;[90m# com/skillstorm//candy.feature:61&amp#27;[0m
  &amp#27;[32mGiven &amp#27;[0m&amp#27;[32mI am on the Candy Inventory page&amp#27;[0m                           &amp#27;[90m# com.skillstorm.cucumber.CandyStepDefinitions.iAmOnTheCandyInventoryPage()&amp#27;[0m
  &amp#27;[32mWhen &amp#27;[0m&amp#27;[32mI click the edit icon for the candy I want to edit&amp#27;[0m          &amp#27;[90m# com.skillstorm.cucumber.CandyStepDefinitions.iClickTheEditIconForTheCandyIWantToEdit()&amp#27;[0m
  &amp#27;[32mAnd &amp#27;[0m&amp#27;[32mI change the &amp#27;[0m&amp#27;[32m&amp#27;[1m""&amp#27;[0m&amp#27;[32m, &amp#27;[0m&amp#27;[32m&amp#27;[1m"Sour Candy"&amp#27;[0m&amp#27;[32m, &amp#27;[0m&amp#27;[32m&amp#27;[1m"Sour"&amp#27;[0m&amp#27;[32m, &amp#27;[0m&amp#27;[32m&amp#27;[1m"10.00"&amp#27;[0m&amp#27;[32m, and/or &amp#27;[0m&amp#27;[32m&amp#27;[1m"1.0"&amp#27;[0m &amp#27;[90m# com.skillstorm.cucumber.CandyStepDefinitions.iChangeCandyInfoWithValidInfo(java.lang.String,java.lang.String,java.lang.String,java.lang.String,java.lang.String)&amp#27;[0m
  &amp#27;[32mAnd &amp#27;[0m&amp#27;[32mI click on the UPDATE CANDY button&amp#27;[0m                           &amp#27;[90m# com.skillstorm.cucumber.CandyStepDefinitions.iClickOnTheUpdateCandyButton()&amp#27;[0m
  &amp#27;[32mThen &amp#27;[0m&amp#27;[32mI should see an error message &amp#27;[0m&amp#27;[32m&amp#27;[1m"Name is required"&amp#27;[0m            &amp#27;[90m# com.skillstorm.cucumber.CandyStepDefinitions.shouldSeeErrorMsg(java.lang.String)&amp#27;[0m
]]></system-out>
    <system-err><![CDATA[Sep 05, 2024 5:59:43 PM org.openqa.selenium.devtools.CdpVersionFinder findNearestMatch
WARNING: Unable to find an exact match for CDP version 128, returning the closest version; found: 127; Please update to a Selenium version that supports CDP version 128
]]></system-err>
  </testcase>
  <testcase name="runScenario[&quot;Updating a Candy with Invalid Data&quot;, &quot;Candy CRUD Operations&quot;](14)" classname="com.skillstorm.RunCucumberTest" time="14.38">
    <system-out><![CDATA[
@Candy
Scenario Outline: Updating a Candy with Invalid Data                                  &amp#27;[90m# com/skillstorm//candy.feature:62&amp#27;[0m
  &amp#27;[32mGiven &amp#27;[0m&amp#27;[32mI am on the Candy Inventory page&amp#27;[0m                                              &amp#27;[90m# com.skillstorm.cucumber.CandyStepDefinitions.iAmOnTheCandyInventoryPage()&amp#27;[0m
  &amp#27;[32mWhen &amp#27;[0m&amp#27;[32mI click the edit icon for the candy I want to edit&amp#27;[0m                             &amp#27;[90m# com.skillstorm.cucumber.CandyStepDefinitions.iClickTheEditIconForTheCandyIWantToEdit()&amp#27;[0m
  &amp#27;[32mAnd &amp#27;[0m&amp#27;[32mI change the &amp#27;[0m&amp#27;[32m&amp#27;[1m"Sour Strawberry Belt Bulk Bag"&amp#27;[0m&amp#27;[32m, &amp#27;[0m&amp#27;[32m&amp#27;[1m""&amp#27;[0m&amp#27;[32m, &amp#27;[0m&amp#27;[32m&amp#27;[1m"Sour"&amp#27;[0m&amp#27;[32m, &amp#27;[0m&amp#27;[32m&amp#27;[1m"10.00"&amp#27;[0m&amp#27;[32m, and/or &amp#27;[0m&amp#27;[32m&amp#27;[1m"1.0"&amp#27;[0m &amp#27;[90m# com.skillstorm.cucumber.CandyStepDefinitions.iChangeCandyInfoWithValidInfo(java.lang.String,java.lang.String,java.lang.String,java.lang.String,java.lang.String)&amp#27;[0m
  &amp#27;[32mAnd &amp#27;[0m&amp#27;[32mI click on the UPDATE CANDY button&amp#27;[0m                                              &amp#27;[90m# com.skillstorm.cucumber.CandyStepDefinitions.iClickOnTheUpdateCandyButton()&amp#27;[0m
  &amp#27;[32mThen &amp#27;[0m&amp#27;[32mI should see an error message &amp#27;[0m&amp#27;[32m&amp#27;[1m"Candy type is required"&amp#27;[0m                         &amp#27;[90m# com.skillstorm.cucumber.CandyStepDefinitions.shouldSeeErrorMsg(java.lang.String)&amp#27;[0m
]]></system-out>
    <system-err><![CDATA[Sep 05, 2024 5:59:57 PM org.openqa.selenium.devtools.CdpVersionFinder findNearestMatch
WARNING: Unable to find an exact match for CDP version 128, returning the closest version; found: 127; Please update to a Selenium version that supports CDP version 128
]]></system-err>
  </testcase>
  <testcase name="runScenario[&quot;Updating a Candy with Invalid Data&quot;, &quot;Candy CRUD Operations&quot;](15)" classname="com.skillstorm.RunCucumberTest" time="14.153">
    <system-out><![CDATA[
@Candy
Scenario Outline: Updating a Candy with Invalid Data                                        &amp#27;[90m# com/skillstorm//candy.feature:63&amp#27;[0m
  &amp#27;[32mGiven &amp#27;[0m&amp#27;[32mI am on the Candy Inventory page&amp#27;[0m                                                    &amp#27;[90m# com.skillstorm.cucumber.CandyStepDefinitions.iAmOnTheCandyInventoryPage()&amp#27;[0m
  &amp#27;[32mWhen &amp#27;[0m&amp#27;[32mI click the edit icon for the candy I want to edit&amp#27;[0m                                   &amp#27;[90m# com.skillstorm.cucumber.CandyStepDefinitions.iClickTheEditIconForTheCandyIWantToEdit()&amp#27;[0m
  &amp#27;[32mAnd &amp#27;[0m&amp#27;[32mI change the &amp#27;[0m&amp#27;[32m&amp#27;[1m"Sour Strawberry Belt Bulk Bag"&amp#27;[0m&amp#27;[32m, &amp#27;[0m&amp#27;[32m&amp#27;[1m"Sour Candy"&amp#27;[0m&amp#27;[32m, &amp#27;[0m&amp#27;[32m&amp#27;[1m""&amp#27;[0m&amp#27;[32m, &amp#27;[0m&amp#27;[32m&amp#27;[1m"10.00"&amp#27;[0m&amp#27;[32m, and/or &amp#27;[0m&amp#27;[32m&amp#27;[1m"1.0"&amp#27;[0m &amp#27;[90m# com.skillstorm.cucumber.CandyStepDefinitions.iChangeCandyInfoWithValidInfo(java.lang.String,java.lang.String,java.lang.String,java.lang.String,java.lang.String)&amp#27;[0m
  &amp#27;[32mAnd &amp#27;[0m&amp#27;[32mI click on the UPDATE CANDY button&amp#27;[0m                                                    &amp#27;[90m# com.skillstorm.cucumber.CandyStepDefinitions.iClickOnTheUpdateCandyButton()&amp#27;[0m
  &amp#27;[32mThen &amp#27;[0m&amp#27;[32mI should see an error message &amp#27;[0m&amp#27;[32m&amp#27;[1m"Flavor is required"&amp#27;[0m                                   &amp#27;[90m# com.skillstorm.cucumber.CandyStepDefinitions.shouldSeeErrorMsg(java.lang.String)&amp#27;[0m
]]></system-out>
    <system-err><![CDATA[Sep 05, 2024 6:00:11 PM org.openqa.selenium.devtools.CdpVersionFinder findNearestMatch
WARNING: Unable to find an exact match for CDP version 128, returning the closest version; found: 127; Please update to a Selenium version that supports CDP version 128
]]></system-err>
  </testcase>
  <testcase name="runScenario[&quot;Updating a Candy with Invalid Data&quot;, &quot;Candy CRUD Operations&quot;](16)" classname="com.skillstorm.RunCucumberTest" time="14.264">
    <system-out><![CDATA[
@Candy
Scenario Outline: Updating a Candy with Invalid Data                                                     &amp#27;[90m# com/skillstorm//candy.feature:64&amp#27;[0m
  &amp#27;[32mGiven &amp#27;[0m&amp#27;[32mI am on the Candy Inventory page&amp#27;[0m                                                                 &amp#27;[90m# com.skillstorm.cucumber.CandyStepDefinitions.iAmOnTheCandyInventoryPage()&amp#27;[0m
  &amp#27;[32mWhen &amp#27;[0m&amp#27;[32mI click the edit icon for the candy I want to edit&amp#27;[0m                                                &amp#27;[90m# com.skillstorm.cucumber.CandyStepDefinitions.iClickTheEditIconForTheCandyIWantToEdit()&amp#27;[0m
  &amp#27;[32mAnd &amp#27;[0m&amp#27;[32mI change the &amp#27;[0m&amp#27;[32m&amp#27;[1m"Sour Strawberry Belt Bulk Bag"&amp#27;[0m&amp#27;[32m, &amp#27;[0m&amp#27;[32m&amp#27;[1m"Sour Candy"&amp#27;[0m&amp#27;[32m, &amp#27;[0m&amp#27;[32m&amp#27;[1m"Sour"&amp#27;[0m&amp#27;[32m, &amp#27;[0m&amp#27;[32m&amp#27;[1m""&amp#27;[0m&amp#27;[32m, and/or &amp#27;[0m&amp#27;[32m&amp#27;[1m"1.0"&amp#27;[0m               &amp#27;[90m# com.skillstorm.cucumber.CandyStepDefinitions.iChangeCandyInfoWithValidInfo(java.lang.String,java.lang.String,java.lang.String,java.lang.String,java.lang.String)&amp#27;[0m
  &amp#27;[32mAnd &amp#27;[0m&amp#27;[32mI click on the UPDATE CANDY button&amp#27;[0m                                                                 &amp#27;[90m# com.skillstorm.cucumber.CandyStepDefinitions.iClickOnTheUpdateCandyButton()&amp#27;[0m
  &amp#27;[32mThen &amp#27;[0m&amp#27;[32mI should see an error message &amp#27;[0m&amp#27;[32m&amp#27;[1m"Price must be a positive number, and Price cannot contain letters"&amp#27;[0m &amp#27;[90m# com.skillstorm.cucumber.CandyStepDefinitions.shouldSeeErrorMsg(java.lang.String)&amp#27;[0m
]]></system-out>
    <system-err><![CDATA[Sep 05, 2024 6:00:26 PM org.openqa.selenium.devtools.CdpVersionFinder findNearestMatch
WARNING: Unable to find an exact match for CDP version 128, returning the closest version; found: 127; Please update to a Selenium version that supports CDP version 128
]]></system-err>
  </testcase>
  <testcase name="runScenario[&quot;Updating a Candy with Invalid Data&quot;, &quot;Candy CRUD Operations&quot;](17)" classname="com.skillstorm.RunCucumberTest" time="14.415">
    <system-out><![CDATA[
@Candy
Scenario Outline: Updating a Candy with Invalid Data                                                       &amp#27;[90m# com/skillstorm//candy.feature:65&amp#27;[0m
  &amp#27;[32mGiven &amp#27;[0m&amp#27;[32mI am on the Candy Inventory page&amp#27;[0m                                                                   &amp#27;[90m# com.skillstorm.cucumber.CandyStepDefinitions.iAmOnTheCandyInventoryPage()&amp#27;[0m
  &amp#27;[32mWhen &amp#27;[0m&amp#27;[32mI click the edit icon for the candy I want to edit&amp#27;[0m                                                  &amp#27;[90m# com.skillstorm.cucumber.CandyStepDefinitions.iClickTheEditIconForTheCandyIWantToEdit()&amp#27;[0m
  &amp#27;[32mAnd &amp#27;[0m&amp#27;[32mI change the &amp#27;[0m&amp#27;[32m&amp#27;[1m"Sour Strawberry Belt Bulk Bag"&amp#27;[0m&amp#27;[32m, &amp#27;[0m&amp#27;[32m&amp#27;[1m"Sour Candy"&amp#27;[0m&amp#27;[32m, &amp#27;[0m&amp#27;[32m&amp#27;[1m"Sour"&amp#27;[0m&amp#27;[32m, &amp#27;[0m&amp#27;[32m&amp#27;[1m"10.00"&amp#27;[0m&amp#27;[32m, and/or &amp#27;[0m&amp#27;[32m&amp#27;[1m""&amp#27;[0m               &amp#27;[90m# com.skillstorm.cucumber.CandyStepDefinitions.iChangeCandyInfoWithValidInfo(java.lang.String,java.lang.String,java.lang.String,java.lang.String,java.lang.String)&amp#27;[0m
  &amp#27;[32mAnd &amp#27;[0m&amp#27;[32mI click on the UPDATE CANDY button&amp#27;[0m                                                                   &amp#27;[90m# com.skillstorm.cucumber.CandyStepDefinitions.iClickOnTheUpdateCandyButton()&amp#27;[0m
  &amp#27;[32mThen &amp#27;[0m&amp#27;[32mI should see an error message &amp#27;[0m&amp#27;[32m&amp#27;[1m"Weight must be a positive number, and Weight cannot contain letters"&amp#27;[0m &amp#27;[90m# com.skillstorm.cucumber.CandyStepDefinitions.shouldSeeErrorMsg(java.lang.String)&amp#27;[0m
]]></system-out>
    <system-err><![CDATA[Sep 05, 2024 6:00:40 PM org.openqa.selenium.devtools.CdpVersionFinder findNearestMatch
WARNING: Unable to find an exact match for CDP version 128, returning the closest version; found: 127; Please update to a Selenium version that supports CDP version 128
]]></system-err>
  </testcase>
  <testcase name="runScenario[&quot;Updating a Candy with Invalid Data&quot;, &quot;Candy CRUD Operations&quot;](18)" classname="com.skillstorm.RunCucumberTest" time="14.474">
    <system-out><![CDATA[
@Candy
Scenario Outline: Updating a Candy with Invalid Data                                             &amp#27;[90m# com/skillstorm//candy.feature:66&amp#27;[0m
  &amp#27;[32mGiven &amp#27;[0m&amp#27;[32mI am on the Candy Inventory page&amp#27;[0m                                                         &amp#27;[90m# com.skillstorm.cucumber.CandyStepDefinitions.iAmOnTheCandyInventoryPage()&amp#27;[0m
  &amp#27;[32mWhen &amp#27;[0m&amp#27;[32mI click the edit icon for the candy I want to edit&amp#27;[0m                                        &amp#27;[90m# com.skillstorm.cucumber.CandyStepDefinitions.iClickTheEditIconForTheCandyIWantToEdit()&amp#27;[0m
  &amp#27;[32mAnd &amp#27;[0m&amp#27;[32mI change the &amp#27;[0m&amp#27;[32m&amp#27;[1m"Sour Strawberry Belt Bulk Bag"&amp#27;[0m&amp#27;[32m, &amp#27;[0m&amp#27;[32m&amp#27;[1m"Sour Candy"&amp#27;[0m&amp#27;[32m, &amp#27;[0m&amp#27;[32m&amp#27;[1m"Sour"&amp#27;[0m&amp#27;[32m, &amp#27;[0m&amp#27;[32m&amp#27;[1m"10.00"&amp#27;[0m&amp#27;[32m, and/or &amp#27;[0m&amp#27;[32m&amp#27;[1m"-1.0"&amp#27;[0m &amp#27;[90m# com.skillstorm.cucumber.CandyStepDefinitions.iChangeCandyInfoWithValidInfo(java.lang.String,java.lang.String,java.lang.String,java.lang.String,java.lang.String)&amp#27;[0m
  &amp#27;[32mAnd &amp#27;[0m&amp#27;[32mI click on the UPDATE CANDY button&amp#27;[0m                                                         &amp#27;[90m# com.skillstorm.cucumber.CandyStepDefinitions.iClickOnTheUpdateCandyButton()&amp#27;[0m
  &amp#27;[32mThen &amp#27;[0m&amp#27;[32mI should see an error message &amp#27;[0m&amp#27;[32m&amp#27;[1m"Weight must be a positive number"&amp#27;[0m                          &amp#27;[90m# com.skillstorm.cucumber.CandyStepDefinitions.shouldSeeErrorMsg(java.lang.String)&amp#27;[0m
]]></system-out>
    <system-err><![CDATA[Sep 05, 2024 6:00:54 PM org.openqa.selenium.devtools.CdpVersionFinder findNearestMatch
WARNING: Unable to find an exact match for CDP version 128, returning the closest version; found: 127; Please update to a Selenium version that supports CDP version 128
]]></system-err>
  </testcase>
  <testcase name="runScenario[&quot;Updating a Candy with Invalid Data&quot;, &quot;Candy CRUD Operations&quot;](19)" classname="com.skillstorm.RunCucumberTest" time="14.18">
    <system-out><![CDATA[
@Candy
Scenario Outline: Updating a Candy with Invalid Data                                             &amp#27;[90m# com/skillstorm//candy.feature:67&amp#27;[0m
  &amp#27;[32mGiven &amp#27;[0m&amp#27;[32mI am on the Candy Inventory page&amp#27;[0m                                                         &amp#27;[90m# com.skillstorm.cucumber.CandyStepDefinitions.iAmOnTheCandyInventoryPage()&amp#27;[0m
  &amp#27;[32mWhen &amp#27;[0m&amp#27;[32mI click the edit icon for the candy I want to edit&amp#27;[0m                                        &amp#27;[90m# com.skillstorm.cucumber.CandyStepDefinitions.iClickTheEditIconForTheCandyIWantToEdit()&amp#27;[0m
  &amp#27;[32mAnd &amp#27;[0m&amp#27;[32mI change the &amp#27;[0m&amp#27;[32m&amp#27;[1m"Sour Strawberry Belt Bulk Bag"&amp#27;[0m&amp#27;[32m, &amp#27;[0m&amp#27;[32m&amp#27;[1m"Sour Candy"&amp#27;[0m&amp#27;[32m, &amp#27;[0m&amp#27;[32m&amp#27;[1m"Sour"&amp#27;[0m&amp#27;[32m, &amp#27;[0m&amp#27;[32m&amp#27;[1m"-10.00"&amp#27;[0m&amp#27;[32m, and/or &amp#27;[0m&amp#27;[32m&amp#27;[1m"1.0"&amp#27;[0m &amp#27;[90m# com.skillstorm.cucumber.CandyStepDefinitions.iChangeCandyInfoWithValidInfo(java.lang.String,java.lang.String,java.lang.String,java.lang.String,java.lang.String)&amp#27;[0m
  &amp#27;[32mAnd &amp#27;[0m&amp#27;[32mI click on the UPDATE CANDY button&amp#27;[0m                                                         &amp#27;[90m# com.skillstorm.cucumber.CandyStepDefinitions.iClickOnTheUpdateCandyButton()&amp#27;[0m
  &amp#27;[32mThen &amp#27;[0m&amp#27;[32mI should see an error message &amp#27;[0m&amp#27;[32m&amp#27;[1m"Price must be a positive number"&amp#27;[0m                           &amp#27;[90m# com.skillstorm.cucumber.CandyStepDefinitions.shouldSeeErrorMsg(java.lang.String)&amp#27;[0m
]]></system-out>
    <system-err><![CDATA[Sep 05, 2024 6:01:09 PM org.openqa.selenium.devtools.CdpVersionFinder findNearestMatch
WARNING: Unable to find an exact match for CDP version 128, returning the closest version; found: 127; Please update to a Selenium version that supports CDP version 128
]]></system-err>
  </testcase>
  <testcase name="runScenario[&quot;Updating a Candy with Invalid Data&quot;, &quot;Candy CRUD Operations&quot;](20)" classname="com.skillstorm.RunCucumberTest" time="14.236">
    <system-out><![CDATA[
@Candy
Scenario Outline: Updating a Candy with Invalid Data                                            &amp#27;[90m# com/skillstorm//candy.feature:68&amp#27;[0m
  &amp#27;[32mGiven &amp#27;[0m&amp#27;[32mI am on the Candy Inventory page&amp#27;[0m                                                        &amp#27;[90m# com.skillstorm.cucumber.CandyStepDefinitions.iAmOnTheCandyInventoryPage()&amp#27;[0m
  &amp#27;[32mWhen &amp#27;[0m&amp#27;[32mI click the edit icon for the candy I want to edit&amp#27;[0m                                       &amp#27;[90m# com.skillstorm.cucumber.CandyStepDefinitions.iClickTheEditIconForTheCandyIWantToEdit()&amp#27;[0m
  &amp#27;[32mAnd &amp#27;[0m&amp#27;[32mI change the &amp#27;[0m&amp#27;[32m&amp#27;[1m"Sour Strawberry Belt Bulk Bag"&amp#27;[0m&amp#27;[32m, &amp#27;[0m&amp#27;[32m&amp#27;[1m"Sour Candy"&amp#27;[0m&amp#27;[32m, &amp#27;[0m&amp#27;[32m&amp#27;[1m"Sour"&amp#27;[0m&amp#27;[32m, &amp#27;[0m&amp#27;[32m&amp#27;[1m"10.00"&amp#27;[0m&amp#27;[32m, and/or &amp#27;[0m&amp#27;[32m&amp#27;[1m"abc"&amp#27;[0m &amp#27;[90m# com.skillstorm.cucumber.CandyStepDefinitions.iChangeCandyInfoWithValidInfo(java.lang.String,java.lang.String,java.lang.String,java.lang.String,java.lang.String)&amp#27;[0m
  &amp#27;[32mAnd &amp#27;[0m&amp#27;[32mI click on the UPDATE CANDY button&amp#27;[0m                                                        &amp#27;[90m# com.skillstorm.cucumber.CandyStepDefinitions.iClickOnTheUpdateCandyButton()&amp#27;[0m
  &amp#27;[32mThen &amp#27;[0m&amp#27;[32mI should see an error message &amp#27;[0m&amp#27;[32m&amp#27;[1m"Weight cannot contain letters"&amp#27;[0m                            &amp#27;[90m# com.skillstorm.cucumber.CandyStepDefinitions.shouldSeeErrorMsg(java.lang.String)&amp#27;[0m
]]></system-out>
    <system-err><![CDATA[Sep 05, 2024 6:01:23 PM org.openqa.selenium.devtools.CdpVersionFinder findNearestMatch
WARNING: Unable to find an exact match for CDP version 128, returning the closest version; found: 127; Please update to a Selenium version that supports CDP version 128
]]></system-err>
  </testcase>
  <testcase name="runScenario[&quot;Updating a Candy with Invalid Data&quot;, &quot;Candy CRUD Operations&quot;](21)" classname="com.skillstorm.RunCucumberTest" time="14.286">
    <system-out><![CDATA[
@Candy
Scenario Outline: Updating a Candy with Invalid Data                                          &amp#27;[90m# com/skillstorm//candy.feature:69&amp#27;[0m
  &amp#27;[32mGiven &amp#27;[0m&amp#27;[32mI am on the Candy Inventory page&amp#27;[0m                                                      &amp#27;[90m# com.skillstorm.cucumber.CandyStepDefinitions.iAmOnTheCandyInventoryPage()&amp#27;[0m
  &amp#27;[32mWhen &amp#27;[0m&amp#27;[32mI click the edit icon for the candy I want to edit&amp#27;[0m                                     &amp#27;[90m# com.skillstorm.cucumber.CandyStepDefinitions.iClickTheEditIconForTheCandyIWantToEdit()&amp#27;[0m
  &amp#27;[32mAnd &amp#27;[0m&amp#27;[32mI change the &amp#27;[0m&amp#27;[32m&amp#27;[1m"Sour Strawberry Belt Bulk Bag"&amp#27;[0m&amp#27;[32m, &amp#27;[0m&amp#27;[32m&amp#27;[1m"Sour Candy"&amp#27;[0m&amp#27;[32m, &amp#27;[0m&amp#27;[32m&amp#27;[1m"Sour"&amp#27;[0m&amp#27;[32m, &amp#27;[0m&amp#27;[32m&amp#27;[1m"abc"&amp#27;[0m&amp#27;[32m, and/or &amp#27;[0m&amp#27;[32m&amp#27;[1m"1.0"&amp#27;[0m &amp#27;[90m# com.skillstorm.cucumber.CandyStepDefinitions.iChangeCandyInfoWithValidInfo(java.lang.String,java.lang.String,java.lang.String,java.lang.String,java.lang.String)&amp#27;[0m
  &amp#27;[32mAnd &amp#27;[0m&amp#27;[32mI click on the UPDATE CANDY button&amp#27;[0m                                                      &amp#27;[90m# com.skillstorm.cucumber.CandyStepDefinitions.iClickOnTheUpdateCandyButton()&amp#27;[0m
  &amp#27;[32mThen &amp#27;[0m&amp#27;[32mI should see an error message &amp#27;[0m&amp#27;[32m&amp#27;[1m"Price cannot contain letters"&amp#27;[0m                           &amp#27;[90m# com.skillstorm.cucumber.CandyStepDefinitions.shouldSeeErrorMsg(java.lang.String)&amp#27;[0m
]]></system-out>
    <system-err><![CDATA[Sep 05, 2024 6:01:37 PM org.openqa.selenium.devtools.CdpVersionFinder findNearestMatch
WARNING: Unable to find an exact match for CDP version 128, returning the closest version; found: 127; Please update to a Selenium version that supports CDP version 128
]]></system-err>
  </testcase>
  <testcase name="runScenario[&quot;Deleting a Candy&quot;, &quot;Candy CRUD Operations&quot;](22)" classname="com.skillstorm.RunCucumberTest" time="8.152">
    <system-out><![CDATA[
@Candy
Scenario: Deleting a Candy                                                          &amp#27;[90m# com/skillstorm//candy.feature:72&amp#27;[0m
  &amp#27;[32mGiven &amp#27;[0m&amp#27;[32mI am on the Candy Inventory page&amp#27;[0m                                            &amp#27;[90m# com.skillstorm.cucumber.CandyStepDefinitions.iAmOnTheCandyInventoryPage()&amp#27;[0m
  &amp#27;[32mWhen &amp#27;[0m&amp#27;[32mI click the delete icon&amp#27;[0m                                                      &amp#27;[90m# com.skillstorm.cucumber.CandyStepDefinitions.iClickTheDeleteIcon()&amp#27;[0m
  &amp#27;[32mThen &amp#27;[0m&amp#27;[32mthe candy should be deleted from the list and no longer visible in the table&amp#27;[0m &amp#27;[90m# com.skillstorm.cucumber.CandyStepDefinitions.theCandyShouldBeDeletedFromTheListAndNoLongerVisibleInTheTable()&amp#27;[0m
]]></system-out>
    <system-err><![CDATA[Sep 05, 2024 6:01:52 PM org.openqa.selenium.devtools.CdpVersionFinder findNearestMatch
WARNING: Unable to find an exact match for CDP version 128, returning the closest version; found: 127; Please update to a Selenium version that supports CDP version 128
]]></system-err>
  </testcase>
  <testcase name="runScenario[&quot;Successfully navigate to the home page&quot;, &quot;Navigation Links&quot;](23)" classname="com.skillstorm.RunCucumberTest" time="7.115">
    <system-out><![CDATA[
@Navigation
Scenario: Successfully navigate to the home page &amp#27;[90m# com/skillstorm//navigation.feature:4&amp#27;[0m
  &amp#27;[32mGiven &amp#27;[0m&amp#27;[32mI am on any page&amp#27;[0m                         &amp#27;[90m# com.skillstorm.cucumber.NavigationSteps.iAmOnAnyPage()&amp#27;[0m
  &amp#27;[32mWhen &amp#27;[0m&amp#27;[32mI click on the logo&amp#27;[0m                       &amp#27;[90m# com.skillstorm.cucumber.NavigationSteps.clickOnLogo()&amp#27;[0m
  &amp#27;[32mThen &amp#27;[0m&amp#27;[32mI should see the home page&amp#27;[0m                &amp#27;[90m# com.skillstorm.cucumber.NavigationSteps.shouldSeeHomePage()&amp#27;[0m
]]></system-out>
    <system-err><![CDATA[Sep 05, 2024 6:02:00 PM org.openqa.selenium.devtools.CdpVersionFinder findNearestMatch
WARNING: Unable to find an exact match for CDP version 128, returning the closest version; found: 127; Please update to a Selenium version that supports CDP version 128
]]></system-err>
  </testcase>
  <testcase name="runScenario[&quot;Successfully navigate to Warehouse List page&quot;, &quot;Navigation Links&quot;](24)" classname="com.skillstorm.RunCucumberTest" time="10.17">
    <system-out><![CDATA[
@Navigation
Scenario: Successfully navigate to Warehouse List page &amp#27;[90m# com/skillstorm//navigation.feature:9&amp#27;[0m
  &amp#27;[32mGiven &amp#27;[0m&amp#27;[32mI am currently on the home page&amp#27;[0m                &amp#27;[90m# com.skillstorm.cucumber.NavigationSteps.onTheHomePage()&amp#27;[0m
  &amp#27;[32mWhen &amp#27;[0m&amp#27;[32mI click on Warehouse List menu option&amp#27;[0m           &amp#27;[90m# com.skillstorm.cucumber.NavigationSteps.clickOnWarehousesMenu()&amp#27;[0m
  &amp#27;[32mThen &amp#27;[0m&amp#27;[32mI should see the Warehouse List page&amp#27;[0m            &amp#27;[90m# com.skillstorm.cucumber.NavigationSteps.shouldSeeWarehouseListPage()&amp#27;[0m
]]></system-out>
    <system-err><![CDATA[Sep 05, 2024 6:02:07 PM org.openqa.selenium.devtools.CdpVersionFinder findNearestMatch
WARNING: Unable to find an exact match for CDP version 128, returning the closest version; found: 127; Please update to a Selenium version that supports CDP version 128
]]></system-err>
  </testcase>
  <testcase name="runScenario[&quot;Successfully navigate to Candy Inventory page&quot;, &quot;Navigation Links&quot;](25)" classname="com.skillstorm.RunCucumberTest" time="10.26">
    <system-out><![CDATA[
@Navigation
Scenario: Successfully navigate to Candy Inventory page &amp#27;[90m# com/skillstorm//navigation.feature:14&amp#27;[0m
  &amp#27;[32mGiven &amp#27;[0m&amp#27;[32mI am currently on the home page&amp#27;[0m                 &amp#27;[90m# com.skillstorm.cucumber.NavigationSteps.onTheHomePage()&amp#27;[0m
  &amp#27;[32mWhen &amp#27;[0m&amp#27;[32mI click on the Candy Inventory menu option&amp#27;[0m       &amp#27;[90m# com.skillstorm.cucumber.NavigationSteps.clickOnCandyInventoryOption()&amp#27;[0m
  &amp#27;[32mThen &amp#27;[0m&amp#27;[32mI should see the Candy Inventory page&amp#27;[0m            &amp#27;[90m# com.skillstorm.cucumber.NavigationSteps.shouldSeeCandyInventoryPage()&amp#27;[0m
]]></system-out>
    <system-err><![CDATA[Sep 05, 2024 6:02:17 PM org.openqa.selenium.devtools.CdpVersionFinder findNearestMatch
WARNING: Unable to find an exact match for CDP version 128, returning the closest version; found: 127; Please update to a Selenium version that supports CDP version 128
]]></system-err>
  </testcase>
  <testcase name="runScenario[&quot;Successfully navigate to Candy Categories page&quot;, &quot;Navigation Links&quot;](26)" classname="com.skillstorm.RunCucumberTest" time="10.188">
    <system-out><![CDATA[
@Navigation
Scenario: Successfully navigate to Candy Categories page &amp#27;[90m# com/skillstorm//navigation.feature:19&amp#27;[0m
  &amp#27;[32mGiven &amp#27;[0m&amp#27;[32mI am currently on the home page&amp#27;[0m                  &amp#27;[90m# com.skillstorm.cucumber.NavigationSteps.onTheHomePage()&amp#27;[0m
  &amp#27;[32mWhen &amp#27;[0m&amp#27;[32mI click on the Candy Categories menu option&amp#27;[0m       &amp#27;[90m# com.skillstorm.cucumber.NavigationSteps.clickOnCandyCategoriesOption()&amp#27;[0m
  &amp#27;[32mThen &amp#27;[0m&amp#27;[32mI should see the Candy Categories page&amp#27;[0m            &amp#27;[90m# com.skillstorm.cucumber.NavigationSteps.shouldSeeCandyCategoriesPage()&amp#27;[0m
]]></system-out>
    <system-err><![CDATA[Sep 05, 2024 6:02:27 PM org.openqa.selenium.devtools.CdpVersionFinder findNearestMatch
WARNING: Unable to find an exact match for CDP version 128, returning the closest version; found: 127; Please update to a Selenium version that supports CDP version 128
]]></system-err>
  </testcase>
  <testcase name="runScenario[&quot;Successfully navigate to List of Orders page&quot;, &quot;Navigation Links&quot;](27)" classname="com.skillstorm.RunCucumberTest" time="10.223">
    <system-out><![CDATA[
@Navigation
Scenario: Successfully navigate to List of Orders page &amp#27;[90m# com/skillstorm//navigation.feature:24&amp#27;[0m
  &amp#27;[32mGiven &amp#27;[0m&amp#27;[32mI am currently on the home page&amp#27;[0m                &amp#27;[90m# com.skillstorm.cucumber.NavigationSteps.onTheHomePage()&amp#27;[0m
  &amp#27;[32mWhen &amp#27;[0m&amp#27;[32mI click on the List of Orders menu option&amp#27;[0m       &amp#27;[90m# com.skillstorm.cucumber.NavigationSteps.clickOnListOfOrdersOption()&amp#27;[0m
  &amp#27;[32mThen &amp#27;[0m&amp#27;[32mI should see the List of Orders page&amp#27;[0m            &amp#27;[90m# com.skillstorm.cucumber.NavigationSteps.shouldSeeListOfOrders()&amp#27;[0m
]]></system-out>
    <system-err><![CDATA[Sep 05, 2024 6:02:37 PM org.openqa.selenium.devtools.CdpVersionFinder findNearestMatch
WARNING: Unable to find an exact match for CDP version 128, returning the closest version; found: 127; Please update to a Selenium version that supports CDP version 128
]]></system-err>
  </testcase>
  <testcase name="runScenario[&quot;Successfully navigate to Order Info page&quot;, &quot;Navigation Links&quot;](28)" classname="com.skillstorm.RunCucumberTest" time="10.169">
    <system-out><![CDATA[
@Navigation
Scenario: Successfully navigate to Order Info page &amp#27;[90m# com/skillstorm//navigation.feature:29&amp#27;[0m
  &amp#27;[32mGiven &amp#27;[0m&amp#27;[32mI am currently on the home page&amp#27;[0m            &amp#27;[90m# com.skillstorm.cucumber.NavigationSteps.onTheHomePage()&amp#27;[0m
  &amp#27;[32mWhen &amp#27;[0m&amp#27;[32mI click on the Order Info menu option&amp#27;[0m       &amp#27;[90m# com.skillstorm.cucumber.NavigationSteps.clickOnOrderInfoOption()&amp#27;[0m
  &amp#27;[32mThen &amp#27;[0m&amp#27;[32mI should see the Order Info page&amp#27;[0m            &amp#27;[90m# com.skillstorm.cucumber.NavigationSteps.shouldSeeOrderInfo()&amp#27;[0m
]]></system-out>
    <system-err><![CDATA[Sep 05, 2024 6:02:48 PM org.openqa.selenium.devtools.CdpVersionFinder findNearestMatch
WARNING: Unable to find an exact match for CDP version 128, returning the closest version; found: 127; Please update to a Selenium version that supports CDP version 128
]]></system-err>
  </testcase>
  <testcase name="runScenario[&quot;Successfully navigate to About page&quot;, &quot;Navigation Links&quot;](29)" classname="com.skillstorm.RunCucumberTest" time="9.158">
    <system-out><![CDATA[
@Navigation
Scenario: Successfully navigate to About page &amp#27;[90m# com/skillstorm//navigation.feature:34&amp#27;[0m
  &amp#27;[32mGiven &amp#27;[0m&amp#27;[32mI am currently on the home page&amp#27;[0m       &amp#27;[90m# com.skillstorm.cucumber.NavigationSteps.onTheHomePage()&amp#27;[0m
  &amp#27;[32mWhen &amp#27;[0m&amp#27;[32mI click on the About menu option&amp#27;[0m       &amp#27;[90m# com.skillstorm.cucumber.NavigationSteps.clickOnAboutOption()&amp#27;[0m
  &amp#27;[32mThen &amp#27;[0m&amp#27;[32mI should see the About page&amp#27;[0m            &amp#27;[90m# com.skillstorm.cucumber.NavigationSteps.shouldSeeAboutPage()&amp#27;[0m
]]></system-out>
    <system-err><![CDATA[Sep 05, 2024 6:02:58 PM org.openqa.selenium.devtools.CdpVersionFinder findNearestMatch
WARNING: Unable to find an exact match for CDP version 128, returning the closest version; found: 127; Please update to a Selenium version that supports CDP version 128
]]></system-err>
  </testcase>
  <testcase name="runScenario[&quot;Successfully navigate to Warehouse Stock page&quot;, &quot;Navigation Links&quot;](30)" classname="com.skillstorm.RunCucumberTest" time="10.153">
    <system-out><![CDATA[
@Navigation
Scenario: Successfully navigate to Warehouse Stock page &amp#27;[90m# com/skillstorm//navigation.feature:39&amp#27;[0m
  &amp#27;[32mGiven &amp#27;[0m&amp#27;[32mI am currently on the home page&amp#27;[0m                 &amp#27;[90m# com.skillstorm.cucumber.NavigationSteps.onTheHomePage()&amp#27;[0m
  &amp#27;[32mWhen &amp#27;[0m&amp#27;[32mI click on the Warehouse Stock menu option&amp#27;[0m       &amp#27;[90m# com.skillstorm.cucumber.NavigationSteps.clickOnWarehouseStockOption()&amp#27;[0m
  &amp#27;[32mThen &amp#27;[0m&amp#27;[32mI should see the Warehouse Stock page&amp#27;[0m            &amp#27;[90m# com.skillstorm.cucumber.NavigationSteps.shouldSeeWarehouseStockHeader()&amp#27;[0m
]]></system-out>
    <system-err><![CDATA[Sep 05, 2024 6:03:07 PM org.openqa.selenium.devtools.CdpVersionFinder findNearestMatch
WARNING: Unable to find an exact match for CDP version 128, returning the closest version; found: 127; Please update to a Selenium version that supports CDP version 128
]]></system-err>
  </testcase>
  <testcase name="runScenario[&quot;Successfully navigate with Add a Warehouse button&quot;, &quot;Navigation Links&quot;](31)" classname="com.skillstorm.RunCucumberTest" time="9.238">
    <system-out><![CDATA[
@Navigation
Scenario: Successfully navigate with Add a Warehouse button &amp#27;[90m# com/skillstorm//navigation.feature:44&amp#27;[0m
  &amp#27;[32mGiven &amp#27;[0m&amp#27;[32mI am currently on the home page&amp#27;[0m                     &amp#27;[90m# com.skillstorm.cucumber.NavigationSteps.onTheHomePage()&amp#27;[0m
  &amp#27;[32mWhen &amp#27;[0m&amp#27;[32mI click on the Add a Warehouse menu button&amp#27;[0m           &amp#27;[90m# com.skillstorm.cucumber.NavigationSteps.clickOnAddAWarehouseMenuButton()&amp#27;[0m
  &amp#27;[32mThen &amp#27;[0m&amp#27;[32mI should see the Warehouse List page&amp#27;[0m                 &amp#27;[90m# com.skillstorm.cucumber.NavigationSteps.shouldSeeWarehouseListPage()&amp#27;[0m
]]></system-out>
    <system-err><![CDATA[Sep 05, 2024 6:03:17 PM org.openqa.selenium.devtools.CdpVersionFinder findNearestMatch
WARNING: Unable to find an exact match for CDP version 128, returning the closest version; found: 127; Please update to a Selenium version that supports CDP version 128
]]></system-err>
  </testcase>
  <testcase name="runScenario[&quot;Successfully navigate to all Candy Types pages&quot;, &quot;Navigation Links&quot;](32)" classname="com.skillstorm.RunCucumberTest" time="8.145">
    <system-out><![CDATA[
@Navigation
Scenario Outline: Successfully navigate to all Candy Types pages &amp#27;[90m# com/skillstorm//navigation.feature:56&amp#27;[0m
  &amp#27;[32mGiven &amp#27;[0m&amp#27;[32mI am on the Candy Categories page&amp#27;[0m                        &amp#27;[90m# com.skillstorm.cucumber.NavigationSteps.iAmOnCandyCategoriesPage()&amp#27;[0m
  &amp#27;[32mWhen &amp#27;[0m&amp#27;[32mI click on the desired &amp#27;[0m&amp#27;[32m&amp#27;[1m"Gummy Candy"&amp#27;[0m                      &amp#27;[90m# com.skillstorm.cucumber.NavigationSteps.clickOnTheDesiredCandyType(java.lang.String)&amp#27;[0m
  &amp#27;[32mThen &amp#27;[0m&amp#27;[32mI should see the desired &amp#27;[0m&amp#27;[32m&amp#27;[1m"Gummy Candy"&amp#27;[0m&amp#27;[32m page&amp#27;[0m               &amp#27;[90m# com.skillstorm.cucumber.NavigationSteps.shouldSeeTheDesiredCandyType(java.lang.String)&amp#27;[0m
]]></system-out>
    <system-err><![CDATA[Sep 05, 2024 6:03:26 PM org.openqa.selenium.devtools.CdpVersionFinder findNearestMatch
WARNING: Unable to find an exact match for CDP version 128, returning the closest version; found: 127; Please update to a Selenium version that supports CDP version 128
]]></system-err>
  </testcase>
  <testcase name="runScenario[&quot;Successfully navigate to all Candy Types pages&quot;, &quot;Navigation Links&quot;](33)" classname="com.skillstorm.RunCucumberTest" time="8.183">
    <system-out><![CDATA[
@Navigation
Scenario Outline: Successfully navigate to all Candy Types pages &amp#27;[90m# com/skillstorm//navigation.feature:57&amp#27;[0m
  &amp#27;[32mGiven &amp#27;[0m&amp#27;[32mI am on the Candy Categories page&amp#27;[0m                        &amp#27;[90m# com.skillstorm.cucumber.NavigationSteps.iAmOnCandyCategoriesPage()&amp#27;[0m
  &amp#27;[32mWhen &amp#27;[0m&amp#27;[32mI click on the desired &amp#27;[0m&amp#27;[32m&amp#27;[1m"Chocolate Candy"&amp#27;[0m                  &amp#27;[90m# com.skillstorm.cucumber.NavigationSteps.clickOnTheDesiredCandyType(java.lang.String)&amp#27;[0m
  &amp#27;[32mThen &amp#27;[0m&amp#27;[32mI should see the desired &amp#27;[0m&amp#27;[32m&amp#27;[1m"Chocolate Candy"&amp#27;[0m&amp#27;[32m page&amp#27;[0m           &amp#27;[90m# com.skillstorm.cucumber.NavigationSteps.shouldSeeTheDesiredCandyType(java.lang.String)&amp#27;[0m
]]></system-out>
    <system-err><![CDATA[Sep 05, 2024 6:03:35 PM org.openqa.selenium.devtools.CdpVersionFinder findNearestMatch
WARNING: Unable to find an exact match for CDP version 128, returning the closest version; found: 127; Please update to a Selenium version that supports CDP version 128
]]></system-err>
  </testcase>
  <testcase name="runScenario[&quot;Successfully navigate to all Candy Types pages&quot;, &quot;Navigation Links&quot;](34)" classname="com.skillstorm.RunCucumberTest" time="8.32">
    <system-out><![CDATA[
@Navigation
Scenario Outline: Successfully navigate to all Candy Types pages &amp#27;[90m# com/skillstorm//navigation.feature:58&amp#27;[0m
  &amp#27;[32mGiven &amp#27;[0m&amp#27;[32mI am on the Candy Categories page&amp#27;[0m                        &amp#27;[90m# com.skillstorm.cucumber.NavigationSteps.iAmOnCandyCategoriesPage()&amp#27;[0m
  &amp#27;[32mWhen &amp#27;[0m&amp#27;[32mI click on the desired &amp#27;[0m&amp#27;[32m&amp#27;[1m"Sour Candy"&amp#27;[0m                       &amp#27;[90m# com.skillstorm.cucumber.NavigationSteps.clickOnTheDesiredCandyType(java.lang.String)&amp#27;[0m
  &amp#27;[32mThen &amp#27;[0m&amp#27;[32mI should see the desired &amp#27;[0m&amp#27;[32m&amp#27;[1m"Sour Candy"&amp#27;[0m&amp#27;[32m page&amp#27;[0m                &amp#27;[90m# com.skillstorm.cucumber.NavigationSteps.shouldSeeTheDesiredCandyType(java.lang.String)&amp#27;[0m
]]></system-out>
    <system-err><![CDATA[Sep 05, 2024 6:03:43 PM org.openqa.selenium.devtools.CdpVersionFinder findNearestMatch
WARNING: Unable to find an exact match for CDP version 128, returning the closest version; found: 127; Please update to a Selenium version that supports CDP version 128
]]></system-err>
  </testcase>
  <testcase name="runScenario[&quot;Successfully navigate to all Candy Types pages&quot;, &quot;Navigation Links&quot;](35)" classname="com.skillstorm.RunCucumberTest" time="8.152">
    <system-out><![CDATA[
@Navigation
Scenario Outline: Successfully navigate to all Candy Types pages &amp#27;[90m# com/skillstorm//navigation.feature:59&amp#27;[0m
  &amp#27;[32mGiven &amp#27;[0m&amp#27;[32mI am on the Candy Categories page&amp#27;[0m                        &amp#27;[90m# com.skillstorm.cucumber.NavigationSteps.iAmOnCandyCategoriesPage()&amp#27;[0m
  &amp#27;[32mWhen &amp#27;[0m&amp#27;[32mI click on the desired &amp#27;[0m&amp#27;[32m&amp#27;[1m"Taffy Candy"&amp#27;[0m                      &amp#27;[90m# com.skillstorm.cucumber.NavigationSteps.clickOnTheDesiredCandyType(java.lang.String)&amp#27;[0m
  &amp#27;[32mThen &amp#27;[0m&amp#27;[32mI should see the desired &amp#27;[0m&amp#27;[32m&amp#27;[1m"Taffy Candy"&amp#27;[0m&amp#27;[32m page&amp#27;[0m               &amp#27;[90m# com.skillstorm.cucumber.NavigationSteps.shouldSeeTheDesiredCandyType(java.lang.String)&amp#27;[0m
]]></system-out>
    <system-err><![CDATA[Sep 05, 2024 6:03:51 PM org.openqa.selenium.devtools.CdpVersionFinder findNearestMatch
WARNING: Unable to find an exact match for CDP version 128, returning the closest version; found: 127; Please update to a Selenium version that supports CDP version 128
]]></system-err>
  </testcase>
  <testcase name="runScenario[&quot;Successfully navigate to all Candy Types pages&quot;, &quot;Navigation Links&quot;](36)" classname="com.skillstorm.RunCucumberTest" time="8.182">
    <system-out><![CDATA[
@Navigation
Scenario Outline: Successfully navigate to all Candy Types pages &amp#27;[90m# com/skillstorm//navigation.feature:60&amp#27;[0m
  &amp#27;[32mGiven &amp#27;[0m&amp#27;[32mI am on the Candy Categories page&amp#27;[0m                        &amp#27;[90m# com.skillstorm.cucumber.NavigationSteps.iAmOnCandyCategoriesPage()&amp#27;[0m
  &amp#27;[32mWhen &amp#27;[0m&amp#27;[32mI click on the desired &amp#27;[0m&amp#27;[32m&amp#27;[1m"Lollipop Candy"&amp#27;[0m                   &amp#27;[90m# com.skillstorm.cucumber.NavigationSteps.clickOnTheDesiredCandyType(java.lang.String)&amp#27;[0m
  &amp#27;[32mThen &amp#27;[0m&amp#27;[32mI should see the desired &amp#27;[0m&amp#27;[32m&amp#27;[1m"Lollipop Candy"&amp#27;[0m&amp#27;[32m page&amp#27;[0m            &amp#27;[90m# com.skillstorm.cucumber.NavigationSteps.shouldSeeTheDesiredCandyType(java.lang.String)&amp#27;[0m
]]></system-out>
    <system-err><![CDATA[Sep 05, 2024 6:03:59 PM org.openqa.selenium.devtools.CdpVersionFinder findNearestMatch
WARNING: Unable to find an exact match for CDP version 128, returning the closest version; found: 127; Please update to a Selenium version that supports CDP version 128
]]></system-err>
  </testcase>
  <testcase name="runScenario[&quot;Successful creating an order item&quot;, &quot;OrderItem CRUD operations&quot;](37)" classname="com.skillstorm.RunCucumberTest" time="16.593">
    <system-out><![CDATA[
@OrderItems
Scenario Outline: Successful creating an order item &amp#27;[90m# com/skillstorm//orderItem.feature:11&amp#27;[0m
  &amp#27;[32mGiven &amp#27;[0m&amp#27;[32mI am on the order information page&amp#27;[0m          &amp#27;[90m# com.skillstorm.cucumber.OrderItemsSteps.onTheOrderInformationPage()&amp#27;[0m
  &amp#27;[32mWhen &amp#27;[0m&amp#27;[32mI select &amp#27;[0m&amp#27;[32m&amp#27;[1m"Jeremiah Mensah"&amp#27;[0m&amp#27;[32m and &amp#27;[0m&amp#27;[32m&amp#27;[1m"Air Heads"&amp#27;[0m   &amp#27;[90m# com.skillstorm.cucumber.OrderItemsSteps.selectCustomerNameAndCandyName(java.lang.String,java.lang.String)&amp#27;[0m
  &amp#27;[32mAnd &amp#27;[0m&amp#27;[32minput &amp#27;[0m&amp#27;[32m&amp#27;[1m"2.99"&amp#27;[0m&amp#27;[32m and &amp#27;[0m&amp#27;[32m&amp#27;[1m"200"&amp#27;[0m&amp#27;[32m fields&amp#27;[0m                 &amp#27;[90m# com.skillstorm.cucumber.OrderItemsSteps.inputPriceAndQuantityFields(java.lang.String,java.lang.String)&amp#27;[0m
  &amp#27;[32mAnd &amp#27;[0m&amp#27;[32mI click the Add Order Item button&amp#27;[0m             &amp#27;[90m# com.skillstorm.cucumber.OrderItemsSteps.clickTheAddOrderItemButton()&amp#27;[0m
Jeremiah Mensah Air Heads 2.99 200
Jeremiah Mensah
Air Heads
2.99
200
  &amp#27;[32mThen &amp#27;[0m&amp#27;[32mI should see the order added in the list&amp#27;[0m     &amp#27;[90m# com.skillstorm.cucumber.OrderItemsSteps.shouldSeeOrderItemWith()&amp#27;[0m
]]></system-out>
    <system-err><![CDATA[Sep 05, 2024 6:04:07 PM org.openqa.selenium.devtools.CdpVersionFinder findNearestMatch
WARNING: Unable to find an exact match for CDP version 128, returning the closest version; found: 127; Please update to a Selenium version that supports CDP version 128
]]></system-err>
  </testcase>
  <testcase name="runScenario[&quot;Unsuccessful creating an order item&quot;, &quot;OrderItem CRUD operations&quot;](38)" classname="com.skillstorm.RunCucumberTest" time="16.718">
    <system-out><![CDATA[
@OrderItems
Scenario Outline: Unsuccessful creating an order item       &amp#27;[90m# com/skillstorm//orderItem.feature:22&amp#27;[0m
  &amp#27;[32mGiven &amp#27;[0m&amp#27;[32mI am on the order information page&amp#27;[0m                  &amp#27;[90m# com.skillstorm.cucumber.OrderItemsSteps.onTheOrderInformationPage()&amp#27;[0m
  &amp#27;[32mWhen &amp#27;[0m&amp#27;[32mI select &amp#27;[0m&amp#27;[32m&amp#27;[1m""&amp#27;[0m&amp#27;[32m and &amp#27;[0m&amp#27;[32m&amp#27;[1m"Air Heads"&amp#27;[0m                          &amp#27;[90m# com.skillstorm.cucumber.OrderItemsSteps.selectCustomerNameAndCandyName(java.lang.String,java.lang.String)&amp#27;[0m
  &amp#27;[32mAnd &amp#27;[0m&amp#27;[32minput &amp#27;[0m&amp#27;[32m&amp#27;[1m"2.99"&amp#27;[0m&amp#27;[32m and &amp#27;[0m&amp#27;[32m&amp#27;[1m"500"&amp#27;[0m&amp#27;[32m fields&amp#27;[0m                         &amp#27;[90m# com.skillstorm.cucumber.OrderItemsSteps.inputPriceAndQuantityFields(java.lang.String,java.lang.String)&amp#27;[0m
  &amp#27;[32mAnd &amp#27;[0m&amp#27;[32mI click on the Add Order Item button&amp#27;[0m                  &amp#27;[90m# com.skillstorm.cucumber.OrderItemsSteps.clickOnTheAddOrderItemButton()&amp#27;[0m
  &amp#27;[32mThen &amp#27;[0m&amp#27;[32mI should not see the order added in the list&amp#27;[0m         &amp#27;[90m# com.skillstorm.cucumber.OrderItemsSteps.shouldNotSeeOrderItemWith()&amp#27;[0m
  &amp#27;[32mAnd &amp#27;[0m&amp#27;[32mI should see an error msg &amp#27;[0m&amp#27;[32m&amp#27;[1m"Customer Name is required"&amp#27;[0m &amp#27;[90m# com.skillstorm.cucumber.OrderItemsSteps.shouldSeeAnErrorMsg(java.lang.String)&amp#27;[0m
]]></system-out>
    <system-err><![CDATA[Sep 05, 2024 6:04:24 PM org.openqa.selenium.devtools.CdpVersionFinder findNearestMatch
WARNING: Unable to find an exact match for CDP version 128, returning the closest version; found: 127; Please update to a Selenium version that supports CDP version 128
]]></system-err>
  </testcase>
  <testcase name="runScenario[&quot;Unsuccessful creating an order item&quot;, &quot;OrderItem CRUD operations&quot;](39)" classname="com.skillstorm.RunCucumberTest" time="16.691">
    <system-out><![CDATA[
@OrderItems
Scenario Outline: Unsuccessful creating an order item    &amp#27;[90m# com/skillstorm//orderItem.feature:23&amp#27;[0m
  &amp#27;[32mGiven &amp#27;[0m&amp#27;[32mI am on the order information page&amp#27;[0m               &amp#27;[90m# com.skillstorm.cucumber.OrderItemsSteps.onTheOrderInformationPage()&amp#27;[0m
  &amp#27;[32mWhen &amp#27;[0m&amp#27;[32mI select &amp#27;[0m&amp#27;[32m&amp#27;[1m"Jeremiah Mensah"&amp#27;[0m&amp#27;[32m and &amp#27;[0m&amp#27;[32m&amp#27;[1m""&amp#27;[0m                 &amp#27;[90m# com.skillstorm.cucumber.OrderItemsSteps.selectCustomerNameAndCandyName(java.lang.String,java.lang.String)&amp#27;[0m
  &amp#27;[32mAnd &amp#27;[0m&amp#27;[32minput &amp#27;[0m&amp#27;[32m&amp#27;[1m"2.99"&amp#27;[0m&amp#27;[32m and &amp#27;[0m&amp#27;[32m&amp#27;[1m"500"&amp#27;[0m&amp#27;[32m fields&amp#27;[0m                      &amp#27;[90m# com.skillstorm.cucumber.OrderItemsSteps.inputPriceAndQuantityFields(java.lang.String,java.lang.String)&amp#27;[0m
  &amp#27;[32mAnd &amp#27;[0m&amp#27;[32mI click on the Add Order Item button&amp#27;[0m               &amp#27;[90m# com.skillstorm.cucumber.OrderItemsSteps.clickOnTheAddOrderItemButton()&amp#27;[0m
  &amp#27;[32mThen &amp#27;[0m&amp#27;[32mI should not see the order added in the list&amp#27;[0m      &amp#27;[90m# com.skillstorm.cucumber.OrderItemsSteps.shouldNotSeeOrderItemWith()&amp#27;[0m
  &amp#27;[32mAnd &amp#27;[0m&amp#27;[32mI should see an error msg &amp#27;[0m&amp#27;[32m&amp#27;[1m"Candy Name is required"&amp#27;[0m &amp#27;[90m# com.skillstorm.cucumber.OrderItemsSteps.shouldSeeAnErrorMsg(java.lang.String)&amp#27;[0m
]]></system-out>
    <system-err><![CDATA[Sep 05, 2024 6:04:41 PM org.openqa.selenium.devtools.CdpVersionFinder findNearestMatch
WARNING: Unable to find an exact match for CDP version 128, returning the closest version; found: 127; Please update to a Selenium version that supports CDP version 128
]]></system-err>
  </testcase>
  <testcase name="runScenario[&quot;Unsuccessful creating an order item&quot;, &quot;OrderItem CRUD operations&quot;](40)" classname="com.skillstorm.RunCucumberTest" time="16.479">
    <system-out><![CDATA[
@OrderItems
Scenario Outline: Unsuccessful creating an order item                                               &amp#27;[90m# com/skillstorm//orderItem.feature:24&amp#27;[0m
  &amp#27;[32mGiven &amp#27;[0m&amp#27;[32mI am on the order information page&amp#27;[0m                                                          &amp#27;[90m# com.skillstorm.cucumber.OrderItemsSteps.onTheOrderInformationPage()&amp#27;[0m
  &amp#27;[32mWhen &amp#27;[0m&amp#27;[32mI select &amp#27;[0m&amp#27;[32m&amp#27;[1m"Jeremiah Mensah"&amp#27;[0m&amp#27;[32m and &amp#27;[0m&amp#27;[32m&amp#27;[1m"Air Heads"&amp#27;[0m                                                   &amp#27;[90m# com.skillstorm.cucumber.OrderItemsSteps.selectCustomerNameAndCandyName(java.lang.String,java.lang.String)&amp#27;[0m
  &amp#27;[32mAnd &amp#27;[0m&amp#27;[32minput &amp#27;[0m&amp#27;[32m&amp#27;[1m""&amp#27;[0m&amp#27;[32m and &amp#27;[0m&amp#27;[32m&amp#27;[1m"500"&amp#27;[0m&amp#27;[32m fields&amp#27;[0m                                                                     &amp#27;[90m# com.skillstorm.cucumber.OrderItemsSteps.inputPriceAndQuantityFields(java.lang.String,java.lang.String)&amp#27;[0m
  &amp#27;[32mAnd &amp#27;[0m&amp#27;[32mI click on the Add Order Item button&amp#27;[0m                                                          &amp#27;[90m# com.skillstorm.cucumber.OrderItemsSteps.clickOnTheAddOrderItemButton()&amp#27;[0m
  &amp#27;[32mThen &amp#27;[0m&amp#27;[32mI should not see the order added in the list&amp#27;[0m                                                 &amp#27;[90m# com.skillstorm.cucumber.OrderItemsSteps.shouldNotSeeOrderItemWith()&amp#27;[0m
  &amp#27;[32mAnd &amp#27;[0m&amp#27;[32mI should see an error msg &amp#27;[0m&amp#27;[32m&amp#27;[1m"Price must be a positive number, and Price cannot contain letters"&amp#27;[0m &amp#27;[90m# com.skillstorm.cucumber.OrderItemsSteps.shouldSeeAnErrorMsg(java.lang.String)&amp#27;[0m
]]></system-out>
    <system-err><![CDATA[Sep 05, 2024 6:04:57 PM org.openqa.selenium.devtools.CdpVersionFinder findNearestMatch
WARNING: Unable to find an exact match for CDP version 128, returning the closest version; found: 127; Please update to a Selenium version that supports CDP version 128
]]></system-err>
  </testcase>
  <testcase name="runScenario[&quot;Unsuccessful creating an order item&quot;, &quot;OrderItem CRUD operations&quot;](41)" classname="com.skillstorm.RunCucumberTest" time="16.67">
    <system-out><![CDATA[
@OrderItems
Scenario Outline: Unsuccessful creating an order item                                                                  &amp#27;[90m# com/skillstorm//orderItem.feature:25&amp#27;[0m
  &amp#27;[32mGiven &amp#27;[0m&amp#27;[32mI am on the order information page&amp#27;[0m                                                                             &amp#27;[90m# com.skillstorm.cucumber.OrderItemsSteps.onTheOrderInformationPage()&amp#27;[0m
  &amp#27;[32mWhen &amp#27;[0m&amp#27;[32mI select &amp#27;[0m&amp#27;[32m&amp#27;[1m"Jeremiah Mensah"&amp#27;[0m&amp#27;[32m and &amp#27;[0m&amp#27;[32m&amp#27;[1m"Air Heads"&amp#27;[0m                                                                      &amp#27;[90m# com.skillstorm.cucumber.OrderItemsSteps.selectCustomerNameAndCandyName(java.lang.String,java.lang.String)&amp#27;[0m
  &amp#27;[32mAnd &amp#27;[0m&amp#27;[32minput &amp#27;[0m&amp#27;[32m&amp#27;[1m"2.99"&amp#27;[0m&amp#27;[32m and &amp#27;[0m&amp#27;[32m&amp#27;[1m""&amp#27;[0m&amp#27;[32m fields&amp#27;[0m                                                                                       &amp#27;[90m# com.skillstorm.cucumber.OrderItemsSteps.inputPriceAndQuantityFields(java.lang.String,java.lang.String)&amp#27;[0m
  &amp#27;[32mAnd &amp#27;[0m&amp#27;[32mI click on the Add Order Item button&amp#27;[0m                                                                             &amp#27;[90m# com.skillstorm.cucumber.OrderItemsSteps.clickOnTheAddOrderItemButton()&amp#27;[0m
  &amp#27;[32mThen &amp#27;[0m&amp#27;[32mI should not see the order added in the list&amp#27;[0m                                                                    &amp#27;[90m# com.skillstorm.cucumber.OrderItemsSteps.shouldNotSeeOrderItemWith()&amp#27;[0m
  &amp#27;[32mAnd &amp#27;[0m&amp#27;[32mI should see an error msg &amp#27;[0m&amp#27;[32m&amp#27;[1m"Quantity must be a number and greater than zero, and Quantity cannot contain letters"&amp#27;[0m &amp#27;[90m# com.skillstorm.cucumber.OrderItemsSteps.shouldSeeAnErrorMsg(java.lang.String)&amp#27;[0m
]]></system-out>
    <system-err><![CDATA[Sep 05, 2024 6:05:14 PM org.openqa.selenium.devtools.CdpVersionFinder findNearestMatch
WARNING: Unable to find an exact match for CDP version 128, returning the closest version; found: 127; Please update to a Selenium version that supports CDP version 128
]]></system-err>
  </testcase>
  <testcase name="runScenario[&quot;Unsuccessful creating an order item&quot;, &quot;OrderItem CRUD operations&quot;](42)" classname="com.skillstorm.RunCucumberTest" time="16.595">
    <system-out><![CDATA[
@OrderItems
Scenario Outline: Unsuccessful creating an order item                                                                                                                                                                                                    &amp#27;[90m# com/skillstorm//orderItem.feature:26&amp#27;[0m
  &amp#27;[32mGiven &amp#27;[0m&amp#27;[32mI am on the order information page&amp#27;[0m                                                                                                                                                                                                               &amp#27;[90m# com.skillstorm.cucumber.OrderItemsSteps.onTheOrderInformationPage()&amp#27;[0m
  &amp#27;[32mWhen &amp#27;[0m&amp#27;[32mI select &amp#27;[0m&amp#27;[32m&amp#27;[1m""&amp#27;[0m&amp#27;[32m and &amp#27;[0m&amp#27;[32m&amp#27;[1m""&amp#27;[0m                                                                                                                                                                                                                                &amp#27;[90m# com.skillstorm.cucumber.OrderItemsSteps.selectCustomerNameAndCandyName(java.lang.String,java.lang.String)&amp#27;[0m
  &amp#27;[32mAnd &amp#27;[0m&amp#27;[32minput &amp#27;[0m&amp#27;[32m&amp#27;[1m""&amp#27;[0m&amp#27;[32m and &amp#27;[0m&amp#27;[32m&amp#27;[1m""&amp#27;[0m&amp#27;[32m fields&amp#27;[0m                                                                                                                                                                                                                             &amp#27;[90m# com.skillstorm.cucumber.OrderItemsSteps.inputPriceAndQuantityFields(java.lang.String,java.lang.String)&amp#27;[0m
  &amp#27;[32mAnd &amp#27;[0m&amp#27;[32mI click on the Add Order Item button&amp#27;[0m                                                                                                                                                                                                               &amp#27;[90m# com.skillstorm.cucumber.OrderItemsSteps.clickOnTheAddOrderItemButton()&amp#27;[0m
  &amp#27;[32mThen &amp#27;[0m&amp#27;[32mI should not see the order added in the list&amp#27;[0m                                                                                                                                                                                                      &amp#27;[90m# com.skillstorm.cucumber.OrderItemsSteps.shouldNotSeeOrderItemWith()&amp#27;[0m
  &amp#27;[32mAnd &amp#27;[0m&amp#27;[32mI should see an error msg &amp#27;[0m&amp#27;[32m&amp#27;[1m"Customer Name is required, and Candy Name is required, and Price must be a positive number, and Price cannot contain letters, and Quantity must be a number and greater than zero, and Quantity cannot contain letters"&amp#27;[0m &amp#27;[90m# com.skillstorm.cucumber.OrderItemsSteps.shouldSeeAnErrorMsg(java.lang.String)&amp#27;[0m
]]></system-out>
    <system-err><![CDATA[Sep 05, 2024 6:05:31 PM org.openqa.selenium.devtools.CdpVersionFinder findNearestMatch
WARNING: Unable to find an exact match for CDP version 128, returning the closest version; found: 127; Please update to a Selenium version that supports CDP version 128
]]></system-err>
  </testcase>
  <testcase name="runScenario[&quot;Successful updating an order item&quot;, &quot;OrderItem CRUD operations&quot;](43)" classname="com.skillstorm.RunCucumberTest" time="16.73">
    <system-out><![CDATA[
@OrderItems
Scenario Outline: Successful updating an order item &amp#27;[90m# com/skillstorm//orderItem.feature:37&amp#27;[0m
  &amp#27;[32mGiven &amp#27;[0m&amp#27;[32mI am on the order information page&amp#27;[0m          &amp#27;[90m# com.skillstorm.cucumber.OrderItemsSteps.onTheOrderInformationPage()&amp#27;[0m
  &amp#27;[32mWhen &amp#27;[0m&amp#27;[32mI click on edit icon&amp#27;[0m                         &amp#27;[90m# com.skillstorm.cucumber.OrderItemsSteps.clickTheEditIcon()&amp#27;[0m
  &amp#27;[32mAnd &amp#27;[0m&amp#27;[32mI select &amp#27;[0m&amp#27;[32m&amp#27;[1m"DJ Kim"&amp#27;[0m&amp#27;[32m and &amp#27;[0m&amp#27;[32m&amp#27;[1m"Tootsie Pop"&amp#27;[0m           &amp#27;[90m# com.skillstorm.cucumber.OrderItemsSteps.selectCustomerNameAndCandyName(java.lang.String,java.lang.String)&amp#27;[0m
[...]
  &amp#27;[32mGiven &amp#27;[0m&amp#27;[32mI am on the Warehouse Stock page&amp#27;[0m                                                                                 &amp#27;[90m# com.skillstorm.cucumber.WarehouseStockSteps.onWarehouseStockPage()&amp#27;[0m
  &amp#27;[32mWhen &amp#27;[0m&amp#27;[32mI don't select &amp#27;[0m&amp#27;[32m&amp#27;[1m"Air Heads"&amp#27;[0m&amp#27;[32m, &amp#27;[0m&amp#27;[32m&amp#27;[1m"9877 Cedar Swamp Ave. Barberton, OH 44203"&amp#27;[0m&amp#27;[32m and input &amp#27;[0m&amp#27;[32m&amp#27;[1m""&amp#27;[0m&amp#27;[32m fields&amp#27;[0m                       &amp#27;[90m# com.skillstorm.cucumber.WarehouseStockSteps.dontSelectWarehouseStockFields(java.lang.String,java.lang.String,java.lang.String)&amp#27;[0m
  &amp#27;[32mAnd &amp#27;[0m&amp#27;[32mI click on the Add Stock button&amp#27;[0m                                                                                    &amp#27;[90m# com.skillstorm.cucumber.WarehouseStockSteps.clickOnAddStockButton()&amp#27;[0m
false
  &amp#27;[32mThen &amp#27;[0m&amp#27;[32mthe warehouse stock should not be added with &amp#27;[0m&amp#27;[32m&amp#27;[1m"Air Heads"&amp#27;[0m&amp#27;[32m, &amp#27;[0m&amp#27;[32m&amp#27;[1m"9877 Cedar Swamp Ave. Barberton, OH 44203"&amp#27;[0m&amp#27;[32m, and &amp#27;[0m&amp#27;[32m&amp#27;[1m""&amp#27;[0m     &amp#27;[90m# com.skillstorm.cucumber.WarehouseStockSteps.shouldNotSeeNewWarehouseStock(java.lang.String,java.lang.String,java.lang.String)&amp#27;[0m
  &amp#27;[32mAnd &amp#27;[0m&amp#27;[32mshould see an alert message &amp#27;[0m&amp#27;[32m&amp#27;[1m"Quantity must be a number and greater than zero, and Quantity cannot contain letters"&amp#27;[0m &amp#27;[90m# com.skillstorm.cucumber.WarehouseStockSteps.iShouldSeeAlertMessage(java.lang.String)&amp#27;[0m
]]></system-out>
    <system-err><![CDATA[Sep 05, 2024 6:12:11 PM org.openqa.selenium.devtools.CdpVersionFinder findNearestMatch
WARNING: Unable to find an exact match for CDP version 128, returning the closest version; found: 127; Please update to a Selenium version that supports CDP version 128
]]></system-err>
  </testcase>
  <testcase name="runScenario[&quot;Unsuccessful warehouse stock creation with invalid and valid information&quot;, &quot;WarehouseStock CRUD&quot;](76)" classname="com.skillstorm.RunCucumberTest" time="11.121">
    <system-out><![CDATA[
@WarehouseStock
Scenario Outline: Unsuccessful warehouse stock creation with invalid and valid information                                                                                               &amp#27;[90m# com/skillstorm//warehouseStock.feature:30&amp#27;[0m
  &amp#27;[32mGiven &amp#27;[0m&amp#27;[32mI am on the Warehouse Stock page&amp#27;[0m                                                                                                                                                 &amp#27;[90m# com.skillstorm.cucumber.WarehouseStockSteps.onWarehouseStockPage()&amp#27;[0m
  &amp#27;[32mWhen &amp#27;[0m&amp#27;[32mI don't select &amp#27;[0m&amp#27;[32m&amp#27;[1m""&amp#27;[0m&amp#27;[32m, &amp#27;[0m&amp#27;[32m&amp#27;[1m""&amp#27;[0m&amp#27;[32m and input &amp#27;[0m&amp#27;[32m&amp#27;[1m""&amp#27;[0m&amp#27;[32m fields&amp#27;[0m                                                                                                                                         &amp#27;[90m# com.skillstorm.cucumber.WarehouseStockSteps.dontSelectWarehouseStockFields(java.lang.String,java.lang.String,java.lang.String)&amp#27;[0m
  &amp#27;[32mAnd &amp#27;[0m&amp#27;[32mI click on the Add Stock button&amp#27;[0m                                                                                                                                                    &amp#27;[90m# com.skillstorm.cucumber.WarehouseStockSteps.clickOnAddStockButton()&amp#27;[0m
false
  &amp#27;[32mThen &amp#27;[0m&amp#27;[32mthe warehouse stock should not be added with &amp#27;[0m&amp#27;[32m&amp#27;[1m""&amp#27;[0m&amp#27;[32m, &amp#27;[0m&amp#27;[32m&amp#27;[1m""&amp#27;[0m&amp#27;[32m, and &amp#27;[0m&amp#27;[32m&amp#27;[1m""&amp#27;[0m                                                                                                                       &amp#27;[90m# com.skillstorm.cucumber.WarehouseStockSteps.shouldNotSeeNewWarehouseStock(java.lang.String,java.lang.String,java.lang.String)&amp#27;[0m
  &amp#27;[32mAnd &amp#27;[0m&amp#27;[32mshould see an alert message &amp#27;[0m&amp#27;[32m&amp#27;[1m"Candy Name is required, and Warehouse Location is required, and Quantity must be a number and greater than zero, and Quantity cannot contain letters"&amp#27;[0m &amp#27;[90m# com.skillstorm.cucumber.WarehouseStockSteps.iShouldSeeAlertMessage(java.lang.String)&amp#27;[0m
]]></system-out>
    <system-err><![CDATA[Sep 05, 2024 6:12:22 PM org.openqa.selenium.devtools.CdpVersionFinder findNearestMatch
WARNING: Unable to find an exact match for CDP version 128, returning the closest version; found: 127; Please update to a Selenium version that supports CDP version 128
]]></system-err>
  </testcase>
  <testcase name="runScenario[&quot;Successful warehouse stock update with valid information&quot;, &quot;WarehouseStock CRUD&quot;](77)" classname="com.skillstorm.RunCucumberTest" time="13.409">
    <system-out><![CDATA[
@WarehouseStock
Scenario Outline: Successful warehouse stock update with valid information                                   &amp#27;[90m# com/skillstorm//warehouseStock.feature:44&amp#27;[0m
  &amp#27;[32mGiven &amp#27;[0m&amp#27;[32mI am on the Warehouse Stock page&amp#27;[0m                                                                     &amp#27;[90m# com.skillstorm.cucumber.WarehouseStockSteps.onWarehouseStockPage()&amp#27;[0m
  &amp#27;[32mWhen &amp#27;[0m&amp#27;[32mI click the edit icon&amp#27;[0m                                                                                 &amp#27;[90m# com.skillstorm.cucumber.WarehouseStockSteps.clickEditIcon()&amp#27;[0m
  &amp#27;[32mThen &amp#27;[0m&amp#27;[32mI select a new &amp#27;[0m&amp#27;[32m&amp#27;[1m"Turking Taffy"&amp#27;[0m&amp#27;[32m, &amp#27;[0m&amp#27;[32m&amp#27;[1m"9877 Cedar Swamp Ave. Barberton, OH 44203"&amp#27;[0m&amp#27;[32m and input &amp#27;[0m&amp#27;[32m&amp#27;[1m"40"&amp#27;[0m&amp#27;[32m fields&amp#27;[0m     &amp#27;[90m# com.skillstorm.cucumber.WarehouseStockSteps.selectNewAndInputFields(java.lang.String,java.lang.String,java.lang.String)&amp#27;[0m
  &amp#27;[32mAnd &amp#27;[0m&amp#27;[32mI click the Update Stock button&amp#27;[0m                                                                        &amp#27;[90m# com.skillstorm.cucumber.WarehouseStockSteps.clickUpdateStockButton()&amp#27;[0m
false
  &amp#27;[32mThen &amp#27;[0m&amp#27;[32mI should see the last row with &amp#27;[0m&amp#27;[32m&amp#27;[1m"Turking Taffy"&amp#27;[0m&amp#27;[32m, &amp#27;[0m&amp#27;[32m&amp#27;[1m"9877 Cedar Swamp Ave. Barberton, OH 44203"&amp#27;[0m&amp#27;[32m, and &amp#27;[0m&amp#27;[32m&amp#27;[1m"40"&amp#27;[0m &amp#27;[90m# com.skillstorm.cucumber.WarehouseStockSteps.shouldSeeNewWarehouseStock(java.lang.String,java.lang.String,java.lang.String)&amp#27;[0m
]]></system-out>
    <system-err><![CDATA[Sep 05, 2024 6:12:33 PM org.openqa.selenium.devtools.CdpVersionFinder findNearestMatch
WARNING: Unable to find an exact match for CDP version 128, returning the closest version; found: 127; Please update to a Selenium version that supports CDP version 128
]]></system-err>
  </testcase>
  <testcase name="runScenario[&quot;Unsuccessful warehouse stock update with invalid and valid information&quot;, &quot;WarehouseStock CRUD&quot;](78)" classname="com.skillstorm.RunCucumberTest" time="12.482">
    <system-out><![CDATA[
@WarehouseStock
Scenario Outline: Unsuccessful warehouse stock update with invalid and valid information                        &amp#27;[90m# com/skillstorm//warehouseStock.feature:56&amp#27;[0m
  &amp#27;[32mGiven &amp#27;[0m&amp#27;[32mI am on the Warehouse Stock page&amp#27;[0m                                                                        &amp#27;[90m# com.skillstorm.cucumber.WarehouseStockSteps.onWarehouseStockPage()&amp#27;[0m
  &amp#27;[32mWhen &amp#27;[0m&amp#27;[32mI click the edit icon&amp#27;[0m                                                                                    &amp#27;[90m# com.skillstorm.cucumber.WarehouseStockSteps.clickEditIcon()&amp#27;[0m
  &amp#27;[32mAnd &amp#27;[0m&amp#27;[32mI don't select a new &amp#27;[0m&amp#27;[32m&amp#27;[1m""&amp#27;[0m&amp#27;[32m, &amp#27;[0m&amp#27;[32m&amp#27;[1m"456 Oak Avenue Greenfield, MA 01201 USA"&amp#27;[0m&amp#27;[32m and input &amp#27;[0m&amp#27;[32m&amp#27;[1m"1000"&amp#27;[0m&amp#27;[32m fields&amp#27;[0m                &amp#27;[90m# com.skillstorm.cucumber.WarehouseStockSteps.doNotSelectWarehouseStockFields(java.lang.String,java.lang.String,java.lang.String)&amp#27;[0m
  &amp#27;[32mAnd &amp#27;[0m&amp#27;[32mI click on the Update Stock button&amp#27;[0m                                                                        &amp#27;[90m# com.skillstorm.cucumber.WarehouseStockSteps.clickOnUpdateStockButton()&amp#27;[0m
  &amp#27;[32mThen &amp#27;[0m&amp#27;[32mthe warehouse stock should not be updated with &amp#27;[0m&amp#27;[32m&amp#27;[1m""&amp#27;[0m&amp#27;[32m, &amp#27;[0m&amp#27;[32m&amp#27;[1m"456 Oak Avenue Greenfield, MA 01201 USA"&amp#27;[0m&amp#27;[32m, and &amp#27;[0m&amp#27;[32m&amp#27;[1m"1000"&amp#27;[0m &amp#27;[90m# com.skillstorm.cucumber.WarehouseStockSteps.shouldNotBeUpdatedWith(java.lang.String,java.lang.String,java.lang.String)&amp#27;[0m
]]></system-out>
    <system-err><![CDATA[Sep 05, 2024 6:12:47 PM org.openqa.selenium.devtools.CdpVersionFinder findNearestMatch
WARNING: Unable to find an exact match for CDP version 128, returning the closest version; found: 127; Please update to a Selenium version that supports CDP version 128
]]></system-err>
  </testcase>
  <testcase name="runScenario[&quot;Unsuccessful warehouse stock update with invalid and valid information&quot;, &quot;WarehouseStock CRUD&quot;](79)" classname="com.skillstorm.RunCucumberTest" time="12.408">
    <system-out><![CDATA[
@WarehouseStock
Scenario Outline: Unsuccessful warehouse stock update with invalid and valid information &amp#27;[90m# com/skillstorm//warehouseStock.feature:57&amp#27;[0m
  &amp#27;[32mGiven &amp#27;[0m&amp#27;[32mI am on the Warehouse Stock page&amp#27;[0m                                                 &amp#27;[90m# com.skillstorm.cucumber.WarehouseStockSteps.onWarehouseStockPage()&amp#27;[0m
  &amp#27;[32mWhen &amp#27;[0m&amp#27;[32mI click the edit icon&amp#27;[0m                                                             &amp#27;[90m# com.skillstorm.cucumber.WarehouseStockSteps.clickEditIcon()&amp#27;[0m
  &amp#27;[32mAnd &amp#27;[0m&amp#27;[32mI don't select a new &amp#27;[0m&amp#27;[32m&amp#27;[1m"Air Heads"&amp#27;[0m&amp#27;[32m, &amp#27;[0m&amp#27;[32m&amp#27;[1m""&amp#27;[0m&amp#27;[32m and input &amp#27;[0m&amp#27;[32m&amp#27;[1m"2000"&amp#27;[0m&amp#27;[32m fields&amp#27;[0m                       &amp#27;[90m# com.skillstorm.cucumber.WarehouseStockSteps.doNotSelectWarehouseStockFields(java.lang.String,java.lang.String,java.lang.String)&amp#27;[0m
  &amp#27;[32mAnd &amp#27;[0m&amp#27;[32mI click on the Update Stock button&amp#27;[0m                                                 &amp#27;[90m# com.skillstorm.cucumber.WarehouseStockSteps.clickOnUpdateStockButton()&amp#27;[0m
  &amp#27;[32mThen &amp#27;[0m&amp#27;[32mthe warehouse stock should not be updated with &amp#27;[0m&amp#27;[32m&amp#27;[1m"Air Heads"&amp#27;[0m&amp#27;[32m, &amp#27;[0m&amp#27;[32m&amp#27;[1m""&amp#27;[0m&amp#27;[32m, and &amp#27;[0m&amp#27;[32m&amp#27;[1m"2000"&amp#27;[0m        &amp#27;[90m# com.skillstorm.cucumber.WarehouseStockSteps.shouldNotBeUpdatedWith(java.lang.String,java.lang.String,java.lang.String)&amp#27;[0m
]]></system-out>
    <system-err><![CDATA[Sep 05, 2024 6:12:59 PM org.openqa.selenium.devtools.CdpVersionFinder findNearestMatch
WARNING: Unable to find an exact match for CDP version 128, returning the closest version; found: 127; Please update to a Selenium version that supports CDP version 128
]]></system-err>
  </testcase>
  <testcase name="runScenario[&quot;Unsuccessful warehouse stock update with invalid and valid information&quot;, &quot;WarehouseStock CRUD&quot;](80)" classname="com.skillstorm.RunCucumberTest" time="12.543">
    <system-out><![CDATA[
@WarehouseStock
Scenario Outline: Unsuccessful warehouse stock update with invalid and valid information                             &amp#27;[90m# com/skillstorm//warehouseStock.feature:58&amp#27;[0m
  &amp#27;[32mGiven &amp#27;[0m&amp#27;[32mI am on the Warehouse Stock page&amp#27;[0m                                                                             &amp#27;[90m# com.skillstorm.cucumber.WarehouseStockSteps.onWarehouseStockPage()&amp#27;[0m
  &amp#27;[32mWhen &amp#27;[0m&amp#27;[32mI click the edit icon&amp#27;[0m                                                                                         &amp#27;[90m# com.skillstorm.cucumber.WarehouseStockSteps.clickEditIcon()&amp#27;[0m
  &amp#27;[32mAnd &amp#27;[0m&amp#27;[32mI don't select a new &amp#27;[0m&amp#27;[32m&amp#27;[1m"Air Heads"&amp#27;[0m&amp#27;[32m, &amp#27;[0m&amp#27;[32m&amp#27;[1m"456 Oak Avenue Greenfield, MA 01201 USA"&amp#27;[0m&amp#27;[32m and input &amp#27;[0m&amp#27;[32m&amp#27;[1m""&amp#27;[0m&amp#27;[32m fields&amp#27;[0m                &amp#27;[90m# com.skillstorm.cucumber.WarehouseStockSteps.doNotSelectWarehouseStockFields(java.lang.String,java.lang.String,java.lang.String)&amp#27;[0m
  &amp#27;[32mAnd &amp#27;[0m&amp#27;[32mI click on the Update Stock button&amp#27;[0m                                                                             &amp#27;[90m# com.skillstorm.cucumber.WarehouseStockSteps.clickOnUpdateStockButton()&amp#27;[0m
  &amp#27;[32mThen &amp#27;[0m&amp#27;[32mthe warehouse stock should not be updated with &amp#27;[0m&amp#27;[32m&amp#27;[1m"Air Heads"&amp#27;[0m&amp#27;[32m, &amp#27;[0m&amp#27;[32m&amp#27;[1m"456 Oak Avenue Greenfield, MA 01201 USA"&amp#27;[0m&amp#27;[32m, and &amp#27;[0m&amp#27;[32m&amp#27;[1m""&amp#27;[0m &amp#27;[90m# com.skillstorm.cucumber.WarehouseStockSteps.shouldNotBeUpdatedWith(java.lang.String,java.lang.String,java.lang.String)&amp#27;[0m
]]></system-out>
    <system-err><![CDATA[Sep 05, 2024 6:13:11 PM org.openqa.selenium.devtools.CdpVersionFinder findNearestMatch
WARNING: Unable to find an exact match for CDP version 128, returning the closest version; found: 127; Please update to a Selenium version that supports CDP version 128
]]></system-err>
  </testcase>
  <testcase name="runScenario[&quot;Unsuccessful warehouse stock update with invalid and valid information&quot;, &quot;WarehouseStock CRUD&quot;](81)" classname="com.skillstorm.RunCucumberTest" time="12.446">
    <system-out><![CDATA[
@WarehouseStock
Scenario Outline: Unsuccessful warehouse stock update with invalid and valid information &amp#27;[90m# com/skillstorm//warehouseStock.feature:59&amp#27;[0m
  &amp#27;[32mGiven &amp#27;[0m&amp#27;[32mI am on the Warehouse Stock page&amp#27;[0m                                                 &amp#27;[90m# com.skillstorm.cucumber.WarehouseStockSteps.onWarehouseStockPage()&amp#27;[0m
  &amp#27;[32mWhen &amp#27;[0m&amp#27;[32mI click the edit icon&amp#27;[0m                                                             &amp#27;[90m# com.skillstorm.cucumber.WarehouseStockSteps.clickEditIcon()&amp#27;[0m
  &amp#27;[32mAnd &amp#27;[0m&amp#27;[32mI don't select a new &amp#27;[0m&amp#27;[32m&amp#27;[1m""&amp#27;[0m&amp#27;[32m, &amp#27;[0m&amp#27;[32m&amp#27;[1m""&amp#27;[0m&amp#27;[32m and input &amp#27;[0m&amp#27;[32m&amp#27;[1m""&amp#27;[0m&amp#27;[32m fields&amp#27;[0m                                    &amp#27;[90m# com.skillstorm.cucumber.WarehouseStockSteps.doNotSelectWarehouseStockFields(java.lang.String,java.lang.String,java.lang.String)&amp#27;[0m
  &amp#27;[32mAnd &amp#27;[0m&amp#27;[32mI click on the Update Stock button&amp#27;[0m                                                 &amp#27;[90m# com.skillstorm.cucumber.WarehouseStockSteps.clickOnUpdateStockButton()&amp#27;[0m
  &amp#27;[32mThen &amp#27;[0m&amp#27;[32mthe warehouse stock should not be updated with &amp#27;[0m&amp#27;[32m&amp#27;[1m""&amp#27;[0m&amp#27;[32m, &amp#27;[0m&amp#27;[32m&amp#27;[1m""&amp#27;[0m&amp#27;[32m, and &amp#27;[0m&amp#27;[32m&amp#27;[1m""&amp#27;[0m                     &amp#27;[90m# com.skillstorm.cucumber.WarehouseStockSteps.shouldNotBeUpdatedWith(java.lang.String,java.lang.String,java.lang.String)&amp#27;[0m
]]></system-out>
    <system-err><![CDATA[Sep 05, 2024 6:13:24 PM org.openqa.selenium.devtools.CdpVersionFinder findNearestMatch
WARNING: Unable to find an exact match for CDP version 128, returning the closest version; found: 127; Please update to a Selenium version that supports CDP version 128
]]></system-err>
  </testcase>
  <testcase name="runScenario[&quot;Successful view of warehouse stocks&quot;, &quot;WarehouseStock CRUD&quot;](82)" classname="com.skillstorm.RunCucumberTest" time="9.355">
    <system-out><![CDATA[
@WarehouseStock
Scenario: Successful view of warehouse stocks               &amp#27;[90m# com/skillstorm//warehouseStock.feature:62&amp#27;[0m
  &amp#27;[32mGiven &amp#27;[0m&amp#27;[32mI am starting on the home page&amp#27;[0m                      &amp#27;[90m# com.skillstorm.cucumber.WarehouseStockSteps.currentlyOnTheHomePage()&amp#27;[0m
  &amp#27;[32mWhen &amp#27;[0m&amp#27;[32mI click on the Warehouse Stock option&amp#27;[0m                &amp#27;[90m# com.skillstorm.cucumber.WarehouseStockSteps.clickOnWarehouseStockOption()&amp#27;[0m
http://cim-frontend.s3-website-us-east-1.amazonaws.com/stocks
  &amp#27;[32mThen &amp#27;[0m&amp#27;[32mI should be navigated to the Warehouse Stock page&amp#27;[0m    &amp#27;[90m# com.skillstorm.cucumber.WarehouseStockSteps.shouldBeNavigatedToWarehouseStock()&amp#27;[0m
  &amp#27;[32mAnd &amp#27;[0m&amp#27;[32mI should see a list of all warehouse stocks available&amp#27;[0m &amp#27;[90m# com.skillstorm.cucumber.WarehouseStockSteps.shouldSeeListOfAllWarehouseStocks()&amp#27;[0m
]]></system-out>
    <system-err><![CDATA[Sep 05, 2024 6:13:36 PM org.openqa.selenium.devtools.CdpVersionFinder findNearestMatch
WARNING: Unable to find an exact match for CDP version 128, returning the closest version; found: 127; Please update to a Selenium version that supports CDP version 128
]]></system-err>
  </testcase>
  <testcase name="runScenario[&quot;Delete a warehouse stock&quot;, &quot;WarehouseStock CRUD&quot;](83)" classname="com.skillstorm.RunCucumberTest" time="8.163">
    <system-out><![CDATA[
@WarehouseStock
Scenario: Delete a warehouse stock                                         &amp#27;[90m# com/skillstorm//warehouseStock.feature:70&amp#27;[0m
  &amp#27;[32mGiven &amp#27;[0m&amp#27;[32mI am on the Warehouse Stock page&amp#27;[0m                                   &amp#27;[90m# com.skillstorm.cucumber.WarehouseStockSteps.onWarehouseStockPage()&amp#27;[0m
  &amp#27;[32mWhen &amp#27;[0m&amp#27;[32mI click on the delete icon for the Warehouse Stock I want to delete&amp#27;[0m &amp#27;[90m# com.skillstorm.cucumber.WarehouseStockSteps.clickOnDeleteIconForWarehouseStock()&amp#27;[0m
  &amp#27;[32mThen &amp#27;[0m&amp#27;[32mthe warehouse stock should not be visible in the table&amp#27;[0m              &amp#27;[90m# com.skillstorm.cucumber.WarehouseStockSteps.warehouseStockShouldNotBeVisible()&amp#27;[0m
]]></system-out>
    <system-err><![CDATA[Sep 05, 2024 6:13:46 PM org.openqa.selenium.devtools.CdpVersionFinder findNearestMatch
WARNING: Unable to find an exact match for CDP version 128, returning the closest version; found: 127; Please update to a Selenium version that supports CDP version 128
]]></system-err>
  </testcase>
</testsuite>