<?xml version="1.0" encoding="UTF-8"?>
<testsuite xmlns:xsi="http://www.w3.org/2001/XMLSchema-instance" xsi:noNamespaceSchemaLocation="https://maven.apache.org/surefire/maven-surefire-plugin/xsd/surefire-test-report-3.0.xsd" version="3.0" name="com.skillstorm.RunCucumberTest" time="558.639" tests="69" errors="0" skipped="0" failures="0">
  <properties>
[...]
</properties>
  <testcase name="Example #1.1" classname="Examples" time="9.924">
    <system-out><![CDATA[103
]]></system-out>
    <system-err><![CDATA[Aug 30, 2024 4:42:41 PM org.openqa.selenium.devtools.CdpVersionFinder findNearestMatch
WARNING: Unable to find an exact match for CDP version 128, returning the closest version; found: 127; Please update to a Selenium version that supports CDP version 128
]]></system-err>
  </testcase>
  <testcase name="Example #1.1" classname="Examples" time="9.037">
    <system-out><![CDATA[true
]]></system-out>
    <system-err><![CDATA[Aug 30, 2024 4:42:59 PM org.openqa.selenium.devtools.CdpVersionFinder findNearestMatch
WARNING: Unable to find an exact match for CDP version 128, returning the closest version; found: 127; Please update to a Selenium version that supports CDP version 128
]]></system-err>
  </testcase>
  <testcase name="Example #1.1" classname="Examples" time="10.437">
    <system-out><![CDATA[Updated Candy ID 1
]]></system-out>
    <system-err><![CDATA[Aug 30, 2024 4:44:27 PM org.openqa.selenium.devtools.CdpVersionFinder findNearestMatch
WARNING: Unable to find an exact match for CDP version 128, returning the closest version; found: 127; Please update to a Selenium version that supports CDP version 128
]]></system-err>
  </testcase>
  <testcase name="Example #1.1" classname="Examples" time="10.301">
    <system-out><![CDATA[true
]]></system-out>
    <system-err><![CDATA[Aug 30, 2024 4:44:38 PM org.openqa.selenium.devtools.CdpVersionFinder findNearestMatch
WARNING: Unable to find an exact match for CDP version 128, returning the closest version; found: 127; Please update to a Selenium version that supports CDP version 128
]]></system-err>
  </testcase>
  <testcase name="Example #1.1" classname="Examples" time="5.676">
    <system-out><![CDATA[true
]]></system-out>
    <system-err><![CDATA[Aug 30, 2024 4:47:12 PM org.openqa.selenium.devtools.CdpVersionFinder findNearestMatch
WARNING: Unable to find an exact match for CDP version 128, returning the closest version; found: 127; Please update to a Selenium version that supports CDP version 128
]]></system-err>
  </testcase>
  <testcase name="Example #1.1" classname="Examples" time="10.179">
    <system-out><![CDATA[DJ Kim Ring Pops 7.99 365
DJ Kim Ring Pops 7.99 365
DJ Kim Ring Pops 7.99 365
DJ Kim Ring Pops 7.99 365
Micheal Phelps Sour Skittles 3.99 200
Micheal Phelps Sour Skittles 3.99 200
Micheal Phelps Sour Skittles 3.99 200
Micheal Phelps Sour Skittles 3.99 200
Micheal Phelps Sour Skittles 3.99 200
]]></system-out>
    <system-err><![CDATA[Aug 30, 2024 4:47:40 PM org.openqa.selenium.devtools.CdpVersionFinder findNearestMatch
WARNING: Unable to find an exact match for CDP version 128, returning the closest version; found: 127; Please update to a Selenium version that supports CDP version 128
]]></system-err>
  </testcase>
  <testcase name="Example #1.1" classname="Examples" time="10.785">
    <system-out><![CDATA[DJ Kim Ring Pops 7.99 365
DJ Kim Ring Pops 7.99 365
DJ Kim Ring Pops 7.99 365
DJ Kim Ring Pops 7.99 365
Micheal Phelps Sour Skittles 3.99 200
Micheal Phelps Sour Skittles 3.99 200
Micheal Phelps Sour Skittles 3.99 200
Micheal Phelps Sour Skittles 3.99 200
Micheal Phelps Sour Skittles 3.99 200
]]></system-out>
    <system-err><![CDATA[Aug 30, 2024 4:47:51 PM org.openqa.selenium.devtools.CdpVersionFinder findNearestMatch
WARNING: Unable to find an exact match for CDP version 128, returning the closest version; found: 127; Please update to a Selenium version that supports CDP version 128
]]></system-err>
  </testcase>
  <testcase name="Example #1.1" classname="Examples" time="9.029">
    <system-out><![CDATA[52
]]></system-out>
    <system-err><![CDATA[Aug 30, 2024 4:48:07 PM org.openqa.selenium.devtools.CdpVersionFinder findNearestMatch
WARNING: Unable to find an exact match for CDP version 128, returning the closest version; found: 127; Please update to a Selenium version that supports CDP version 128
]]></system-err>
  </testcase>
  <testcase name="Example #1.1" classname="Examples" time="9.131">
    <system-out><![CDATA[true
]]></system-out>
    <system-err><![CDATA[Aug 30, 2024 4:48:16 PM org.openqa.selenium.devtools.CdpVersionFinder findNearestMatch
WARNING: Unable to find an exact match for CDP version 128, returning the closest version; found: 127; Please update to a Selenium version that supports CDP version 128
]]></system-err>
  </testcase>
  <testcase name="Example #1.1" classname="Examples" time="9.695">
    <system-out><![CDATA[Updated Candy ID 1
]]></system-out>
    <system-err><![CDATA[Aug 30, 2024 4:48:59 PM org.openqa.selenium.devtools.CdpVersionFinder findNearestMatch
WARNING: Unable to find an exact match for CDP version 128, returning the closest version; found: 127; Please update to a Selenium version that supports CDP version 128
]]></system-err>
  </testcase>
  <testcase name="Example #1.1" classname="Examples" time="9.633">
    <system-out><![CDATA[true
]]></system-out>
    <system-err><![CDATA[Aug 30, 2024 4:49:08 PM org.openqa.selenium.devtools.CdpVersionFinder findNearestMatch
WARNING: Unable to find an exact match for CDP version 128, returning the closest version; found: 127; Please update to a Selenium version that supports CDP version 128
]]></system-err>
  </testcase>
  <testcase name="Example #1.1" classname="Examples" time="6.928">
    <system-out><![CDATA[3212 Spur Ln, Austin, Texas
]]></system-out>
    <system-err><![CDATA[Aug 30, 2024 4:49:53 PM org.openqa.selenium.devtools.CdpVersionFinder findNearestMatch
WARNING: Unable to find an exact match for CDP version 128, returning the closest version; found: 127; Please update to a Selenium version that supports CDP version 128
]]></system-err>
  </testcase>
  <testcase name="Example #1.1" classname="Examples" time="8.06">
    <system-out><![CDATA[New warehouse location: 3212 Spur Ln, Austin, Texas
]]></system-out>
    <system-err><![CDATA[Aug 30, 2024 4:50:07 PM org.openqa.selenium.devtools.CdpVersionFinder findNearestMatch
WARNING: Unable to find an exact match for CDP version 128, returning the closest version; found: 127; Please update to a Selenium version that supports CDP version 128
]]></system-err>
  </testcase>
  <testcase name="Example #1.1" classname="Examples" time="7.411">
    <system-out><![CDATA[false
]]></system-out>
    <system-err><![CDATA[Aug 30, 2024 4:50:27 PM org.openqa.selenium.devtools.CdpVersionFinder findNearestMatch
WARNING: Unable to find an exact match for CDP version 128, returning the closest version; found: 127; Please update to a Selenium version that supports CDP version 128
]]></system-err>
  </testcase>
  <testcase name="Example #1.1" classname="Examples" time="7.389">
    <system-out><![CDATA[false
]]></system-out>
    <system-err><![CDATA[Aug 30, 2024 4:50:34 PM org.openqa.selenium.devtools.CdpVersionFinder findNearestMatch
WARNING: Unable to find an exact match for CDP version 128, returning the closest version; found: 127; Please update to a Selenium version that supports CDP version 128
]]></system-err>
  </testcase>
  <testcase name="Example #1.1" classname="Examples" time="8.494">
    <system-out><![CDATA[false
]]></system-out>
    <system-err><![CDATA[Aug 30, 2024 4:51:04 PM org.openqa.selenium.devtools.CdpVersionFinder findNearestMatch
WARNING: Unable to find an exact match for CDP version 128, returning the closest version; found: 127; Please update to a Selenium version that supports CDP version 128
]]></system-err>
  </testcase>
  <testcase name="Example #1.1" classname="Examples" time="8.422">
    <system-out><![CDATA[false
]]></system-out>
    <system-err><![CDATA[Aug 30, 2024 4:51:12 PM org.openqa.selenium.devtools.CdpVersionFinder findNearestMatch
WARNING: Unable to find an exact match for CDP version 128, returning the closest version; found: 127; Please update to a Selenium version that supports CDP version 128
]]></system-err>
  </testcase>
  <testcase name="Example #1.2" classname="Examples" time="9.262">
    <system-out><![CDATA[104
]]></system-out>
    <system-err><![CDATA[Aug 30, 2024 4:42:50 PM org.openqa.selenium.devtools.CdpVersionFinder findNearestMatch
WARNING: Unable to find an exact match for CDP version 128, returning the closest version; found: 127; Please update to a Selenium version that supports CDP version 128
]]></system-err>
  </testcase>
  <testcase name="Example #1.2" classname="Examples" time="8.609">
    <system-out><![CDATA[true
]]></system-out>
    <system-err><![CDATA[Aug 30, 2024 4:43:08 PM org.openqa.selenium.devtools.CdpVersionFinder findNearestMatch
WARNING: Unable to find an exact match for CDP version 128, returning the closest version; found: 127; Please update to a Selenium version that supports CDP version 128
]]></system-err>
  </testcase>
  <testcase name="Example #1.2" classname="Examples" time="10.659">
    <system-out><![CDATA[true
]]></system-out>
    <system-err><![CDATA[Aug 30, 2024 4:44:48 PM org.openqa.selenium.devtools.CdpVersionFinder findNearestMatch
WARNING: Unable to find an exact match for CDP version 128, returning the closest version; found: 127; Please update to a Selenium version that supports CDP version 128
]]></system-err>
  </testcase>
  <testcase name="Example #1.2" classname="Examples" time="5.748">
    <system-out><![CDATA[true
]]></system-out>
    <system-err><![CDATA[Aug 30, 2024 4:47:18 PM org.openqa.selenium.devtools.CdpVersionFinder findNearestMatch
WARNING: Unable to find an exact match for CDP version 128, returning the closest version; found: 127; Please update to a Selenium version that supports CDP version 128
]]></system-err>
  </testcase>
  <testcase name="Example #1.2" classname="Examples" time="8.843">
    <system-out><![CDATA[true
]]></system-out>
    <system-err><![CDATA[Aug 30, 2024 4:48:25 PM org.openqa.selenium.devtools.CdpVersionFinder findNearestMatch
WARNING: Unable to find an exact match for CDP version 128, returning the closest version; found: 127; Please update to a Selenium version that supports CDP version 128
]]></system-err>
  </testcase>
  <testcase name="Example #1.2" classname="Examples" time="9.756">
    <system-out><![CDATA[true
]]></system-out>
    <system-err><![CDATA[Aug 30, 2024 4:49:18 PM org.openqa.selenium.devtools.CdpVersionFinder findNearestMatch
WARNING: Unable to find an exact match for CDP version 128, returning the closest version; found: 127; Please update to a Selenium version that supports CDP version 128
]]></system-err>
  </testcase>
  <testcase name="Example #1.2" classname="Examples" time="6.891">
    <system-out><![CDATA[3212 Spur Ln, Austin, Texas
]]></system-out>
    <system-err><![CDATA[Aug 30, 2024 4:50:00 PM org.openqa.selenium.devtools.CdpVersionFinder findNearestMatch
WARNING: Unable to find an exact match for CDP version 128, returning the closest version; found: 127; Please update to a Selenium version that supports CDP version 128
]]></system-err>
  </testcase>
  <testcase name="Example #1.2" classname="Examples" time="7.346">
    <system-out><![CDATA[false
]]></system-out>
    <system-err><![CDATA[Aug 30, 2024 4:50:42 PM org.openqa.selenium.devtools.CdpVersionFinder findNearestMatch
WARNING: Unable to find an exact match for CDP version 128, returning the closest version; found: 127; Please update to a Selenium version that supports CDP version 128
]]></system-err>
  </testcase>
  <testcase name="Example #1.2" classname="Examples" time="8.553">
    <system-out><![CDATA[false
]]></system-out>
    <system-err><![CDATA[Aug 30, 2024 4:51:20 PM org.openqa.selenium.devtools.CdpVersionFinder findNearestMatch
WARNING: Unable to find an exact match for CDP version 128, returning the closest version; found: 127; Please update to a Selenium version that supports CDP version 128
]]></system-err>
  </testcase>
  <testcase name="Example #1.3" classname="Examples" time="9.203">
    <system-out><![CDATA[true
]]></system-out>
    <system-err><![CDATA[Aug 30, 2024 4:43:17 PM org.openqa.selenium.devtools.CdpVersionFinder findNearestMatch
WARNING: Unable to find an exact match for CDP version 128, returning the closest version; found: 127; Please update to a Selenium version that supports CDP version 128
]]></system-err>
  </testcase>
  <testcase name="Example #1.3" classname="Examples" time="10.577">
    <system-out><![CDATA[true
]]></system-out>
    <system-err><![CDATA[Aug 30, 2024 4:44:59 PM org.openqa.selenium.devtools.CdpVersionFinder findNearestMatch
WARNING: Unable to find an exact match for CDP version 128, returning the closest version; found: 127; Please update to a Selenium version that supports CDP version 128
]]></system-err>
  </testcase>
  <testcase name="Example #1.3" classname="Examples" time="5.538">
    <system-out><![CDATA[true
]]></system-out>
    <system-err><![CDATA[Aug 30, 2024 4:47:24 PM org.openqa.selenium.devtools.CdpVersionFinder findNearestMatch
WARNING: Unable to find an exact match for CDP version 128, returning the closest version; found: 127; Please update to a Selenium version that supports CDP version 128
]]></system-err>
  </testcase>
  <testcase name="Example #1.3" classname="Examples" time="9.175">
    <system-out><![CDATA[true
]]></system-out>
    <system-err><![CDATA[Aug 30, 2024 4:48:34 PM org.openqa.selenium.devtools.CdpVersionFinder findNearestMatch
WARNING: Unable to find an exact match for CDP version 128, returning the closest version; found: 127; Please update to a Selenium version that supports CDP version 128
]]></system-err>
  </testcase>
  <testcase name="Example #1.3" classname="Examples" time="9.735">
    <system-out><![CDATA[true
]]></system-out>
    <system-err><![CDATA[Aug 30, 2024 4:49:28 PM org.openqa.selenium.devtools.CdpVersionFinder findNearestMatch
WARNING: Unable to find an exact match for CDP version 128, returning the closest version; found: 127; Please update to a Selenium version that supports CDP version 128
]]></system-err>
  </testcase>
  <testcase name="Example #1.3" classname="Examples" time="7.273">
    <system-out><![CDATA[false
]]></system-out>
    <system-err><![CDATA[Aug 30, 2024 4:50:49 PM org.openqa.selenium.devtools.CdpVersionFinder findNearestMatch
WARNING: Unable to find an exact match for CDP version 128, returning the closest version; found: 127; Please update to a Selenium version that supports CDP version 128
]]></system-err>
  </testcase>
  <testcase name="Example #1.3" classname="Examples" time="8.464">
    <system-out><![CDATA[false
]]></system-out>
    <system-err><![CDATA[Aug 30, 2024 4:51:29 PM org.openqa.selenium.devtools.CdpVersionFinder findNearestMatch
WARNING: Unable to find an exact match for CDP version 128, returning the closest version; found: 127; Please update to a Selenium version that supports CDP version 128
]]></system-err>
  </testcase>
  <testcase name="Example #1.4" classname="Examples" time="9.164">
    <system-out><![CDATA[true
]]></system-out>
    <system-err><![CDATA[Aug 30, 2024 4:43:26 PM org.openqa.selenium.devtools.CdpVersionFinder findNearestMatch
WARNING: Unable to find an exact match for CDP version 128, returning the closest version; found: 127; Please update to a Selenium version that supports CDP version 128
]]></system-err>
  </testcase>
  <testcase name="Example #1.4" classname="Examples" time="10.499">
    <system-out><![CDATA[true
]]></system-out>
    <system-err><![CDATA[Aug 30, 2024 4:45:09 PM org.openqa.selenium.devtools.CdpVersionFinder findNearestMatch
WARNING: Unable to find an exact match for CDP version 128, returning the closest version; found: 127; Please update to a Selenium version that supports CDP version 128
]]></system-err>
  </testcase>
  <testcase name="Example #1.4" classname="Examples" time="5.651">
    <system-out><![CDATA[true
]]></system-out>
    <system-err><![CDATA[Aug 30, 2024 4:47:29 PM org.openqa.selenium.devtools.CdpVersionFinder findNearestMatch
WARNING: Unable to find an exact match for CDP version 128, returning the closest version; found: 127; Please update to a Selenium version that supports CDP version 128
]]></system-err>
  </testcase>
  <testcase name="Example #1.4" classname="Examples" time="8.953">
    <system-out><![CDATA[true
]]></system-out>
    <system-err><![CDATA[Aug 30, 2024 4:48:43 PM org.openqa.selenium.devtools.CdpVersionFinder findNearestMatch
WARNING: Unable to find an exact match for CDP version 128, returning the closest version; found: 127; Please update to a Selenium version that supports CDP version 128
]]></system-err>
  </testcase>
  <testcase name="Example #1.4" classname="Examples" time="9.583">
    <system-out><![CDATA[true
]]></system-out>
    <system-err><![CDATA[Aug 30, 2024 4:49:37 PM org.openqa.selenium.devtools.CdpVersionFinder findNearestMatch
WARNING: Unable to find an exact match for CDP version 128, returning the closest version; found: 127; Please update to a Selenium version that supports CDP version 128
]]></system-err>
  </testcase>
  <testcase name="Example #1.4" classname="Examples" time="7.165">
    <system-out><![CDATA[false
]]></system-out>
    <system-err><![CDATA[Aug 30, 2024 4:50:56 PM org.openqa.selenium.devtools.CdpVersionFinder findNearestMatch
WARNING: Unable to find an exact match for CDP version 128, returning the closest version; found: 127; Please update to a Selenium version that supports CDP version 128
]]></system-err>
  </testcase>
  <testcase name="Example #1.4" classname="Examples" time="8.501">
    <system-out><![CDATA[false
]]></system-out>
    <system-err><![CDATA[Aug 30, 2024 4:51:37 PM org.openqa.selenium.devtools.CdpVersionFinder findNearestMatch
WARNING: Unable to find an exact match for CDP version 128, returning the closest version; found: 127; Please update to a Selenium version that supports CDP version 128
]]></system-err>
  </testcase>
  <testcase name="Example #1.5" classname="Examples" time="8.842">
    <system-out><![CDATA[true
]]></system-out>
    <system-err><![CDATA[Aug 30, 2024 4:43:35 PM org.openqa.selenium.devtools.CdpVersionFinder findNearestMatch
WARNING: Unable to find an exact match for CDP version 128, returning the closest version; found: 127; Please update to a Selenium version that supports CDP version 128
]]></system-err>
  </testcase>
  <testcase name="Example #1.5" classname="Examples" time="10.479">
    <system-out><![CDATA[true
]]></system-out>
    <system-err><![CDATA[Aug 30, 2024 4:45:20 PM org.openqa.selenium.devtools.CdpVersionFinder findNearestMatch
WARNING: Unable to find an exact match for CDP version 128, returning the closest version; found: 127; Please update to a Selenium version that supports CDP version 128
]]></system-err>
  </testcase>
  <testcase name="Example #1.5" classname="Examples" time="5.733">
    <system-out><![CDATA[true
]]></system-out>
    <system-err><![CDATA[Aug 30, 2024 4:47:35 PM org.openqa.selenium.devtools.CdpVersionFinder findNearestMatch
WARNING: Unable to find an exact match for CDP version 128, returning the closest version; found: 127; Please update to a Selenium version that supports CDP version 128
]]></system-err>
  </testcase>
  <testcase name="Example #1.6" classname="Examples" time="9.23">
    <system-out><![CDATA[true
]]></system-out>
    <system-err><![CDATA[Aug 30, 2024 4:43:44 PM org.openqa.selenium.devtools.CdpVersionFinder findNearestMatch
WARNING: Unable to find an exact match for CDP version 128, returning the closest version; found: 127; Please update to a Selenium version that supports CDP version 128
]]></system-err>
  </testcase>
  <testcase name="Example #1.6" classname="Examples" time="10.553">
    <system-out><![CDATA[true
]]></system-out>
    <system-err><![CDATA[Aug 30, 2024 4:45:30 PM org.openqa.selenium.devtools.CdpVersionFinder findNearestMatch
WARNING: Unable to find an exact match for CDP version 128, returning the closest version; found: 127; Please update to a Selenium version that supports CDP version 128
]]></system-err>
  </testcase>
  <testcase name="Example #1.7" classname="Examples" time="9.23">
    <system-out><![CDATA[true
]]></system-out>
    <system-err><![CDATA[Aug 30, 2024 4:43:53 PM org.openqa.selenium.devtools.CdpVersionFinder findNearestMatch
WARNING: Unable to find an exact match for CDP version 128, returning the closest version; found: 127; Please update to a Selenium version that supports CDP version 128
]]></system-err>
  </testcase>
  <testcase name="Example #1.7" classname="Examples" time="10.426">
    <system-out><![CDATA[true
]]></system-out>
    <system-err><![CDATA[Aug 30, 2024 4:45:41 PM org.openqa.selenium.devtools.CdpVersionFinder findNearestMatch
WARNING: Unable to find an exact match for CDP version 128, returning the closest version; found: 127; Please update to a Selenium version that supports CDP version 128
]]></system-err>
  </testcase>
  <testcase name="Example #1.8" classname="Examples" time="9.213">
    <system-out><![CDATA[true
]]></system-out>
    <system-err><![CDATA[Aug 30, 2024 4:44:02 PM org.openqa.selenium.devtools.CdpVersionFinder findNearestMatch
WARNING: Unable to find an exact match for CDP version 128, returning the closest version; found: 127; Please update to a Selenium version that supports CDP version 128
]]></system-err>
  </testcase>
  <testcase name="Example #1.8" classname="Examples" time="10.675">
    <system-out><![CDATA[true
]]></system-out>
    <system-err><![CDATA[Aug 30, 2024 4:45:51 PM org.openqa.selenium.devtools.CdpVersionFinder findNearestMatch
WARNING: Unable to find an exact match for CDP version 128, returning the closest version; found: 127; Please update to a Selenium version that supports CDP version 128
]]></system-err>
  </testcase>
  <testcase name="Example #1.9" classname="Examples" time="9.168">
    <system-out><![CDATA[true
]]></system-out>
    <system-err><![CDATA[Aug 30, 2024 4:44:12 PM org.openqa.selenium.devtools.CdpVersionFinder findNearestMatch
WARNING: Unable to find an exact match for CDP version 128, returning the closest version; found: 127; Please update to a Selenium version that supports CDP version 128
]]></system-err>
  </testcase>
  <testcase name="Example #1.9" classname="Examples" time="10.452">
    <system-out><![CDATA[true
]]></system-out>
    <system-err><![CDATA[Aug 30, 2024 4:46:02 PM org.openqa.selenium.devtools.CdpVersionFinder findNearestMatch
WARNING: Unable to find an exact match for CDP version 128, returning the closest version; found: 127; Please update to a Selenium version that supports CDP version 128
]]></system-err>
  </testcase>
  <testcase name="Successful view of candy list" classname="Candy CRUD Operations" time="6.272">
    <system-out><![CDATA[Candy ID Candy Name Candy Type Flavor Price ($) Weight (oz.)
1 Sour Strawberry Belt Bulk Bag Sour Candy Sour 10 1
3 Air Heads Taffy Bar Watermelon 0.75 0.55
8 Tootsie Pop Lollipops Grape 18 32
10 Sour DOTS Gumdrops Sour Candy Sour 2.5 6
11 4D Gummy Apples Bulk Gummy Candy Watermelon 18 35.2
13 New Candy 10 Gummy Candy Raspberry 40 100
16 Haribo's Gummy Candy Apple 2.99 1
17 Sour Skittles Sour Candy Sour 4.99 1
18 Ring Pops Gummy Candy Watermelon 2.99 0.5
49 Sour Skittles Sour Candy Sour 4.99 1
51 Test Candy 1 Lollipops Raspberry 2.99 28
59 Sour Skittles Gummy Candy Sour 4.99 1
72 Sour Skittles Sour Candy Sour 4.99 1
73 Ring Pops Gummy Candy Watermelon 2.99 0.5
75 Sour Skittles Sour Candy Sour 4.99 1
81 Sour Skittles Sour Candy Sour 4.99 1
83 Sour Skittles Sour Candy Sour 4.99 1
85 Sour Skittles Sour Candy Sour 4.99 1
86 Sour Skittles Sour Candy Sour 4.99 1
89 Sour Skittles Sour Candy Sour 4.99 1
91 Sour Skittles Sour Candy Sour 4.99 1
93 Sour Skittles Sour Candy Sour 4.99 1
95 Sour Skittles Sour Candy Sour 4.99 1
97 Sour Skittles Sour Candy Sour 4.99 1
99 Sour Skittles Sour Candy Sour 4.99 1
101 Sour Skittles Sour Candy Sour 4.99 1
103 Sour Skittles Sour Candy Sour 4.99 1
104 Ring Pops Gummy Candy Watermelon 2.99 0.5
105 Sour Skittles Sour Candy Sour 4.99 1
106 Ring Pops Gummy Candy Watermelon 2.99 0.5
]]></system-out>
    <system-err><![CDATA[Aug 30, 2024 4:44:21 PM org.openqa.selenium.devtools.CdpVersionFinder findNearestMatch
WARNING: Unable to find an exact match for CDP version 128, returning the closest version; found: 127; Please update to a Selenium version that supports CDP version 128
]]></system-err>
  </testcase>
  <testcase name="Deleting a Candy" classname="Candy CRUD Operations" time="5.7">
    <system-err><![CDATA[Aug 30, 2024 4:46:12 PM org.openqa.selenium.devtools.CdpVersionFinder findNearestMatch
WARNING: Unable to find an exact match for CDP version 128, returning the closest version; found: 127; Please update to a Selenium version that supports CDP version 128
False
False
False
False
False
False
False
False
False
False
False
False
False
False
False
False
False
False
False
False
False
False
False
False
False
False
False
False
False
]]></system-err>
  </testcase>
  <testcase name="Successfully navigate to the home page" classname="Navigation Links" time="5.602">
    <system-err><![CDATA[Aug 30, 2024 4:46:18 PM org.openqa.selenium.devtools.CdpVersionFinder findNearestMatch
WARNING: Unable to find an exact match for CDP version 128, returning the closest version; found: 127; Please update to a Selenium version that supports CDP version 128
]]></system-err>
  </testcase>
  <testcase name="Successfully navigate to Warehouse List page" classname="Navigation Links" time="6.378">
    <system-out><![CDATA[Warehouse List
]]></system-out>
    <system-err><![CDATA[Aug 30, 2024 4:46:23 PM org.openqa.selenium.devtools.CdpVersionFinder findNearestMatch
WARNING: Unable to find an exact match for CDP version 128, returning the closest version; found: 127; Please update to a Selenium version that supports CDP version 128
]]></system-err>
  </testcase>
  <testcase name="Successfully navigate to Candy Inventory page" classname="Navigation Links" time="6.211">
    <system-out><![CDATA[Candy Inventory
]]></system-out>
    <system-err><![CDATA[Aug 30, 2024 4:46:30 PM org.openqa.selenium.devtools.CdpVersionFinder findNearestMatch
WARNING: Unable to find an exact match for CDP version 128, returning the closest version; found: 127; Please update to a Selenium version that supports CDP version 128
]]></system-err>
  </testcase>
  <testcase name="Successfully navigate to Candy Categories page" classname="Navigation Links" time="6.217">
    <system-out><![CDATA[Types of candy
]]></system-out>
    <system-err><![CDATA[Aug 30, 2024 4:46:36 PM org.openqa.selenium.devtools.CdpVersionFinder findNearestMatch
WARNING: Unable to find an exact match for CDP version 128, returning the closest version; found: 127; Please update to a Selenium version that supports CDP version 128
]]></system-err>
  </testcase>
  <testcase name="Successfully navigate to List of Orders page" classname="Navigation Links" time="6.257">
    <system-out><![CDATA[Order List
]]></system-out>
    <system-err><![CDATA[Aug 30, 2024 4:46:42 PM org.openqa.selenium.devtools.CdpVersionFinder findNearestMatch
WARNING: Unable to find an exact match for CDP version 128, returning the closest version; found: 127; Please update to a Selenium version that supports CDP version 128
]]></system-err>
  </testcase>
  <testcase name="Successfully navigate to Order Info page" classname="Navigation Links" time="6.154">
    <system-out><![CDATA[Order Information
]]></system-out>
    <system-err><![CDATA[Aug 30, 2024 4:46:49 PM org.openqa.selenium.devtools.CdpVersionFinder findNearestMatch
WARNING: Unable to find an exact match for CDP version 128, returning the closest version; found: 127; Please update to a Selenium version that supports CDP version 128
]]></system-err>
  </testcase>
  <testcase name="Successfully navigate to About page" classname="Navigation Links" time="5.655">
    <system-out><![CDATA[This is your one stop shop for Candy Inventory Management. You will be able add different candy products you wish to store and also delete any you do not want. You can also see how many warehouses you currenly have, how much capacity they each have, how much stock they hold, and their location. In addition you can keep track of people who have ordered from you and associated order information.
]]></system-out>
    <system-err><![CDATA[Aug 30, 2024 4:46:55 PM org.openqa.selenium.devtools.CdpVersionFinder findNearestMatch
WARNING: Unable to find an exact match for CDP version 128, returning the closest version; found: 127; Please update to a Selenium version that supports CDP version 128
]]></system-err>
  </testcase>
  <testcase name="Successfully navigate to Warehouse Stock page" classname="Navigation Links" time="6.093">
    <system-out><![CDATA[Stock Inventory
]]></system-out>
    <system-err><![CDATA[Aug 30, 2024 4:47:00 PM org.openqa.selenium.devtools.CdpVersionFinder findNearestMatch
WARNING: Unable to find an exact match for CDP version 128, returning the closest version; found: 127; Please update to a Selenium version that supports CDP version 128
]]></system-err>
  </testcase>
  <testcase name="Successfully navigate with Add a Warehouse button" classname="Navigation Links" time="5.661">
    <system-out><![CDATA[Warehouse List
]]></system-out>
    <system-err><![CDATA[Aug 30, 2024 4:47:06 PM org.openqa.selenium.devtools.CdpVersionFinder findNearestMatch
WARNING: Unable to find an exact match for CDP version 128, returning the closest version; found: 127; Please update to a Selenium version that supports CDP version 128
]]></system-err>
  </testcase>
  <testcase name="Deleting an order item" classname="OrderItem CRUD operations" time="5.828">
    <system-err><![CDATA[Aug 30, 2024 4:48:02 PM org.openqa.selenium.devtools.CdpVersionFinder findNearestMatch
WARNING: Unable to find an exact match for CDP version 128, returning the closest version; found: 127; Please update to a Selenium version that supports CDP version 128
False
False
False
False
False
False
False
False
False
]]></system-err>
  </testcase>
  <testcase name="View the order list table" classname="Order CRUD operations" time="6.253">
    <system-out><![CDATA[Order Id Customer Name Order Date Status Customer Address
1 DJ Kim 2021-06-17 Completed 1011 Super Address Dr, Ballston VA, 10234
48 Micheal Phelps 2024-08-21 Pending test address
52 Jeremiah Mensah 2023-09-19 Pending 1110 Fake Address Dr, Greensboro NC, 20675
]]></system-out>
    <system-err><![CDATA[Aug 30, 2024 4:48:52 PM org.openqa.selenium.devtools.CdpVersionFinder findNearestMatch
WARNING: Unable to find an exact match for CDP version 128, returning the closest version; found: 127; Please update to a Selenium version that supports CDP version 128
]]></system-err>
  </testcase>
  <testcase name="Delete an order" classname="Order CRUD operations" time="5.682">
    <system-err><![CDATA[Aug 30, 2024 4:49:47 PM org.openqa.selenium.devtools.CdpVersionFinder findNearestMatch
WARNING: Unable to find an exact match for CDP version 128, returning the closest version; found: 127; Please update to a Selenium version that supports CDP version 128
False
False
]]></system-err>
  </testcase>
  <testcase name="Successful view of warehouse list" classname="Warehouse CRUD" time="6.804">
    <system-out><![CDATA[Warehouse Id Location Stock/Capacity Actions
77 Apt. 862 652 Shad Neck, South Hershelborough, IN 14539 0/2000
78 Test location 0/10000
79 3212 Spur Ln, Austin, Texas 32000/5000
80 Test location 20000/10000
81 3212 Spur Ln, Austin, Texas 0/5000
82 Test location 0/10000
83 3212 Spur Ln, Austin, Texas 10000/5000
84 Test location 30000/10000
85 3212 Spur Ln, Austin, Texas 0/5000
86 Test location 0/10000
87 3212 Spur Ln, Austin, Texas 0/5000
88 Test location 0/10000
89 3212 Spur Ln, Austin, Texas 0/5000
90 Test location 0/10000
91 3212 Spur Ln, Austin, Texas 0/5000
92 Test location 0/10000
93 3212 Spur Ln, Austin, Texas 0/5000
94 Test location 0/10000
95 3212 Spur Ln, Austin, Texas 10000/5000
96 Test location 0/10000
97 3212 Spur Ln, Austin, Texas 0/5000
98 Test location 0/10000
99 3212 Spur Ln, Austin, Texas 0/5000
100 Test location 0/10000
]]></system-out>
    <system-err><![CDATA[Aug 30, 2024 4:50:15 PM org.openqa.selenium.devtools.CdpVersionFinder findNearestMatch
WARNING: Unable to find an exact match for CDP version 128, returning the closest version; found: 127; Please update to a Selenium version that supports CDP version 128
]]></system-err>
  </testcase>
  <testcase name="Delete a warehouse" classname="Warehouse CRUD" time="5.574">
    <system-err><![CDATA[Aug 30, 2024 4:50:21 PM org.openqa.selenium.devtools.CdpVersionFinder findNearestMatch
WARNING: Unable to find an exact match for CDP version 128, returning the closest version; found: 127; Please update to a Selenium version that supports CDP version 128
False
False
False
False
False
False
False
False
False
False
False
False
False
False
False
False
False
False
False
False
False
False
False
]]></system-err>
  </testcase>
  <testcase name="Successful view of warehouse stocks" classname="WarehouseStock CRUD" time="6.794">
    <system-out><![CDATA[http://cim-frontend.s3-website-us-east-1.amazonaws.com/stocks
Test location Ring Pops 40000
3212 Spur Ln, Austin, Texas Air Heads 2000
3212 Spur Ln, Austin, Texas Sour Skittles 10000
3212 Spur Ln, Austin, Texas Sour Skittles 10000
3212 Spur Ln, Austin, Texas Sour Skittles 10000
3212 Spur Ln, Austin, Texas Sour Skittles 10000


]]></system-out>
    <system-err><![CDATA[Aug 30, 2024 4:51:46 PM org.openqa.selenium.devtools.CdpVersionFinder findNearestMatch
WARNING: Unable to find an exact match for CDP version 128, returning the closest version; found: 127; Please update to a Selenium version that supports CDP version 128
]]></system-err>
  </testcase>
  <testcase name="Delete a warehouse stock" classname="WarehouseStock CRUD" time="5.645">
    <system-out><![CDATA[Deleted stock Id: 65
]]></system-out>
    <system-err><![CDATA[Aug 30, 2024 4:51:53 PM org.openqa.selenium.devtools.CdpVersionFinder findNearestMatch
WARNING: Unable to find an exact match for CDP version 128, returning the closest version; found: 127; Please update to a Selenium version that supports CDP version 128
False
False
False
False
False
False
False
]]></system-err>
  </testcase>
</testsuite>