<?xml version="1.0" encoding="UTF-8"?>
<testsuite xmlns:xsi="http://www.w3.org/2001/XMLSchema-instance" xsi:noNamespaceSchemaLocation="https://maven.apache.org/surefire/maven-surefire-plugin/xsd/surefire-test-report-3.0.xsd" version="3.0" name="com.skillstorm.RunCucumberTest" time="359.49" tests="44" errors="0" skipped="0" failures="0">
  <properties>
[...]
</properties>
  <testcase name="Example #1.1" classname="Examples" time="14.09">
    <system-out><![CDATA[81
]]></system-out>
    <system-err><![CDATA[Aug 28, 2024 11:03:48 PM org.openqa.selenium.devtools.CdpVersionFinder findNearestMatch
WARNING: Unable to find an exact match for CDP version 128, returning the closest version; found: 127; Please update to a Selenium version that supports CDP version 128
]]></system-err>
  </testcase>
  <testcase name="Example #1.1" classname="Examples" time="15.386">
    <system-out><![CDATA[Updated Candy ID 1
]]></system-out>
    <system-err><![CDATA[Aug 28, 2024 11:04:20 PM org.openqa.selenium.devtools.CdpVersionFinder findNearestMatch
WARNING: Unable to find an exact match for CDP version 128, returning the closest version; found: 127; Please update to a Selenium version that supports CDP version 128
]]></system-err>
  </testcase>
  <testcase name="Example #1.1" classname="Examples" time="5.03">
    <system-out><![CDATA[true
]]></system-out>
    <system-err><![CDATA[Aug 28, 2024 11:05:23 PM org.openqa.selenium.devtools.CdpVersionFinder findNearestMatch
WARNING: Unable to find an exact match for CDP version 128, returning the closest version; found: 127; Please update to a Selenium version that supports CDP version 128
]]></system-err>
  </testcase>
  <testcase name="Example #1.1" classname="Examples" time="9.874">
    <system-out><![CDATA[DJ Kim Ring Pops 7.99 365
DJ Kim Ring Pops 7.99 365
DJ Kim Ring Pops 7.99 365
Micheal Phelps Sour Skittles 3.99 200
DJ Kim Ring Pops 7.99 365
Micheal Phelps Sour Skittles 3.99 200
Micheal Phelps Sour Skittles 3.99 200
Micheal Phelps Sour Skittles 3.99 200
Micheal Phelps Sour Skittles 3.99 200
]]></system-out>
    <system-err><![CDATA[Aug 28, 2024 11:05:48 PM org.openqa.selenium.devtools.CdpVersionFinder findNearestMatch
WARNING: Unable to find an exact match for CDP version 128, returning the closest version; found: 127; Please update to a Selenium version that supports CDP version 128
]]></system-err>
  </testcase>
  <testcase name="Example #1.1" classname="Examples" time="9.937">
    <system-out><![CDATA[DJ Kim Ring Pops 7.99 365
DJ Kim Ring Pops 7.99 365
DJ Kim Ring Pops 7.99 365
Micheal Phelps Sour Skittles 3.99 200
DJ Kim Ring Pops 7.99 365
Micheal Phelps Sour Skittles 3.99 200
Micheal Phelps Sour Skittles 3.99 200
Micheal Phelps Sour Skittles 3.99 200
Micheal Phelps Sour Skittles 3.99 200
]]></system-out>
    <system-err><![CDATA[Aug 28, 2024 11:05:57 PM org.openqa.selenium.devtools.CdpVersionFinder findNearestMatch
WARNING: Unable to find an exact match for CDP version 128, returning the closest version; found: 127; Please update to a Selenium version that supports CDP version 128
]]></system-err>
  </testcase>
  <testcase name="Example #1.1" classname="Examples" time="20.514">
    <system-out><![CDATA[40
]]></system-out>
    <system-err><![CDATA[Aug 28, 2024 11:06:13 PM org.openqa.selenium.devtools.CdpVersionFinder findNearestMatch
WARNING: Unable to find an exact match for CDP version 128, returning the closest version; found: 127; Please update to a Selenium version that supports CDP version 128
]]></system-err>
  </testcase>
  <testcase name="Example #1.1" classname="Examples" time="23.302">
    <system-out><![CDATA[Updated Candy ID 1
]]></system-out>
    <system-err><![CDATA[Aug 28, 2024 11:06:41 PM org.openqa.selenium.devtools.CdpVersionFinder findNearestMatch
WARNING: Unable to find an exact match for CDP version 128, returning the closest version; found: 127; Please update to a Selenium version that supports CDP version 128
]]></system-err>
  </testcase>
  <testcase name="Example #1.1" classname="Examples" time="9.389">
    <system-out><![CDATA[3212 Spur Ln, Austin, Texas
]]></system-out>
    <system-err><![CDATA[Aug 28, 2024 11:07:29 PM org.openqa.selenium.devtools.CdpVersionFinder findNearestMatch
WARNING: Unable to find an exact match for CDP version 128, returning the closest version; found: 127; Please update to a Selenium version that supports CDP version 128
]]></system-err>
  </testcase>
  <testcase name="Example #1.1" classname="Examples" time="10.93">
    <system-out><![CDATA[New warehouse location: 3212 Spur Ln, Austin, Texas
]]></system-out>
    <system-err><![CDATA[Aug 28, 2024 11:07:47 PM org.openqa.selenium.devtools.CdpVersionFinder findNearestMatch
WARNING: Unable to find an exact match for CDP version 128, returning the closest version; found: 127; Please update to a Selenium version that supports CDP version 128
]]></system-err>
  </testcase>
  <testcase name="Example #1.1" classname="Examples" time="8.994">
    <system-out><![CDATA[false
]]></system-out>
    <system-err><![CDATA[Aug 28, 2024 11:08:12 PM org.openqa.selenium.devtools.CdpVersionFinder findNearestMatch
WARNING: Unable to find an exact match for CDP version 128, returning the closest version; found: 127; Please update to a Selenium version that supports CDP version 128
]]></system-err>
  </testcase>
  <testcase name="Example #1.1" classname="Examples" time="8.987">
    <system-out><![CDATA[false
]]></system-out>
    <system-err><![CDATA[Aug 28, 2024 11:08:21 PM org.openqa.selenium.devtools.CdpVersionFinder findNearestMatch
WARNING: Unable to find an exact match for CDP version 128, returning the closest version; found: 127; Please update to a Selenium version that supports CDP version 128
]]></system-err>
  </testcase>
  <testcase name="Example #1.1" classname="Examples" time="8.194">
    <system-out><![CDATA[false
]]></system-out>
    <system-err><![CDATA[Aug 28, 2024 11:08:57 PM org.openqa.selenium.devtools.CdpVersionFinder findNearestMatch
WARNING: Unable to find an exact match for CDP version 128, returning the closest version; found: 127; Please update to a Selenium version that supports CDP version 128
]]></system-err>
  </testcase>
  <testcase name="Example #1.1" classname="Examples" time="8.07">
    <system-out><![CDATA[false
]]></system-out>
    <system-err><![CDATA[Aug 28, 2024 11:09:05 PM org.openqa.selenium.devtools.CdpVersionFinder findNearestMatch
WARNING: Unable to find an exact match for CDP version 128, returning the closest version; found: 127; Please update to a Selenium version that supports CDP version 128
]]></system-err>
  </testcase>
  <testcase name="Example #1.2" classname="Examples" time="13.61">
    <system-out><![CDATA[82
]]></system-out>
    <system-err><![CDATA[Aug 28, 2024 11:04:02 PM org.openqa.selenium.devtools.CdpVersionFinder findNearestMatch
WARNING: Unable to find an exact match for CDP version 128, returning the closest version; found: 127; Please update to a Selenium version that supports CDP version 128
]]></system-err>
  </testcase>
  <testcase name="Example #1.2" classname="Examples" time="4.991">
    <system-out><![CDATA[false
]]></system-out>
    <system-err><![CDATA[Aug 28, 2024 11:05:28 PM org.openqa.selenium.devtools.CdpVersionFinder findNearestMatch
WARNING: Unable to find an exact match for CDP version 128, returning the closest version; found: 127; Please update to a Selenium version that supports CDP version 128
]]></system-err>
  </testcase>
  <testcase name="Example #1.2" classname="Examples" time="9.335">
    <system-out><![CDATA[3212 Spur Ln, Austin, Texas
]]></system-out>
    <system-err><![CDATA[Aug 28, 2024 11:07:38 PM org.openqa.selenium.devtools.CdpVersionFinder findNearestMatch
WARNING: Unable to find an exact match for CDP version 128, returning the closest version; found: 127; Please update to a Selenium version that supports CDP version 128
]]></system-err>
  </testcase>
  <testcase name="Example #1.2" classname="Examples" time="9.07">
    <system-out><![CDATA[false
]]></system-out>
    <system-err><![CDATA[Aug 28, 2024 11:08:30 PM org.openqa.selenium.devtools.CdpVersionFinder findNearestMatch
WARNING: Unable to find an exact match for CDP version 128, returning the closest version; found: 127; Please update to a Selenium version that supports CDP version 128
]]></system-err>
  </testcase>
  <testcase name="Example #1.2" classname="Examples" time="8.064">
    <system-out><![CDATA[false
]]></system-out>
    <system-err><![CDATA[Aug 28, 2024 11:09:13 PM org.openqa.selenium.devtools.CdpVersionFinder findNearestMatch
WARNING: Unable to find an exact match for CDP version 128, returning the closest version; found: 127; Please update to a Selenium version that supports CDP version 128
]]></system-err>
  </testcase>
  <testcase name="Example #1.3" classname="Examples" time="4.99">
    <system-out><![CDATA[true
]]></system-out>
    <system-err><![CDATA[Aug 28, 2024 11:05:33 PM org.openqa.selenium.devtools.CdpVersionFinder findNearestMatch
WARNING: Unable to find an exact match for CDP version 128, returning the closest version; found: 127; Please update to a Selenium version that supports CDP version 128
]]></system-err>
  </testcase>
  <testcase name="Example #1.3" classname="Examples" time="8.855">
    <system-out><![CDATA[false
]]></system-out>
    <system-err><![CDATA[Aug 28, 2024 11:08:39 PM org.openqa.selenium.devtools.CdpVersionFinder findNearestMatch
WARNING: Unable to find an exact match for CDP version 128, returning the closest version; found: 127; Please update to a Selenium version that supports CDP version 128
]]></system-err>
  </testcase>
  <testcase name="Example #1.3" classname="Examples" time="8.18">
    <system-out><![CDATA[false
]]></system-out>
    <system-err><![CDATA[Aug 28, 2024 11:09:21 PM org.openqa.selenium.devtools.CdpVersionFinder findNearestMatch
WARNING: Unable to find an exact match for CDP version 128, returning the closest version; found: 127; Please update to a Selenium version that supports CDP version 128
]]></system-err>
  </testcase>
  <testcase name="Example #1.4" classname="Examples" time="4.987">
    <system-out><![CDATA[true
]]></system-out>
    <system-err><![CDATA[Aug 28, 2024 11:05:38 PM org.openqa.selenium.devtools.CdpVersionFinder findNearestMatch
WARNING: Unable to find an exact match for CDP version 128, returning the closest version; found: 127; Please update to a Selenium version that supports CDP version 128
]]></system-err>
  </testcase>
  <testcase name="Example #1.4" classname="Examples" time="8.967">
    <system-out><![CDATA[false
]]></system-out>
    <system-err><![CDATA[Aug 28, 2024 11:08:48 PM org.openqa.selenium.devtools.CdpVersionFinder findNearestMatch
WARNING: Unable to find an exact match for CDP version 128, returning the closest version; found: 127; Please update to a Selenium version that supports CDP version 128
]]></system-err>
  </testcase>
  <testcase name="Example #1.4" classname="Examples" time="7.919">
    <system-out><![CDATA[false
]]></system-out>
    <system-err><![CDATA[Aug 28, 2024 11:09:29 PM org.openqa.selenium.devtools.CdpVersionFinder findNearestMatch
WARNING: Unable to find an exact match for CDP version 128, returning the closest version; found: 127; Please update to a Selenium version that supports CDP version 128
]]></system-err>
  </testcase>
  <testcase name="Example #1.5" classname="Examples" time="4.98">
    <system-out><![CDATA[true
]]></system-out>
    <system-err><![CDATA[Aug 28, 2024 11:05:43 PM org.openqa.selenium.devtools.CdpVersionFinder findNearestMatch
WARNING: Unable to find an exact match for CDP version 128, returning the closest version; found: 127; Please update to a Selenium version that supports CDP version 128
]]></system-err>
  </testcase>
  <testcase name="Successful view of candy list" classname="Candy CRUD Operations" time="5.206">
    <system-out><![CDATA[Candy ID Candy Name Candy Type Flavor Price ($) Weight (oz.)
]]></system-out>
    <system-err><![CDATA[Aug 28, 2024 11:04:15 PM org.openqa.selenium.devtools.CdpVersionFinder findNearestMatch
WARNING: Unable to find an exact match for CDP version 128, returning the closest version; found: 127; Please update to a Selenium version that supports CDP version 128
]]></system-err>
  </testcase>
  <testcase name="Deleting a Candy" classname="Candy CRUD Operations" time="7.21">
    <system-err><![CDATA[Aug 28, 2024 11:04:36 PM org.openqa.selenium.devtools.CdpVersionFinder findNearestMatch
WARNING: Unable to find an exact match for CDP version 128, returning the closest version; found: 127; Please update to a Selenium version that supports CDP version 128
False
False
False
False
False
False
False
False
False
False
False
False
False
False
False
False
]]></system-err>
  </testcase>
  <testcase name="Successfully navigate to the home page" classname="Navigation Links" time="4.01">
    <system-err><![CDATA[Aug 28, 2024 11:04:43 PM org.openqa.selenium.devtools.CdpVersionFinder findNearestMatch
WARNING: Unable to find an exact match for CDP version 128, returning the closest version; found: 127; Please update to a Selenium version that supports CDP version 128
]]></system-err>
  </testcase>
  <testcase name="Successfully navigate to Warehouse List page" classname="Navigation Links" time="6.104">
    <system-out><![CDATA[Warehouse List
]]></system-out>
    <system-err><![CDATA[Aug 28, 2024 11:04:47 PM org.openqa.selenium.devtools.CdpVersionFinder findNearestMatch
WARNING: Unable to find an exact match for CDP version 128, returning the closest version; found: 127; Please update to a Selenium version that supports CDP version 128
]]></system-err>
  </testcase>
  <testcase name="Successfully navigate to Candy Inventory page" classname="Navigation Links" time="4.053">
    <system-out><![CDATA[Candy Inventory
]]></system-out>
    <system-err><![CDATA[Aug 28, 2024 11:04:53 PM org.openqa.selenium.devtools.CdpVersionFinder findNearestMatch
WARNING: Unable to find an exact match for CDP version 128, returning the closest version; found: 127; Please update to a Selenium version that supports CDP version 128
]]></system-err>
  </testcase>
  <testcase name="Successfully navigate to Candy Categories page" classname="Navigation Links" time="4.074">
    <system-out><![CDATA[Types of candy
]]></system-out>
    <system-err><![CDATA[Aug 28, 2024 11:04:57 PM org.openqa.selenium.devtools.CdpVersionFinder findNearestMatch
WARNING: Unable to find an exact match for CDP version 128, returning the closest version; found: 127; Please update to a Selenium version that supports CDP version 128
]]></system-err>
  </testcase>
  <testcase name="Successfully navigate to List of Orders page" classname="Navigation Links" time="4.052">
    <system-out><![CDATA[Order List
]]></system-out>
    <system-err><![CDATA[Aug 28, 2024 11:05:01 PM org.openqa.selenium.devtools.CdpVersionFinder findNearestMatch
WARNING: Unable to find an exact match for CDP version 128, returning the closest version; found: 127; Please update to a Selenium version that supports CDP version 128
]]></system-err>
  </testcase>
  <testcase name="Successfully navigate to Order Info page" classname="Navigation Links" time="4.106">
    <system-out><![CDATA[Order Information
]]></system-out>
    <system-err><![CDATA[Aug 28, 2024 11:05:05 PM org.openqa.selenium.devtools.CdpVersionFinder findNearestMatch
WARNING: Unable to find an exact match for CDP version 128, returning the closest version; found: 127; Please update to a Selenium version that supports CDP version 128
]]></system-err>
  </testcase>
  <testcase name="Successfully navigate to About page" classname="Navigation Links" time="4.062">
    <system-out><![CDATA[This is your one stop shop for Candy Inventory Management. You will be able add different candy products you wish to store and also delete any you do not want. You can also see how many warehouses you currenly have, how much capacity they each have, how much stock they hold, and their location. In addition you can keep track of people who have ordered from you and associated order information.
]]></system-out>
    <system-err><![CDATA[Aug 28, 2024 11:05:09 PM org.openqa.selenium.devtools.CdpVersionFinder findNearestMatch
WARNING: Unable to find an exact match for CDP version 128, returning the closest version; found: 127; Please update to a Selenium version that supports CDP version 128
]]></system-err>
  </testcase>
  <testcase name="Successfully navigate to Warehouse Stock page" classname="Navigation Links" time="4.075">
    <system-out><![CDATA[Stock Inventory
]]></system-out>
    <system-err><![CDATA[Aug 28, 2024 11:05:13 PM org.openqa.selenium.devtools.CdpVersionFinder findNearestMatch
WARNING: Unable to find an exact match for CDP version 128, returning the closest version; found: 127; Please update to a Selenium version that supports CDP version 128
]]></system-err>
  </testcase>
  <testcase name="Successfully navigate with Add a Warehouse button" classname="Navigation Links" time="5.02">
    <system-out><![CDATA[Warehouse List
]]></system-out>
    <system-err><![CDATA[Aug 28, 2024 11:05:18 PM org.openqa.selenium.devtools.CdpVersionFinder findNearestMatch
WARNING: Unable to find an exact match for CDP version 128, returning the closest version; found: 127; Please update to a Selenium version that supports CDP version 128
]]></system-err>
  </testcase>
  <testcase name="Deleting an order item" classname="OrderItem CRUD operations" time="5.215">
    <system-err><![CDATA[Aug 28, 2024 11:06:07 PM org.openqa.selenium.devtools.CdpVersionFinder findNearestMatch
WARNING: Unable to find an exact match for CDP version 128, returning the closest version; found: 127; Please update to a Selenium version that supports CDP version 128
False
False
False
False
False
False
False
False
False
]]></system-err>
  </testcase>
  <testcase name="View the order list table" classname="Order CRUD operations" time="8.159">
    <system-out><![CDATA[Order Id Customer Name Order Date Status Customer Address
1 DJ Kim 2021-06-17 Completed 1011 Super Address Dr, Ballston VA, 10234
2 Victoria Ombuna 2022-05-08 Completed 33 Big Rock Cove Street Queensbury, NY 12804
36 Micheal Phelps 2024-08-10 Pending Test
37 -1 2024-08-30 Ordered -1


]]></system-out>
    <system-err><![CDATA[Aug 28, 2024 11:06:33 PM org.openqa.selenium.devtools.CdpVersionFinder findNearestMatch
WARNING: Unable to find an exact match for CDP version 128, returning the closest version; found: 127; Please update to a Selenium version that supports CDP version 128
]]></system-err>
  </testcase>
  <testcase name="Delete an order" classname="Order CRUD operations" time="12.141">
    <system-err><![CDATA[Aug 28, 2024 11:07:05 PM org.openqa.selenium.devtools.CdpVersionFinder findNearestMatch
WARNING: Unable to find an exact match for CDP version 128, returning the closest version; found: 127; Please update to a Selenium version that supports CDP version 128
False
False
False
False
False
]]></system-err>
  </testcase>
  <testcase name="Delete an order" classname="Order CRUD operations" time="11.948">
    <system-err><![CDATA[Aug 28, 2024 11:07:17 PM org.openqa.selenium.devtools.CdpVersionFinder findNearestMatch
WARNING: Unable to find an exact match for CDP version 128, returning the closest version; found: 127; Please update to a Selenium version that supports CDP version 128
False
False
False
False
]]></system-err>
  </testcase>
  <testcase name="Successful view of warehouse list" classname="Warehouse CRUD" time="6.177">
    <system-out><![CDATA[Warehouse Id Location Stock/Capacity Actions
]]></system-out>
    <system-err><![CDATA[Aug 28, 2024 11:07:58 PM org.openqa.selenium.devtools.CdpVersionFinder findNearestMatch
WARNING: Unable to find an exact match for CDP version 128, returning the closest version; found: 127; Please update to a Selenium version that supports CDP version 128
]]></system-err>
  </testcase>
  <testcase name="Delete a warehouse" classname="Warehouse CRUD" time="7.346">
    <system-err><![CDATA[Aug 28, 2024 11:08:05 PM org.openqa.selenium.devtools.CdpVersionFinder findNearestMatch
WARNING: Unable to find an exact match for CDP version 128, returning the closest version; found: 127; Please update to a Selenium version that supports CDP version 128
False
False
False
False
False
False
False
False
False
False
]]></system-err>
  </testcase>
  <testcase name="Successful view of warehouse stocks" classname="WarehouseStock CRUD" time="4.333">
    <system-out><![CDATA[http://cim-frontend.s3-website-us-east-1.amazonaws.com/stocks
3212 Spur Ln, Austin, Texas Haribo's 20
Test location Haribo's 20
3212 Spur Ln, Austin, Texas Sour Skittles 10000
Test location Air Heads 2000
Test location Sour Skittles 2000
Test location Air Heads 10000
]]></system-out>
    <system-err><![CDATA[Aug 28, 2024 11:09:37 PM org.openqa.selenium.devtools.CdpVersionFinder findNearestMatch
WARNING: Unable to find an exact match for CDP version 128, returning the closest version; found: 127; Please update to a Selenium version that supports CDP version 128
]]></system-err>
  </testcase>
  <testcase name="Delete a warehouse stock" classname="WarehouseStock CRUD" time="5.383">
    <system-out><![CDATA[Deleted row: 3212 Spur Ln, Austin, Texas Haribo's 20
]]></system-out>
    <system-err><![CDATA[Aug 28, 2024 11:09:41 PM org.openqa.selenium.devtools.CdpVersionFinder findNearestMatch
WARNING: Unable to find an exact match for CDP version 128, returning the closest version; found: 127; Please update to a Selenium version that supports CDP version 128
False
False
False
False
False
]]></system-err>
  </testcase>
</testsuite>