<?xml version="1.0" encoding="UTF-8"?>
<testng-results ignored="0" total="1" passed="1" failed="0" skipped="0">
  <reporter-output>
  </reporter-output>
  <suite started-at="2024-08-19T14:46:11 EDT" name="Surefire suite" finished-at="2024-08-19T14:46:12 EDT" duration-ms="1256">
    <groups>
      <group name="cucumber">
        <method signature="AbstractTestNGCucumberTests.runScenario(io.cucumber.testng.PickleWrapper,io.cucumber.testng.FeatureWrapper)[pri:0, instance:com.skillstorm.Test.TestRunner@1460a8c0]" name="runScenario" class="io.cucumber.testng.AbstractTestNGCucumberTests"/>
      </group> <!-- cucumber -->
    </groups>
    <test started-at="2024-08-19T14:46:11 EDT" name="Surefire test" finished-at="2024-08-19T14:46:12 EDT" duration-ms="1256">
      <class name="com.skillstorm.Test.TestRunner">
        <test-method is-config="true" signature="setUpClass(org.testng.ITestContext)[pri:0, instance:com.skillstorm.Test.TestRunner@1460a8c0]" started-at="2024-08-19T14:46:11 EDT" name="setUpClass" finished-at="2024-08-19T14:46:11 EDT" duration-ms="151" status="PASS">
          <params>
            <param index="0">
              <value>
                <![CDATA[org.testng.TestRunner@2d746ce4]]>
              </value>
            </param>
          </params>
          <reporter-output>
          </reporter-output>
        </test-method> <!-- setUpClass -->
        <test-method is-config="true" signature="setUp()[pri:0, instance:com.skillstorm.Test.TestRunner@1460a8c0]" started-at="2024-08-19T14:46:11 EDT" name="setUp" finished-at="2024-08-19T14:46:11 EDT" duration-ms="0" status="PASS">
          <reporter-output>
          </reporter-output>
        </test-method> <!-- setUp -->
        <test-method signature="runScenario(io.cucumber.testng.PickleWrapper,io.cucumber.testng.FeatureWrapper)[pri:0, instance:com.skillstorm.Test.TestRunner@1460a8c0]" started-at="2024-08-19T14:46:11 EDT" name="runScenario" description="Runs Cucumber Scenarios" data-provider="scenarios" finished-at="2024-08-19T14:46:12 EDT" duration-ms="1072" status="PASS">
          <params>
            <param index="0">
              <value>
                <![CDATA["Successfully navigate to the home page"]]>
              </value>
            </param>
            <param index="1">
              <value>
                <![CDATA["Navigation Links"]]>
              </value>
            </param>
          </params>
          <reporter-output>
          </reporter-output>
        </test-method> <!-- runScenario -->
        <test-method is-config="true" signature="tearDown()[pri:0, instance:com.skillstorm.Test.TestRunner@1460a8c0]" started-at="2024-08-19T14:46:12 EDT" name="tearDown" finished-at="2024-08-19T14:46:12 EDT" duration-ms="0" status="PASS">
          <reporter-output>
          </reporter-output>
        </test-method> <!-- tearDown -->
        <test-method is-config="true" signature="tearDownClass()[pri:0, instance:com.skillstorm.Test.TestRunner@1460a8c0]" started-at="2024-08-19T14:46:12 EDT" name="tearDownClass" finished-at="2024-08-19T14:46:12 EDT" duration-ms="20" status="PASS">
          <reporter-output>
          </reporter-output>
        </test-method> <!-- tearDownClass -->
      </class> <!-- com.skillstorm.Test.TestRunner -->
    </test> <!-- Surefire test -->
  </suite> <!-- Surefire suite -->
</testng-results>
