<?xml version="1.0" encoding="UTF-8"?>
<testng-results ignored="0" total="13" passed="13" failed="0" skipped="0">
  <reporter-output>
  </reporter-output>
  <suite started-at="2024-09-06T12:29:53 EDT" name="Cucumber Suite" finished-at="2024-09-06T12:32:10 EDT" duration-ms="136437">
    <groups>
      <group name="cucumber">
        <method signature="AbstractTestNGCucumberTests.runScenario(io.cucumber.testng.PickleWrapper,io.cucumber.testng.FeatureWrapper)[pri:0, instance:com.skillstorm.RunCucumberTest@5b529706]" name="runScenario" class="io.cucumber.testng.AbstractTestNGCucumberTests"/>
      </group> <!-- cucumber -->
    </groups>
    <test started-at="2024-09-06T12:29:53 EDT" name="Cucumber Tests" finished-at="2024-09-06T12:32:10 EDT" duration-ms="136437">
      <class name="com.skillstorm.RunCucumberTest">
        <test-method is-config="true" signature="setUpClass(org.testng.ITestContext)[pri:0, instance:com.skillstorm.RunCucumberTest@5b529706]" started-at="2024-09-06T12:29:53 EDT" name="setUpClass" finished-at="2024-09-06T12:29:54 EDT" duration-ms="374" status="PASS">
          <params>
            <param index="0">
              <value>
                <![CDATA[org.testng.TestRunner@29ebaf2f]]>
              </value>
            </param>
          </params>
          <reporter-output>
          </reporter-output>
        </test-method> <!-- setUpClass -->
        <test-method signature="runScenario(io.cucumber.testng.PickleWrapper,io.cucumber.testng.FeatureWrapper)[pri:0, instance:com.skillstorm.RunCucumberTest@5b529706]" started-at="2024-09-06T12:29:54 EDT" name="runScenario" description="Runs Cucumber Scenarios" data-provider="scenarios" finished-at="2024-09-06T12:30:06 EDT" duration-ms="12804" status="PASS">
          <params>
            <param index="0">
              <value>
                <![CDATA["Creating a Candy"]]>
              </value>
            </param>
            <param index="1">
              <value>
                <![CDATA["Candy CRUD Operations"]]>
              </value>
            </param>
          </params>
          <reporter-output>
          </reporter-output>
        </test-method> <!-- runScenario -->
        <test-method signature="runScenario(io.cucumber.testng.PickleWrapper,io.cucumber.testng.FeatureWrapper)[pri:0, instance:com.skillstorm.RunCucumberTest@5b529706]" started-at="2024-09-06T12:30:06 EDT" name="runScenario" description="Runs Cucumber Scenarios" data-provider="scenarios" finished-at="2024-09-06T12:30:17 EDT" duration-ms="10843" status="PASS">
          <params>
            <param index="0">
              <value>
                <![CDATA["Creating a Candy with Invalid Data"]]>
              </value>
            </param>
            <param index="1">
              <value>
                <![CDATA["Candy CRUD Operations"]]>
              </value>
            </param>
          </params>
          <reporter-output>
          </reporter-output>
        </test-method> <!-- runScenario -->
        <test-method signature="runScenario(io.cucumber.testng.PickleWrapper,io.cucumber.testng.FeatureWrapper)[pri:0, instance:com.skillstorm.RunCucumberTest@5b529706]" started-at="2024-09-06T12:30:17 EDT" name="runScenario" description="Runs Cucumber Scenarios" data-provider="scenarios" finished-at="2024-09-06T12:30:28 EDT" duration-ms="10192" status="PASS">
          <params>
            <param index="0">
              <value>
                <![CDATA["Creating a Candy with Invalid Data"]]>
              </value>
            </param>
            <param index="1">
              <value>
                <![CDATA["Candy CRUD Operations"]]>
              </value>
            </param>
          </params>
          <reporter-output>
          </reporter-output>
        </test-method> <!-- runScenario -->
        <test-method signature="runScenario(io.cucumber.testng.PickleWrapper,io.cucumber.testng.FeatureWrapper)[pri:0, instance:com.skillstorm.RunCucumberTest@5b529706]" started-at="2024-09-06T12:30:28 EDT" name="runScenario" description="Runs Cucumber Scenarios" data-provider="scenarios" finished-at="2024-09-06T12:30:38 EDT" duration-ms="10867" status="PASS">
          <params>
            <param index="0">
              <value>
                <![CDATA["Creating a Candy with Invalid Data"]]>
              </value>
            </param>
            <param index="1">
              <value>
                <![CDATA["Candy CRUD Operations"]]>
              </value>
            </param>
          </params>
          <reporter-output>
          </reporter-output>
        </test-method> <!-- runScenario -->
        <test-method signature="runScenario(io.cucumber.testng.PickleWrapper,io.cucumber.testng.FeatureWrapper)[pri:0, instance:com.skillstorm.RunCucumberTest@5b529706]" started-at="2024-09-06T12:30:38 EDT" name="runScenario" description="Runs Cucumber Scenarios" data-provider="scenarios" finished-at="2024-09-06T12:30:49 EDT" duration-ms="10875" status="PASS">
          <params>
            <param index="0">
              <value>
                <![CDATA["Creating a Candy with Invalid Data"]]>
              </value>
            </param>
            <param index="1">
              <value>
                <![CDATA["Candy CRUD Operations"]]>
              </value>
            </param>
          </params>
          <reporter-output>
          </reporter-output>
        </test-method> <!-- runScenario -->
        <test-method signature="runScenario(io.cucumber.testng.PickleWrapper,io.cucumber.testng.FeatureWrapper)[pri:0, instance:com.skillstorm.RunCucumberTest@5b529706]" started-at="2024-09-06T12:30:49 EDT" name="runScenario" description="Runs Cucumber Scenarios" data-provider="scenarios" finished-at="2024-09-06T12:31:00 EDT" duration-ms="10860" status="PASS">
          <params>
            <param index="0">
              <value>
                <![CDATA["Creating a Candy with Invalid Data"]]>
              </value>
            </param>
            <param index="1">
              <value>
                <![CDATA["Candy CRUD Operations"]]>
              </value>
            </param>
          </params>
          <reporter-output>
          </reporter-output>
        </test-method> <!-- runScenario -->
        <test-method signature="runScenario(io.cucumber.testng.PickleWrapper,io.cucumber.testng.FeatureWrapper)[pri:0, instance:com.skillstorm.RunCucumberTest@5b529706]" started-at="2024-09-06T12:31:00 EDT" name="runScenario" description="Runs Cucumber Scenarios" data-provider="scenarios" finished-at="2024-09-06T12:31:11 EDT" duration-ms="10922" status="PASS">
          <params>
            <param index="0">
              <value>
                <![CDATA["Creating a Candy with Invalid Data"]]>
              </value>
            </param>
            <param index="1">
              <value>
                <![CDATA["Candy CRUD Operations"]]>
              </value>
            </param>
          </params>
          <reporter-output>
          </reporter-output>
        </test-method> <!-- runScenario -->
        <test-method signature="runScenario(io.cucumber.testng.PickleWrapper,io.cucumber.testng.FeatureWrapper)[pri:0, instance:com.skillstorm.RunCucumberTest@5b529706]" started-at="2024-09-06T12:31:11 EDT" name="runScenario" description="Runs Cucumber Scenarios" data-provider="scenarios" finished-at="2024-09-06T12:31:22 EDT" duration-ms="10823" status="PASS">
          <params>
            <param index="0">
              <value>
                <![CDATA["Creating a Candy with Invalid Data"]]>
              </value>
            </param>
            <param index="1">
              <value>
                <![CDATA["Candy CRUD Operations"]]>
              </value>
            </param>
          </params>
          <reporter-output>
          </reporter-output>
        </test-method> <!-- runScenario -->
        <test-method signature="runScenario(io.cucumber.testng.PickleWrapper,io.cucumber.testng.FeatureWrapper)[pri:0, instance:com.skillstorm.RunCucumberTest@5b529706]" started-at="2024-09-06T12:31:22 EDT" name="runScenario" description="Runs Cucumber Scenarios" data-provider="scenarios" finished-at="2024-09-06T12:31:33 EDT" duration-ms="10870" status="PASS">
          <params>
            <param index="0">
              <value>
                <![CDATA["Creating a Candy with Invalid Data"]]>
              </value>
            </param>
            <param index="1">
              <value>
                <![CDATA["Candy CRUD Operations"]]>
              </value>
            </param>
          </params>
          <reporter-output>
          </reporter-output>
        </test-method> <!-- runScenario -->
        <test-method signature="runScenario(io.cucumber.testng.PickleWrapper,io.cucumber.testng.FeatureWrapper)[pri:0, instance:com.skillstorm.RunCucumberTest@5b529706]" started-at="2024-09-06T12:31:33 EDT" name="runScenario" description="Runs Cucumber Scenarios" data-provider="scenarios" finished-at="2024-09-06T12:31:44 EDT" duration-ms="10842" status="PASS">
          <params>
            <param index="0">
              <value>
                <![CDATA["Creating a Candy with Invalid Data"]]>
              </value>
            </param>
            <param index="1">
              <value>
                <![CDATA["Candy CRUD Operations"]]>
              </value>
            </param>
          </params>
          <reporter-output>
          </reporter-output>
        </test-method> <!-- runScenario -->
        <test-method signature="runScenario(io.cucumber.testng.PickleWrapper,io.cucumber.testng.FeatureWrapper)[pri:0, instance:com.skillstorm.RunCucumberTest@5b529706]" started-at="2024-09-06T12:31:44 EDT" name="runScenario" description="Runs Cucumber Scenarios" data-provider="scenarios" finished-at="2024-09-06T12:31:51 EDT" duration-ms="6948" status="PASS">
          <params>
            <param index="0">
              <value>
                <![CDATA["Successful view of candy list"]]>
              </value>
            </param>
            <param index="1">
              <value>
                <![CDATA["Candy CRUD Operations"]]>
              </value>
            </param>
          </params>
          <reporter-output>
          </reporter-output>
        </test-method> <!-- runScenario -->
        <test-method signature="runScenario(io.cucumber.testng.PickleWrapper,io.cucumber.testng.FeatureWrapper)[pri:0, instance:com.skillstorm.RunCucumberTest@5b529706]" started-at="2024-09-06T12:31:51 EDT" name="runScenario" description="Runs Cucumber Scenarios" data-provider="scenarios" finished-at="2024-09-06T12:32:03 EDT" duration-ms="12122" status="PASS">
          <params>
            <param index="0">
              <value>
                <![CDATA["Updating a Candy"]]>
              </value>
            </param>
            <param index="1">
              <value>
                <![CDATA["Candy CRUD Operations"]]>
              </value>
            </param>
          </params>
          <reporter-output>
          </reporter-output>
        </test-method> <!-- runScenario -->
        <test-method signature="runScenario(io.cucumber.testng.PickleWrapper,io.cucumber.testng.FeatureWrapper)[pri:0, instance:com.skillstorm.RunCucumberTest@5b529706]" started-at="2024-09-06T12:32:03 EDT" name="runScenario" description="Runs Cucumber Scenarios" data-provider="scenarios" finished-at="2024-09-06T12:32:10 EDT" duration-ms="7051" status="PASS">
          <params>
            <param index="0">
              <value>
                <![CDATA["Deleting a Candy"]]>
              </value>
            </param>
            <param index="1">
              <value>
                <![CDATA["Candy CRUD Operations"]]>
              </value>
            </param>
          </params>
          <reporter-output>
          </reporter-output>
        </test-method> <!-- runScenario -->
        <test-method is-config="true" signature="tearDownClass()[pri:0, instance:com.skillstorm.RunCucumberTest@5b529706]" started-at="2024-09-06T12:32:10 EDT" name="tearDownClass" finished-at="2024-09-06T12:32:10 EDT" duration-ms="14" status="PASS">
          <reporter-output>
          </reporter-output>
        </test-method> <!-- tearDownClass -->
      </class> <!-- com.skillstorm.RunCucumberTest -->
    </test> <!-- Cucumber Tests -->
  </suite> <!-- Cucumber Suite -->
</testng-results>
