<?xml version="1.0" encoding="UTF-8"?>
<testsuite xmlns:xsi="http://www.w3.org/2001/XMLSchema-instance" xsi:noNamespaceSchemaLocation="https://maven.apache.org/surefire/maven-surefire-plugin/xsd/surefire-test-report-3.0.xsd" version="3.0" name="com.skillstorm.cucumber.RunCucumberTest" time="46.205" tests="2" errors="0" skipped="0" failures="0">
  <properties>
[...]
</properties>
  <testcase name="Example #1.1" classname="Examples" time="33.828">
    <system-out><![CDATA[
@Warehouse
Scenario Outline: Updating a warehouse                                                       &amp#27;[90m# com/skillstorm/warehouse.feature:18&amp#27;[0m
  &amp#27;[32mGiven &amp#27;[0m&amp#27;[32mI am on the Warehouse List page&amp#27;[0m                                                      &amp#27;[90m# com.skillstorm.cucumber.StepDefinitions.iAmOnTheWarehouseListPage()&amp#27;[0m
  &amp#27;[32mWhen &amp#27;[0m&amp#27;[32mI click on the edit icon for the Warehouse I want to edit&amp#27;[0m                             &amp#27;[90m# com.skillstorm.cucumber.StepDefinitions.iClickOnTheEditIconForTheWarehouseIWantToEdit()&amp#27;[0m
  &amp#27;[32mAnd &amp#27;[0m&amp#27;[32mI change the &amp#27;[0m&amp#27;[32m&amp#27;[1m"New location 3"&amp#27;[0m&amp#27;[32m and/or &amp#27;[0m&amp#27;[32m&amp#27;[1m"10000"&amp#27;[0m&amp#27;[32m with valid information&amp#27;[0m                    &amp#27;[90m# com.skillstorm.cucumber.StepDefinitions.iChangeWithValidCredentials(java.lang.String,java.lang.String)&amp#27;[0m
  &amp#27;[32mAnd &amp#27;[0m&amp#27;[32mI click on the UPDATE WAREHOUSE button&amp#27;[0m                                                 &amp#27;[90m# com.skillstorm.cucumber.StepDefinitions.iClickOnTheUpdateWarehouseButton()&amp#27;[0m
New warehouse location: New location 3
  &amp#27;[32mThen &amp#27;[0m&amp#27;[32mI should see the updated details for the Warehouse I edited in the list of Warehouses&amp#27;[0m &amp#27;[90m# com.skillstorm.cucumber.StepDefinitions.iShouldSeeTheUpdatedDetailsForTheWarehouseIEditedInTheListOfWarehouses()&amp#27;[0m
]]></system-out>
  </testcase>
  <testcase name="Delete a warehouse" classname="Warehouse CRUD" time="12.282">
    <system-out><![CDATA[
@Warehouse
Scenario: Delete a warehouse                                         &amp#27;[90m# com/skillstorm/warehouse.feature:20&amp#27;[0m
  &amp#27;[32mGiven &amp#27;[0m&amp#27;[32mI am on the Warehouse List page&amp#27;[0m                              &amp#27;[90m# com.skillstorm.cucumber.StepDefinitions.iAmOnTheWarehouseListPage()&amp#27;[0m
New location
Warehouse Id Location Stock/Capacity Actions
24 New location 3 0/10000
true
  &amp#27;[32mWhen &amp#27;[0m&amp#27;[32mI click on the delete icon for the Warehouse I want to delete&amp#27;[0m &amp#27;[90m# com.skillstorm.cucumber.StepDefinitions.iClickOnTheDeleteIconForTheWarehouseIWantToDelete()&amp#27;[0m
  &amp#27;[32mThen &amp#27;[0m&amp#27;[32mthe warehouse should be removed from the list&amp#27;[0m                 &amp#27;[90m# com.skillstorm.cucumber.StepDefinitions.theWarehouseShouldBeRemovedFromTheList()&amp#27;[0m
]]></system-out>
  </testcase>
</testsuite>