<?xml version="1.0" encoding="UTF-8"?>
<testsuite name="TestNGTest-df8ccfa4-e7bf-4cea-9b51-58fb51434e16"
           tests="3"
           failures="0"
           errors="0"
           skipped="0"
           time="0.037">
    <properties></properties>



            <testcase
                name="testSetters"
                time="0.000"
                classname="com.skillstorm.project_one.OrderItemUnitTests">
            </testcase>
            <testcase
                name="testToString"
                time="0.003"
                classname="com.skillstorm.project_one.OrderItemUnitTests">
            </testcase>
            <testcase
                name="testGetters"
                time="0.034"
                classname="com.skillstorm.project_one.OrderItemUnitTests">
            </testcase>
</testsuite>
