<?xml version="1.0" encoding="UTF-8"?>
<testsuite name="Default test"
           tests="6"
           failures="0"
           errors="0"
           skipped="0"
           time="0.001">
    <properties></properties>



            <testcase
                name="testCreateOrders"
                time="0.000"
                classname="com.skillstorm.project_one.OrdersServiceTest">
            </testcase>
            <testcase
                name="testFindAll"
                time="0.000"
                classname="com.skillstorm.project_one.OrdersServiceTest">
            </testcase>
            <testcase
                name="testDeleteOrder"
                time="0.000"
                classname="com.skillstorm.project_one.OrdersServiceTest">
            </testcase>
            <testcase
                name="testUpdateOrders"
                time="0.001"
                classname="com.skillstorm.project_one.OrdersServiceTest">
            </testcase>
            <testcase
                name="testGetOrdersById"
                time="0.000"
                classname="com.skillstorm.project_one.OrdersServiceTest">
            </testcase>
            <testcase
                name="testFindByStatus"
                time="0.000"
                classname="com.skillstorm.project_one.OrdersServiceTest">
            </testcase>
</testsuite>
