<?xml version="1.0" encoding="UTF-8"?>
<testsuite name="Default test"
           tests="4"
           failures="0"
           errors="0"
           skipped="0"
           time="0.001">
    <properties></properties>



            <testcase
                name="testDeleteOrderItem"
                time="0.001"
                classname="com.skillstorm.project_one.OrderItemControllerTest">
            </testcase>
            <testcase
                name="testUpdateOrderItem"
                time="0.000"
                classname="com.skillstorm.project_one.OrderItemControllerTest">
            </testcase>
            <testcase
                name="testCreateOrderItem"
                time="0.000"
                classname="com.skillstorm.project_one.OrderItemControllerTest">
            </testcase>
            <testcase
                name="testFindAll"
                time="0.000"
                classname="com.skillstorm.project_one.OrderItemControllerTest">
            </testcase>
</testsuite>
