<?xml version="1.0" encoding="UTF-8"?>
<testsuite name="Default test"
           tests="5"
           failures="0"
           errors="0"
           skipped="0"
           time="0.001">
    <properties></properties>



            <testcase
                name="testSetLocationAndGetLocation"
                time="0.000"
                classname="com.skillstorm.project_one.WarehouseModelTest">
            </testcase>
            <testcase
                name="testSetCurrentStockAndGetCurrentStock"
                time="0.000"
                classname="com.skillstorm.project_one.WarehouseModelTest">
            </testcase>
            <testcase
                name="testSetCapacityAndGetCapacity"
                time="0.000"
                classname="com.skillstorm.project_one.WarehouseModelTest">
            </testcase>
            <testcase
                name="testWarehouseToString"
                time="0.001"
                classname="com.skillstorm.project_one.WarehouseModelTest">
            </testcase>
            <testcase
                name="testSetIdAndGetId"
                time="0.000"
                classname="com.skillstorm.project_one.WarehouseModelTest">
            </testcase>
</testsuite>
