<?xml version="1.0" encoding="UTF-8"?>
<testsuite name="Default test"
           tests="6"
           failures="0"
           errors="0"
           skipped="0"
           time="0.000">
    <properties></properties>



            <testcase
                name="testFindById"
                time="0.000"
                classname="com.skillstorm.project_one.WarehouseServiceTest">
            </testcase>
            <testcase
                name="testSuccessfulUpdateWarehouse"
                time="0.000"
                classname="com.skillstorm.project_one.WarehouseServiceTest">
            </testcase>
            <testcase
                name="testFindAll"
                time="0.000"
                classname="com.skillstorm.project_one.WarehouseServiceTest">
            </testcase>
            <testcase
                name="testDeleteWarehouse"
                time="0.000"
                classname="com.skillstorm.project_one.WarehouseServiceTest">
            </testcase>
            <testcase
                name="testCreateWarehouse"
                time="0.000"
                classname="com.skillstorm.project_one.WarehouseServiceTest">
            </testcase>
            <testcase
                name="testUpdateStockForWarehouse"
                time="0.000"
                classname="com.skillstorm.project_one.WarehouseServiceTest">
            </testcase>
</testsuite>
