<?xml version="1.0" encoding="UTF-8"?>
<testsuite name="Default test"
           tests="7"
           failures="0"
           errors="0"
           skipped="0"
           time="0.042">
    <properties></properties>



            <testcase
                name="testGetCandyById"
                time="0.000"
                classname="com.skillstorm.project_one.CandyControllerTest">
            </testcase>
            <testcase
                name="testGetByFlavor"
                time="0.000"
                classname="com.skillstorm.project_one.CandyControllerTest">
            </testcase>
            <testcase
                name="testUpdateCandy"
                time="0.000"
                classname="com.skillstorm.project_one.CandyControllerTest">
            </testcase>
            <testcase
                name="testGetAllCandy"
                time="0.001"
                classname="com.skillstorm.project_one.CandyControllerTest">
            </testcase>
            <testcase
                name="testCreateCandy"
                time="0.025"
                classname="com.skillstorm.project_one.CandyControllerTest">
            </testcase>
            <testcase
                name="testDeleteCandyById"
                time="0.015"
                classname="com.skillstorm.project_one.CandyControllerTest">
            </testcase>
            <testcase
                name="testGetCandyByType"
                time="0.001"
                classname="com.skillstorm.project_one.CandyControllerTest">
            </testcase>
</testsuite>
