<?xml version="1.0" encoding="UTF-8"?>
<testsuite name="Default test"
           tests="2"
           failures="0"
           errors="0"
           skipped="0"
           time="0.001">
    <properties></properties>



            <testcase
                name="testSetters"
                time="0.000"
                classname="com.skillstorm.project_one.OrderUnitTests">
            </testcase>
            <testcase
                name="testGetters"
                time="0.001"
                classname="com.skillstorm.project_one.OrderUnitTests">
            </testcase>
</testsuite>
