<?xml version="1.0" encoding="UTF-8"?>
<testsuite name="Default test"
           tests="3"
           failures="0"
           errors="0"
           skipped="0"
           time="0.003">
    <properties></properties>



            <testcase
                name="testConstructor"
                time="0.001"
                classname="com.skillstorm.project_one.OrderItemDTOUnitTests">
            </testcase>
            <testcase
                name="testToString"
                time="0.002"
                classname="com.skillstorm.project_one.OrderItemDTOUnitTests">
            </testcase>
            <testcase
                name="testGettersAndSetters"
                time="0.000"
                classname="com.skillstorm.project_one.OrderItemDTOUnitTests">
            </testcase>
</testsuite>
