<?xml version="1.0" encoding="UTF-8"?>
<testng-results ignored="0" total="76" passed="76" failed="0" skipped="0">
  <reporter-output>
  </reporter-output>
  <suite started-at="2024-08-29T00:39:17 EDT" name="Default suite" finished-at="2024-08-29T00:39:18 EDT" duration-ms="1020">
    <groups>
    </groups>
    <test started-at="2024-08-29T00:39:17 EDT" name="Default test" finished-at="2024-08-29T00:39:18 EDT" duration-ms="1020">
      <class name="com.skillstorm.project_one.OrdersControllerTest">
        <test-method is-config="true" signature="setup()[pri:0, instance:com.skillstorm.project_one.OrdersControllerTest@21a5fd96]" started-at="2024-08-29T00:39:17 EDT" name="setup" finished-at="2024-08-29T00:39:17 EDT" duration-ms="503" status="PASS">
          <reporter-output>
          </reporter-output>
        </test-method> <!-- setup -->
        <test-method signature="testCreateOrders()[pri:0, instance:com.skillstorm.project_one.OrdersControllerTest@21a5fd96]" started-at="2024-08-29T00:39:17 EDT" name="testCreateOrders" finished-at="2024-08-29T00:39:17 EDT" duration-ms="1" status="PASS">
          <reporter-output>
          </reporter-output>
        </test-method> <!-- testCreateOrders -->
        <test-method signature="testDeleteOrderById()[pri:0, instance:com.skillstorm.project_one.OrdersControllerTest@21a5fd96]" started-at="2024-08-29T00:39:17 EDT" name="testDeleteOrderById" finished-at="2024-08-29T00:39:17 EDT" duration-ms="0" status="PASS">
          <reporter-output>
          </reporter-output>
        </test-method> <!-- testDeleteOrderById -->
        <test-method signature="testFindAllOrders()[pri:0, instance:com.skillstorm.project_one.OrdersControllerTest@21a5fd96]" started-at="2024-08-29T00:39:17 EDT" name="testFindAllOrders" finished-at="2024-08-29T00:39:17 EDT" duration-ms="0" status="PASS">
          <reporter-output>
          </reporter-output>
        </test-method> <!-- testFindAllOrders -->
        <test-method signature="testFindOrdersById()[pri:0, instance:com.skillstorm.project_one.OrdersControllerTest@21a5fd96]" started-at="2024-08-29T00:39:17 EDT" name="testFindOrdersById" finished-at="2024-08-29T00:39:17 EDT" duration-ms="0" status="PASS">
          <reporter-output>
          </reporter-output>
        </test-method> <!-- testFindOrdersById -->
        <test-method signature="testFindOrdersByStatus()[pri:0, instance:com.skillstorm.project_one.OrdersControllerTest@21a5fd96]" started-at="2024-08-29T00:39:17 EDT" name="testFindOrdersByStatus" finished-at="2024-08-29T00:39:17 EDT" duration-ms="0" status="PASS">
          <reporter-output>
          </reporter-output>
        </test-method> <!-- testFindOrdersByStatus -->
        <test-method signature="testUpdateOrders()[pri:0, instance:com.skillstorm.project_one.OrdersControllerTest@21a5fd96]" started-at="2024-08-29T00:39:17 EDT" name="testUpdateOrders" finished-at="2024-08-29T00:39:17 EDT" duration-ms="0" status="PASS">
          <reporter-output>
          </reporter-output>
        </test-method> <!-- testUpdateOrders -->
        <test-method is-config="true" signature="teardown()[pri:0, instance:com.skillstorm.project_one.OrdersControllerTest@21a5fd96]" started-at="2024-08-29T00:39:18 EDT" name="teardown" finished-at="2024-08-29T00:39:18 EDT" duration-ms="0" status="PASS">
          <reporter-output>
          </reporter-output>
        </test-method> <!-- teardown -->
      </class> <!-- com.skillstorm.project_one.OrdersControllerTest -->
      <class name="com.skillstorm.project_one.CandyServiceTests">
        <test-method is-config="true" signature="setUp()[pri:0, instance:com.skillstorm.project_one.CandyServiceTests@62f87c44]" started-at="2024-08-29T00:39:17 EDT" name="setUp" finished-at="2024-08-29T00:39:17 EDT" duration-ms="32" status="PASS">
          <reporter-output>
          </reporter-output>
        </test-method> <!-- setUp -->
        <test-method signature="testCreateCandy()[pri:0, instance:com.skillstorm.project_one.CandyServiceTests@62f87c44]" started-at="2024-08-29T00:39:17 EDT" name="testCreateCandy" finished-at="2024-08-29T00:39:17 EDT" duration-ms="1" status="PASS">
          <reporter-output>
          </reporter-output>
        </test-method> <!-- testCreateCandy -->
        <test-method is-config="true" signature="teardown()[pri:0, instance:com.skillstorm.project_one.CandyServiceTests@62f87c44]" started-at="2024-08-29T00:39:17 EDT" name="teardown" finished-at="2024-08-29T00:39:17 EDT" duration-ms="0" status="PASS">
          <reporter-output>
          </reporter-output>
        </test-method> <!-- teardown -->
        <test-method signature="testDeleteCandy()[pri:0, instance:com.skillstorm.project_one.CandyServiceTests@62f87c44]" started-at="2024-08-29T00:39:17 EDT" name="testDeleteCandy" finished-at="2024-08-29T00:39:17 EDT" duration-ms="1" status="PASS">
          <reporter-output>
          </reporter-output>
        </test-method> <!-- testDeleteCandy -->
        <test-method is-config="true" signature="setUp()[pri:0, instance:com.skillstorm.project_one.CandyServiceTests@62f87c44]" started-at="2024-08-29T00:39:17 EDT" name="setUp" finished-at="2024-08-29T00:39:17 EDT" duration-ms="0" status="PASS">
          <reporter-output>
          </reporter-output>
        </test-method> <!-- setUp -->
        <test-method is-config="true" signature="setUp()[pri:0, instance:com.skillstorm.project_one.CandyServiceTests@62f87c44]" started-at="2024-08-29T00:39:17 EDT" name="setUp" finished-at="2024-08-29T00:39:17 EDT" duration-ms="1" status="PASS">
          <reporter-output>
          </reporter-output>
        </test-method> <!-- setUp -->
        <test-method is-config="true" signature="teardown()[pri:0, instance:com.skillstorm.project_one.CandyServiceTests@62f87c44]" started-at="2024-08-29T00:39:17 EDT" name="teardown" finished-at="2024-08-29T00:39:17 EDT" duration-ms="0" status="PASS">
          <reporter-output>
          </reporter-output>
        </test-method> <!-- teardown -->
        <test-method signature="testFindAll()[pri:0, instance:com.skillstorm.project_one.CandyServiceTests@62f87c44]" started-at="2024-08-29T00:39:17 EDT" name="testFindAll" finished-at="2024-08-29T00:39:17 EDT" duration-ms="0" status="PASS">
          <reporter-output>
          </reporter-output>
        </test-method> <!-- testFindAll -->
        <test-method is-config="true" signature="teardown()[pri:0, instance:com.skillstorm.project_one.CandyServiceTests@62f87c44]" started-at="2024-08-29T00:39:17 EDT" name="teardown" finished-at="2024-08-29T00:39:17 EDT" duration-ms="0" status="PASS">
          <reporter-output>
          </reporter-output>
        </test-method> <!-- teardown -->
        <test-method signature="testFindByFlavor()[pri:0, instance:com.skillstorm.project_one.CandyServiceTests@62f87c44]" started-at="2024-08-29T00:39:17 EDT" name="testFindByFlavor" finished-at="2024-08-29T00:39:17 EDT" duration-ms="1" status="PASS">
          <reporter-output>
          </reporter-output>
        </test-method> <!-- testFindByFlavor -->
        <test-method is-config="true" signature="setUp()[pri:0, instance:com.skillstorm.project_one.CandyServiceTests@62f87c44]" started-at="2024-08-29T00:39:17 EDT" name="setUp" finished-at="2024-08-29T00:39:17 EDT" duration-ms="0" status="PASS">
          <reporter-output>
          </reporter-output>
        </test-method> <!-- setUp -->
        <test-method is-config="true" signature="setUp()[pri:0, instance:com.skillstorm.project_one.CandyServiceTests@62f87c44]" started-at="2024-08-29T00:39:17 EDT" name="setUp" finished-at="2024-08-29T00:39:17 EDT" duration-ms="1" status="PASS">
          <reporter-output>
          </reporter-output>
        </test-method> <!-- setUp -->
        <test-method is-config="true" signature="teardown()[pri:0, instance:com.skillstorm.project_one.CandyServiceTests@62f87c44]" started-at="2024-08-29T00:39:17 EDT" name="teardown" finished-at="2024-08-29T00:39:17 EDT" duration-ms="0" status="PASS">
          <reporter-output>
          </reporter-output>
        </test-method> <!-- teardown -->
        <test-method signature="testFindById()[pri:0, instance:com.skillstorm.project_one.CandyServiceTests@62f87c44]" started-at="2024-08-29T00:39:17 EDT" name="testFindById" finished-at="2024-08-29T00:39:17 EDT" duration-ms="0" status="PASS">
          <reporter-output>
          </reporter-output>
        </test-method> <!-- testFindById -->
        <test-method is-config="true" signature="setUp()[pri:0, instance:com.skillstorm.project_one.CandyServiceTests@62f87c44]" started-at="2024-08-29T00:39:17 EDT" name="setUp" finished-at="2024-08-29T00:39:17 EDT" duration-ms="1" status="PASS">
          <reporter-output>
          </reporter-output>
        </test-method> <!-- setUp -->
        <test-method is-config="true" signature="teardown()[pri:0, instance:com.skillstorm.project_one.CandyServiceTests@62f87c44]" started-at="2024-08-29T00:39:17 EDT" name="teardown" finished-at="2024-08-29T00:39:17 EDT" duration-ms="0" status="PASS">
          <reporter-output>
          </reporter-output>
        </test-method> <!-- teardown -->
        <test-method signature="testFindByType()[pri:0, instance:com.skillstorm.project_one.CandyServiceTests@62f87c44]" started-at="2024-08-29T00:39:17 EDT" name="testFindByType" finished-at="2024-08-29T00:39:17 EDT" duration-ms="0" status="PASS">
          <reporter-output>
          </reporter-output>
        </test-method> <!-- testFindByType -->
        <test-method is-config="true" signature="teardown()[pri:0, instance:com.skillstorm.project_one.CandyServiceTests@62f87c44]" started-at="2024-08-29T00:39:17 EDT" name="teardown" finished-at="2024-08-29T00:39:17 EDT" duration-ms="0" status="PASS">
          <reporter-output>
          </reporter-output>
        </test-method> <!-- teardown -->
        <test-method signature="testUpdateCandy()[pri:0, instance:com.skillstorm.project_one.CandyServiceTests@62f87c44]" started-at="2024-08-29T00:39:17 EDT" name="testUpdateCandy" finished-at="2024-08-29T00:39:17 EDT" duration-ms="1" status="PASS">
          <reporter-output>
          </reporter-output>
        </test-method> <!-- testUpdateCandy -->
        <test-method is-config="true" signature="setUp()[pri:0, instance:com.skillstorm.project_one.CandyServiceTests@62f87c44]" started-at="2024-08-29T00:39:17 EDT" name="setUp" finished-at="2024-08-29T00:39:17 EDT" duration-ms="0" status="PASS">
          <reporter-output>
          </reporter-output>
        </test-method> <!-- setUp -->
        <test-method signature="testUpdateCandyThrowsException()[pri:0, instance:com.skillstorm.project_one.CandyServiceTests@62f87c44]" started-at="2024-08-29T00:39:17 EDT" name="testUpdateCandyThrowsException" finished-at="2024-08-29T00:39:17 EDT" duration-ms="2" status="PASS">
          <reporter-output>
          </reporter-output>
        </test-method> <!-- testUpdateCandyThrowsException -->
        <test-method is-config="true" signature="setUp()[pri:0, instance:com.skillstorm.project_one.CandyServiceTests@62f87c44]" started-at="2024-08-29T00:39:17 EDT" name="setUp" finished-at="2024-08-29T00:39:17 EDT" duration-ms="0" status="PASS">
          <reporter-output>
          </reporter-output>
        </test-method> <!-- setUp -->
        <test-method is-config="true" signature="teardown()[pri:0, instance:com.skillstorm.project_one.CandyServiceTests@62f87c44]" started-at="2024-08-29T00:39:17 EDT" name="teardown" finished-at="2024-08-29T00:39:17 EDT" duration-ms="0" status="PASS">
          <reporter-output>
          </reporter-output>
        </test-method> <!-- teardown -->
        <test-method is-config="true" signature="teardown()[pri:0, instance:com.skillstorm.project_one.CandyServiceTests@62f87c44]" started-at="2024-08-29T00:39:17 EDT" name="teardown" finished-at="2024-08-29T00:39:17 EDT" duration-ms="1" status="PASS">
          <reporter-output>
          </reporter-output>
        </test-method> <!-- teardown -->
      </class> <!-- com.skillstorm.project_one.CandyServiceTests -->
      <class name="com.skillstorm.project_one.OrderItemServiceTest">
        <test-method is-config="true" signature="setUp()[pri:0, instance:com.skillstorm.project_one.OrderItemServiceTest@5149f008]" started-at="2024-08-29T00:39:17 EDT" name="setUp" finished-at="2024-08-29T00:39:17 EDT" duration-ms="32" status="PASS">
          <reporter-output>
          </reporter-output>
        </test-method> <!-- setUp -->
        <test-method signature="testCreateOrderItem_CandyNotFound()[pri:0, instance:com.skillstorm.project_one.OrderItemServiceTest@5149f008]" started-at="2024-08-29T00:39:17 EDT" name="testCreateOrderItem_CandyNotFound" finished-at="2024-08-29T00:39:17 EDT" duration-ms="0" status="PASS">
          <exception class="java.util.NoSuchElementException">
            <message>
              <![CDATA[Candy does not exist]]>
            </message>
            <full-stacktrace>
              <![CDATA[java.util.NoSuchElementException: Candy does not exist
at com.skillstorm.project_one.Services.OrderItemService.lambda$createOrderItem$0(OrderItemService.java:80)
at java.base/java.util.Optional.orElseThrow(Optional.java:403)
at com.skillstorm.project_one.Services.OrderItemService.createOrderItem(OrderItemService.java:80)
at com.skillstorm.project_one.OrderItemServiceTest.testCreateOrderItem_CandyNotFound(OrderItemServiceTest.java:130)
at java.base/jdk.internal.reflect.NativeMethodAccessorImpl.invoke0(Native Method)
at java.base/jdk.internal.reflect.NativeMethodAccessorImpl.invoke(NativeMethodAccessorImpl.java:77)
at java.base/jdk.internal.reflect.DelegatingMethodAccessorImpl.invoke(DelegatingMethodAccessorImpl.java:43)
at java.base/java.lang.reflect.Method.invoke(Method.java:568)
at org.testng.internal.invokers.MethodInvocationHelper.invokeMethod(MethodInvocationHelper.java:141)
at org.testng.internal.invokers.TestInvoker.invokeMethod(TestInvoker.java:686)
at org.testng.internal.invokers.TestInvoker.invokeTestMethod(TestInvoker.java:230)
at org.testng.internal.invokers.MethodRunner.runInSequence(MethodRunner.java:63)
at org.testng.internal.invokers.TestInvoker$MethodInvocationAgent.invoke(TestInvoker.java:992)
at org.testng.internal.invokers.TestInvoker.invokeTestMethods(TestInvoker.java:203)
at org.testng.internal.invokers.TestMethodWorker.invokeTestMethods(TestMethodWorker.java:154)
at org.testng.internal.invokers.TestMethodWorker.run(TestMethodWorker.java:134)
at java.base/java.util.ArrayList.forEach(ArrayList.java:1511)
at org.testng.TestRunner.privateRun(TestRunner.java:739)
at org.testng.TestRunner.run(TestRunner.java:614)
at org.testng.SuiteRunner.runTest(SuiteRunner.java:421)
at org.testng.SuiteRunner.runSequentially(SuiteRunner.java:413)
at org.testng.SuiteRunner.privateRun(SuiteRunner.java:373)
at org.testng.SuiteRunner.run(SuiteRunner.java:312)
at org.testng.SuiteRunnerWorker.runSuite(SuiteRunnerWorker.java:52)
at org.testng.SuiteRunnerWorker.run(SuiteRunnerWorker.java:95)
at org.testng.TestNG.runSuitesSequentially(TestNG.java:1274)
at org.testng.TestNG.runSuitesLocally(TestNG.java:1208)
at org.testng.TestNG.runSuites(TestNG.java:1112)
at org.testng.TestNG.run(TestNG.java:1079)
at org.apache.maven.surefire.testng.TestNGExecutor.run(TestNGExecutor.java:308)
at org.apache.maven.surefire.testng.TestNGXmlTestSuite.execute(TestNGXmlTestSuite.java:71)
at org.apache.maven.surefire.testng.TestNGProvider.invoke(TestNGProvider.java:113)
at org.apache.maven.surefire.booter.ForkedBooter.runSuitesInProcess(ForkedBooter.java:385)
at org.apache.maven.surefire.booter.ForkedBooter.execute(ForkedBooter.java:162)
at org.apache.maven.surefire.booter.ForkedBooter.run(ForkedBooter.java:507)
at org.apache.maven.surefire.booter.ForkedBooter.main(ForkedBooter.java:495)
]]>
            </full-stacktrace>
          </exception> <!-- java.util.NoSuchElementException -->
          <reporter-output>
          </reporter-output>
        </test-method> <!-- testCreateOrderItem_CandyNotFound -->
        <test-method is-config="true" signature="setUp()[pri:0, instance:com.skillstorm.project_one.OrderItemServiceTest@5149f008]" started-at="2024-08-29T00:39:17 EDT" name="setUp" finished-at="2024-08-29T00:39:17 EDT" duration-ms="1" status="PASS">
          <reporter-output>
          </reporter-output>
        </test-method> <!-- setUp -->
        <test-method signature="testCreateOrderItem_Success()[pri:0, instance:com.skillstorm.project_one.OrderItemServiceTest@5149f008]" started-at="2024-08-29T00:39:17 EDT" name="testCreateOrderItem_Success" finished-at="2024-08-29T00:39:17 EDT" duration-ms="1" status="PASS">
          <reporter-output>
          </reporter-output>
        </test-method> <!-- testCreateOrderItem_Success -->
        <test-method is-config="true" signature="setUp()[pri:0, instance:com.skillstorm.project_one.OrderItemServiceTest@5149f008]" started-at="2024-08-29T00:39:17 EDT" name="setUp" finished-at="2024-08-29T00:39:17 EDT" duration-ms="1" status="PASS">
          <reporter-output>
          </reporter-output>
        </test-method> <!-- setUp -->
        <test-method signature="testDeleteOrderItem()[pri:0, instance:com.skillstorm.project_one.OrderItemServiceTest@5149f008]" started-at="2024-08-29T00:39:17 EDT" name="testDeleteOrderItem" finished-at="2024-08-29T00:39:17 EDT" duration-ms="0" status="PASS">
          <reporter-output>
          </reporter-output>
        </test-method> <!-- testDeleteOrderItem -->
        <test-method is-config="true" signature="setUp()[pri:0, instance:com.skillstorm.project_one.OrderItemServiceTest@5149f008]" started-at="2024-08-29T00:39:17 EDT" name="setUp" finished-at="2024-08-29T00:39:17 EDT" duration-ms="1" status="PASS">
          <reporter-output>
          </reporter-output>
        </test-method> <!-- setUp -->
        <test-method signature="testFindAll()[pri:0, instance:com.skillstorm.project_one.OrderItemServiceTest@5149f008]" started-at="2024-08-29T00:39:17 EDT" name="testFindAll" finished-at="2024-08-29T00:39:17 EDT" duration-ms="0" status="PASS">
          <reporter-output>
          </reporter-output>
        </test-method> <!-- testFindAll -->
        <test-method signature="testFindByOrderId()[pri:0, instance:com.skillstorm.project_one.OrderItemServiceTest@5149f008]" started-at="2024-08-29T00:39:17 EDT" name="testFindByOrderId" finished-at="2024-08-29T00:39:17 EDT" duration-ms="1" status="PASS">
          <reporter-output>
          </reporter-output>
        </test-method> <!-- testFindByOrderId -->
        <test-method is-config="true" signature="setUp()[pri:0, instance:com.skillstorm.project_one.OrderItemServiceTest@5149f008]" started-at="2024-08-29T00:39:17 EDT" name="setUp" finished-at="2024-08-29T00:39:17 EDT" duration-ms="0" status="PASS">
          <reporter-output>
          </reporter-output>
        </test-method> <!-- setUp -->
        <test-method is-config="true" signature="setUp()[pri:0, instance:com.skillstorm.project_one.OrderItemServiceTest@5149f008]" started-at="2024-08-29T00:39:17 EDT" name="setUp" finished-at="2024-08-29T00:39:17 EDT" duration-ms="1" status="PASS">
          <reporter-output>
          </reporter-output>
        </test-method> <!-- setUp -->
        <test-method signature="testUpdateOrderItem_Success()[pri:0, instance:com.skillstorm.project_one.OrderItemServiceTest@5149f008]" started-at="2024-08-29T00:39:17 EDT" name="testUpdateOrderItem_Success" finished-at="2024-08-29T00:39:17 EDT" duration-ms="1" status="PASS">
          <reporter-output>
          </reporter-output>
        </test-method> <!-- testUpdateOrderItem_Success -->
      </class> <!-- com.skillstorm.project_one.OrderItemServiceTest -->
      <class name="com.skillstorm.project_one.OrderItemDTOUnitTests">
        <test-method is-config="true" signature="setUp()[pri:0, instance:com.skillstorm.project_one.OrderItemDTOUnitTests@5c77053b]" started-at="2024-08-29T00:39:17 EDT" name="setUp" finished-at="2024-08-29T00:39:17 EDT" duration-ms="0" status="PASS">
          <reporter-output>
          </reporter-output>
        </test-method> <!-- setUp -->
        <test-method signature="testConstructor()[pri:0, instance:com.skillstorm.project_one.OrderItemDTOUnitTests@5c77053b]" started-at="2024-08-29T00:39:17 EDT" name="testConstructor" finished-at="2024-08-29T00:39:17 EDT" duration-ms="0" status="PASS">
          <reporter-output>
          </reporter-output>
        </test-method> <!-- testConstructor -->
        <test-method signature="testGettersAndSetters()[pri:0, instance:com.skillstorm.project_one.OrderItemDTOUnitTests@5c77053b]" started-at="2024-08-29T00:39:17 EDT" name="testGettersAndSetters" finished-at="2024-08-29T00:39:17 EDT" duration-ms="0" status="PASS">
          <reporter-output>
          </reporter-output>
        </test-method> <!-- testGettersAndSetters -->
        <test-method signature="testToString()[pri:0, instance:com.skillstorm.project_one.OrderItemDTOUnitTests@5c77053b]" started-at="2024-08-29T00:39:17 EDT" name="testToString" finished-at="2024-08-29T00:39:17 EDT" duration-ms="2" status="PASS">
          <reporter-output>
          </reporter-output>
        </test-method> <!-- testToString -->
      </class> <!-- com.skillstorm.project_one.OrderItemDTOUnitTests -->
      <class name="com.skillstorm.project_one.WarehouseControllerTest">
        <test-method is-config="true" signature="setup()[pri:0, instance:com.skillstorm.project_one.WarehouseControllerTest@287f94b1]" started-at="2024-08-29T00:39:17 EDT" name="setup" finished-at="2024-08-29T00:39:17 EDT" duration-ms="12" status="PASS">
          <reporter-output>
          </reporter-output>
        </test-method> <!-- setup -->
        <test-method signature="testCreateWarehouse()[pri:0, instance:com.skillstorm.project_one.WarehouseControllerTest@287f94b1]" started-at="2024-08-29T00:39:18 EDT" name="testCreateWarehouse" finished-at="2024-08-29T00:39:18 EDT" duration-ms="1" status="PASS">
          <reporter-output>
          </reporter-output>
        </test-method> <!-- testCreateWarehouse -->
        <test-method signature="testUpdateWarehouse()[pri:0, instance:com.skillstorm.project_one.WarehouseControllerTest@287f94b1]" started-at="2024-08-29T00:39:18 EDT" name="testUpdateWarehouse" finished-at="2024-08-29T00:39:18 EDT" duration-ms="1" status="PASS">
          <reporter-output>
          </reporter-output>
        </test-method> <!-- testUpdateWarehouse -->
        <test-method signature="testDeleteWarehouse()[pri:0, instance:com.skillstorm.project_one.WarehouseControllerTest@287f94b1]" started-at="2024-08-29T00:39:18 EDT" name="testDeleteWarehouse" finished-at="2024-08-29T00:39:18 EDT" duration-ms="0" status="PASS">
          <reporter-output>
          </reporter-output>
        </test-method> <!-- testDeleteWarehouse -->
        <test-method signature="testGetAllWarehouses()[pri:0, instance:com.skillstorm.project_one.WarehouseControllerTest@287f94b1]" started-at="2024-08-29T00:39:18 EDT" name="testGetAllWarehouses" finished-at="2024-08-29T00:39:18 EDT" duration-ms="0" status="PASS">
          <reporter-output>
          </reporter-output>
        </test-method> <!-- testGetAllWarehouses -->
        <test-method is-config="true" signature="teardown()[pri:0, instance:com.skillstorm.project_one.WarehouseControllerTest@287f94b1]" started-at="2024-08-29T00:39:18 EDT" name="teardown" finished-at="2024-08-29T00:39:18 EDT" duration-ms="0" status="PASS">
          <reporter-output>
          </reporter-output>
        </test-method> <!-- teardown -->
      </class> <!-- com.skillstorm.project_one.WarehouseControllerTest -->
      <class name="com.skillstorm.project_one.OrderItemUnitTests">
        <test-method signature="testSetters()[pri:0, instance:com.skillstorm.project_one.OrderItemUnitTests@41394595]" started-at="2024-08-29T00:39:17 EDT" name="testSetters" finished-at="2024-08-29T00:39:17 EDT" duration-ms="1" status="PASS">
          <reporter-output>
          </reporter-output>
        </test-method> <!-- testSetters -->
        <test-method signature="testGetters()[pri:0, instance:com.skillstorm.project_one.OrderItemUnitTests@41394595]" started-at="2024-08-29T00:39:17 EDT" name="testGetters" finished-at="2024-08-29T00:39:17 EDT" duration-ms="0" status="PASS">
          <reporter-output>
          </reporter-output>
        </test-method> <!-- testGetters -->
        <test-method is-config="true" signature="init()[pri:0, instance:com.skillstorm.project_one.OrderItemUnitTests@41394595]" started-at="2024-08-29T00:39:17 EDT" name="init" finished-at="2024-08-29T00:39:17 EDT" duration-ms="0" status="PASS">
          <reporter-output>
          </reporter-output>
        </test-method> <!-- init -->
        <test-method is-config="true" signature="init()[pri:0, instance:com.skillstorm.project_one.OrderItemUnitTests@41394595]" started-at="2024-08-29T00:39:17 EDT" name="init" finished-at="2024-08-29T00:39:17 EDT" duration-ms="0" status="PASS">
          <reporter-output>
          </reporter-output>
        </test-method> <!-- init -->
        <test-method signature="testToString()[pri:0, instance:com.skillstorm.project_one.OrderItemUnitTests@41394595]" started-at="2024-08-29T00:39:17 EDT" name="testToString" finished-at="2024-08-29T00:39:17 EDT" duration-ms="0" status="PASS">
          <reporter-output>
          </reporter-output>
        </test-method> <!-- testToString -->
        <test-method is-config="true" signature="init()[pri:0, instance:com.skillstorm.project_one.OrderItemUnitTests@41394595]" started-at="2024-08-29T00:39:17 EDT" name="init" finished-at="2024-08-29T00:39:17 EDT" duration-ms="0" status="PASS">
          <reporter-output>
          </reporter-output>
        </test-method> <!-- init -->
      </class> <!-- com.skillstorm.project_one.OrderItemUnitTests -->
      <class name="com.skillstorm.project_one.StockControllerTest">
        <test-method is-config="true" signature="setup()[pri:0, instance:com.skillstorm.project_one.StockControllerTest@b93aad]" started-at="2024-08-29T00:39:17 EDT" name="setup" finished-at="2024-08-29T00:39:17 EDT" duration-ms="16" status="PASS">
          <reporter-output>
          </reporter-output>
        </test-method> <!-- setup -->
        <test-method signature="testCreateStock()[pri:0, instance:com.skillstorm.project_one.StockControllerTest@b93aad]" started-at="2024-08-29T00:39:17 EDT" name="testCreateStock" finished-at="2024-08-29T00:39:17 EDT" duration-ms="1" status="PASS">
          <reporter-output>
          </reporter-output>
        </test-method> <!-- testCreateStock -->
        <test-method signature="testDeleteStock()[pri:0, instance:com.skillstorm.project_one.StockControllerTest@b93aad]" started-at="2024-08-29T00:39:17 EDT" name="testDeleteStock" finished-at="2024-08-29T00:39:17 EDT" duration-ms="0" status="PASS">
          <reporter-output>
          </reporter-output>
        </test-method> <!-- testDeleteStock -->
        <test-method signature="testUpdateStock()[pri:0, instance:com.skillstorm.project_one.StockControllerTest@b93aad]" started-at="2024-08-29T00:39:17 EDT" name="testUpdateStock" finished-at="2024-08-29T00:39:17 EDT" duration-ms="1" status="PASS">
          <reporter-output>
          </reporter-output>
        </test-method> <!-- testUpdateStock -->
        <test-method signature="testFindAllStocks()[pri:0, instance:com.skillstorm.project_one.StockControllerTest@b93aad]" started-at="2024-08-29T00:39:17 EDT" name="testFindAllStocks" finished-at="2024-08-29T00:39:17 EDT" duration-ms="0" status="PASS">
          <reporter-output>
          </reporter-output>
        </test-method> <!-- testFindAllStocks -->
        <test-method signature="testGetStocksByWarehouse()[pri:0, instance:com.skillstorm.project_one.StockControllerTest@b93aad]" started-at="2024-08-29T00:39:17 EDT" name="testGetStocksByWarehouse" finished-at="2024-08-29T00:39:17 EDT" duration-ms="0" status="PASS">
          <reporter-output>
          </reporter-output>
        </test-method> <!-- testGetStocksByWarehouse -->
        <test-method is-config="true" signature="teardown()[pri:0, instance:com.skillstorm.project_one.StockControllerTest@b93aad]" started-at="2024-08-29T00:39:18 EDT" name="teardown" finished-at="2024-08-29T00:39:18 EDT" duration-ms="0" status="PASS">
          <reporter-output>
          </reporter-output>
        </test-method> <!-- teardown -->
      </class> <!-- com.skillstorm.project_one.StockControllerTest -->
      <class name="com.skillstorm.project_one.WarehouseServiceTest">
        <test-method is-config="true" signature="setup()[pri:0, instance:com.skillstorm.project_one.WarehouseServiceTest@3a0807b7]" started-at="2024-08-29T00:39:17 EDT" name="setup" finished-at="2024-08-29T00:39:17 EDT" duration-ms="52" status="PASS">
          <reporter-output>
          </reporter-output>
        </test-method> <!-- setup -->
        <test-method signature="testFindAll()[pri:0, instance:com.skillstorm.project_one.WarehouseServiceTest@3a0807b7]" started-at="2024-08-29T00:39:18 EDT" name="testFindAll" finished-at="2024-08-29T00:39:18 EDT" duration-ms="0" status="PASS">
          <reporter-output>
          </reporter-output>
        </test-method> <!-- testFindAll -->
        <test-method signature="testFindById()[pri:0, instance:com.skillstorm.project_one.WarehouseServiceTest@3a0807b7]" started-at="2024-08-29T00:39:18 EDT" name="testFindById" finished-at="2024-08-29T00:39:18 EDT" duration-ms="1" status="PASS">
          <reporter-output>
          </reporter-output>
        </test-method> <!-- testFindById -->
        <test-method signature="testDeleteWarehouse()[pri:0, instance:com.skillstorm.project_one.WarehouseServiceTest@3a0807b7]" started-at="2024-08-29T00:39:18 EDT" name="testDeleteWarehouse" finished-at="2024-08-29T00:39:18 EDT" duration-ms="0" status="PASS">
          <reporter-output>
          </reporter-output>
        </test-method> <!-- testDeleteWarehouse -->
        <test-method is-config="true" signature="teardown()[pri:0, instance:com.skillstorm.project_one.WarehouseServiceTest@3a0807b7]" started-at="2024-08-29T00:39:18 EDT" name="teardown" finished-at="2024-08-29T00:39:18 EDT" duration-ms="0" status="PASS">
          <reporter-output>
          </reporter-output>
        </test-method> <!-- teardown -->
      </class> <!-- com.skillstorm.project_one.WarehouseServiceTest -->
      <class name="com.skillstorm.project_one.StockTest">
        <test-method is-config="true" signature="setUp()[pri:0, instance:com.skillstorm.project_one.StockTest@158d255c]" started-at="2024-08-29T00:39:17 EDT" name="setUp" finished-at="2024-08-29T00:39:18 EDT" duration-ms="33" status="PASS">
          <reporter-output>
          </reporter-output>
        </test-method> <!-- setUp -->
        <test-method signature="testGetAndSetCandy()[pri:0, instance:com.skillstorm.project_one.StockTest@158d255c]" started-at="2024-08-29T00:39:18 EDT" name="testGetAndSetCandy" finished-at="2024-08-29T00:39:18 EDT" duration-ms="0" status="PASS">
          <reporter-output>
          </reporter-output>
        </test-method> <!-- testGetAndSetCandy -->
        <test-method signature="testGetAndSetId()[pri:0, instance:com.skillstorm.project_one.StockTest@158d255c]" started-at="2024-08-29T00:39:18 EDT" name="testGetAndSetId" finished-at="2024-08-29T00:39:18 EDT" duration-ms="0" status="PASS">
          <reporter-output>
          </reporter-output>
        </test-method> <!-- testGetAndSetId -->
        <test-method is-config="true" signature="setUp()[pri:0, instance:com.skillstorm.project_one.StockTest@158d255c]" started-at="2024-08-29T00:39:18 EDT" name="setUp" finished-at="2024-08-29T00:39:18 EDT" duration-ms="0" status="PASS">
          <reporter-output>
          </reporter-output>
        </test-method> <!-- setUp -->
        <test-method signature="testGetAndSetQuantity()[pri:0, instance:com.skillstorm.project_one.StockTest@158d255c]" started-at="2024-08-29T00:39:18 EDT" name="testGetAndSetQuantity" finished-at="2024-08-29T00:39:18 EDT" duration-ms="0" status="PASS">
          <reporter-output>
          </reporter-output>
        </test-method> <!-- testGetAndSetQuantity -->
        <test-method is-config="true" signature="setUp()[pri:0, instance:com.skillstorm.project_one.StockTest@158d255c]" started-at="2024-08-29T00:39:18 EDT" name="setUp" finished-at="2024-08-29T00:39:18 EDT" duration-ms="1" status="PASS">
          <reporter-output>
          </reporter-output>
        </test-method> <!-- setUp -->
        <test-method is-config="true" signature="setUp()[pri:0, instance:com.skillstorm.project_one.StockTest@158d255c]" started-at="2024-08-29T00:39:18 EDT" name="setUp" finished-at="2024-08-29T00:39:18 EDT" duration-ms="0" status="PASS">
          <reporter-output>
          </reporter-output>
        </test-method> <!-- setUp -->
        <test-method signature="testGetCandyId()[pri:0, instance:com.skillstorm.project_one.StockTest@158d255c]" started-at="2024-08-29T00:39:18 EDT" name="testGetCandyId" finished-at="2024-08-29T00:39:18 EDT" duration-ms="1" status="PASS">
          <reporter-output>
          </reporter-output>
        </test-method> <!-- testGetCandyId -->
        <test-method signature="testGetAndSetWarehouse()[pri:0, instance:com.skillstorm.project_one.StockTest@158d255c]" started-at="2024-08-29T00:39:18 EDT" name="testGetAndSetWarehouse" finished-at="2024-08-29T00:39:18 EDT" duration-ms="0" status="PASS">
          <reporter-output>
          </reporter-output>
        </test-method> <!-- testGetAndSetWarehouse -->
        <test-method is-config="true" signature="setUp()[pri:0, instance:com.skillstorm.project_one.StockTest@158d255c]" started-at="2024-08-29T00:39:18 EDT" name="setUp" finished-at="2024-08-29T00:39:18 EDT" duration-ms="0" status="PASS">
          <reporter-output>
          </reporter-output>
        </test-method> <!-- setUp -->
        <test-method signature="testGetWarehouseId()[pri:0, instance:com.skillstorm.project_one.StockTest@158d255c]" started-at="2024-08-29T00:39:18 EDT" name="testGetWarehouseId" finished-at="2024-08-29T00:39:18 EDT" duration-ms="1" status="PASS">
          <reporter-output>
          </reporter-output>
        </test-method> <!-- testGetWarehouseId -->
        <test-method is-config="true" signature="setUp()[pri:0, instance:com.skillstorm.project_one.StockTest@158d255c]" started-at="2024-08-29T00:39:18 EDT" name="setUp" finished-at="2024-08-29T00:39:18 EDT" duration-ms="0" status="PASS">
          <reporter-output>
          </reporter-output>
        </test-method> <!-- setUp -->
        <test-method signature="testToString()[pri:0, instance:com.skillstorm.project_one.StockTest@158d255c]" started-at="2024-08-29T00:39:18 EDT" name="testToString" finished-at="2024-08-29T00:39:18 EDT" duration-ms="1" status="PASS">
          <reporter-output>
          </reporter-output>
        </test-method> <!-- testToString -->
        <test-method is-config="true" signature="setUp()[pri:0, instance:com.skillstorm.project_one.StockTest@158d255c]" started-at="2024-08-29T00:39:18 EDT" name="setUp" finished-at="2024-08-29T00:39:18 EDT" duration-ms="0" status="PASS">
          <reporter-output>
          </reporter-output>
        </test-method> <!-- setUp -->
        <test-method is-config="true" signature="teardown()[pri:0, instance:com.skillstorm.project_one.StockTest@158d255c]" started-at="2024-08-29T00:39:18 EDT" name="teardown" finished-at="2024-08-29T00:39:18 EDT" duration-ms="0" status="PASS">
          <reporter-output>
          </reporter-output>
        </test-method> <!-- teardown -->
      </class> <!-- com.skillstorm.project_one.StockTest -->
      <class name="com.skillstorm.project_one.CandyControllerTest">
        <test-method is-config="true" signature="setUp()[pri:0, instance:com.skillstorm.project_one.CandyControllerTest@26b894bd]" started-at="2024-08-29T00:39:17 EDT" name="setUp" finished-at="2024-08-29T00:39:17 EDT" duration-ms="13" status="PASS">
          <reporter-output>
          </reporter-output>
        </test-method> <!-- setUp -->
        <test-method signature="testCreateCandy()[pri:0, instance:com.skillstorm.project_one.CandyControllerTest@26b894bd]" started-at="2024-08-29T00:39:17 EDT" name="testCreateCandy" finished-at="2024-08-29T00:39:17 EDT" duration-ms="25" status="PASS">
          <reporter-output>
          </reporter-output>
        </test-method> <!-- testCreateCandy -->
        <test-method is-config="true" signature="teardown()[pri:0, instance:com.skillstorm.project_one.CandyControllerTest@26b894bd]" started-at="2024-08-29T00:39:17 EDT" name="teardown" finished-at="2024-08-29T00:39:17 EDT" duration-ms="0" status="PASS">
          <reporter-output>
          </reporter-output>
        </test-method> <!-- teardown -->
        <test-method is-config="true" signature="setUp()[pri:0, instance:com.skillstorm.project_one.CandyControllerTest@26b894bd]" started-at="2024-08-29T00:39:17 EDT" name="setUp" finished-at="2024-08-29T00:39:17 EDT" duration-ms="2" status="PASS">
          <reporter-output>
          </reporter-output>
        </test-method> <!-- setUp -->
        <test-method signature="testDeleteCandyById()[pri:0, instance:com.skillstorm.project_one.CandyControllerTest@26b894bd]" started-at="2024-08-29T00:39:17 EDT" name="testDeleteCandyById" finished-at="2024-08-29T00:39:17 EDT" duration-ms="20" status="PASS">
          <reporter-output>
          </reporter-output>
        </test-method> <!-- testDeleteCandyById -->
        <test-method is-config="true" signature="teardown()[pri:0, instance:com.skillstorm.project_one.CandyControllerTest@26b894bd]" started-at="2024-08-29T00:39:17 EDT" name="teardown" finished-at="2024-08-29T00:39:17 EDT" duration-ms="0" status="PASS">
          <reporter-output>
          </reporter-output>
        </test-method> <!-- teardown -->
        <test-method is-config="true" signature="setUp()[pri:0, instance:com.skillstorm.project_one.CandyControllerTest@26b894bd]" started-at="2024-08-29T00:39:17 EDT" name="setUp" finished-at="2024-08-29T00:39:17 EDT" duration-ms="1" status="PASS">
          <reporter-output>
          </reporter-output>
        </test-method> <!-- setUp -->
        <test-method signature="testGetAllCandy()[pri:0, instance:com.skillstorm.project_one.CandyControllerTest@26b894bd]" started-at="2024-08-29T00:39:17 EDT" name="testGetAllCandy" finished-at="2024-08-29T00:39:17 EDT" duration-ms="1" status="PASS">
          <reporter-output>
          </reporter-output>
        </test-method> <!-- testGetAllCandy -->
        <test-method is-config="true" signature="teardown()[pri:0, instance:com.skillstorm.project_one.CandyControllerTest@26b894bd]" started-at="2024-08-29T00:39:17 EDT" name="teardown" finished-at="2024-08-29T00:39:17 EDT" duration-ms="0" status="PASS">
          <reporter-output>
          </reporter-output>
        </test-method> <!-- teardown -->
        <test-method is-config="true" signature="setUp()[pri:0, instance:com.skillstorm.project_one.CandyControllerTest@26b894bd]" started-at="2024-08-29T00:39:17 EDT" name="setUp" finished-at="2024-08-29T00:39:17 EDT" duration-ms="1" status="PASS">
          <reporter-output>
          </reporter-output>
        </test-method> <!-- setUp -->
        <test-method signature="testGetByFlavor()[pri:0, instance:com.skillstorm.project_one.CandyControllerTest@26b894bd]" started-at="2024-08-29T00:39:17 EDT" name="testGetByFlavor" finished-at="2024-08-29T00:39:17 EDT" duration-ms="0" status="PASS">
          <reporter-output>
          </reporter-output>
        </test-method> <!-- testGetByFlavor -->
        <test-method is-config="true" signature="teardown()[pri:0, instance:com.skillstorm.project_one.CandyControllerTest@26b894bd]" started-at="2024-08-29T00:39:17 EDT" name="teardown" finished-at="2024-08-29T00:39:17 EDT" duration-ms="1" status="PASS">
          <reporter-output>
          </reporter-output>
        </test-method> <!-- teardown -->
        <test-method signature="testGetCandyById()[pri:0, instance:com.skillstorm.project_one.CandyControllerTest@26b894bd]" started-at="2024-08-29T00:39:17 EDT" name="testGetCandyById" finished-at="2024-08-29T00:39:17 EDT" duration-ms="1" status="PASS">
          <reporter-output>
          </reporter-output>
        </test-method> <!-- testGetCandyById -->
        <test-method is-config="true" signature="setUp()[pri:0, instance:com.skillstorm.project_one.CandyControllerTest@26b894bd]" started-at="2024-08-29T00:39:17 EDT" name="setUp" finished-at="2024-08-29T00:39:17 EDT" duration-ms="0" status="PASS">
          <reporter-output>
          </reporter-output>
        </test-method> <!-- setUp -->
        <test-method is-config="true" signature="setUp()[pri:0, instance:com.skillstorm.project_one.CandyControllerTest@26b894bd]" started-at="2024-08-29T00:39:17 EDT" name="setUp" finished-at="2024-08-29T00:39:17 EDT" duration-ms="1" status="PASS">
          <reporter-output>
          </reporter-output>
        </test-method> <!-- setUp -->
        <test-method is-config="true" signature="teardown()[pri:0, instance:com.skillstorm.project_one.CandyControllerTest@26b894bd]" started-at="2024-08-29T00:39:17 EDT" name="teardown" finished-at="2024-08-29T00:39:17 EDT" duration-ms="0" status="PASS">
          <reporter-output>
          </reporter-output>
        </test-method> <!-- teardown -->
        <test-method signature="testGetCandyByType()[pri:0, instance:com.skillstorm.project_one.CandyControllerTest@26b894bd]" started-at="2024-08-29T00:39:17 EDT" name="testGetCandyByType" finished-at="2024-08-29T00:39:17 EDT" duration-ms="0" status="PASS">
          <reporter-output>
          </reporter-output>
        </test-method> <!-- testGetCandyByType -->
        <test-method is-config="true" signature="setUp()[pri:0, instance:com.skillstorm.project_one.CandyControllerTest@26b894bd]" started-at="2024-08-29T00:39:17 EDT" name="setUp" finished-at="2024-08-29T00:39:17 EDT" duration-ms="1" status="PASS">
          <reporter-output>
          </reporter-output>
        </test-method> <!-- setUp -->
        <test-method is-config="true" signature="teardown()[pri:0, instance:com.skillstorm.project_one.CandyControllerTest@26b894bd]" started-at="2024-08-29T00:39:17 EDT" name="teardown" finished-at="2024-08-29T00:39:17 EDT" duration-ms="0" status="PASS">
          <reporter-output>
          </reporter-output>
        </test-method> <!-- teardown -->
        <test-method signature="testUpdateCandy()[pri:0, instance:com.skillstorm.project_one.CandyControllerTest@26b894bd]" started-at="2024-08-29T00:39:17 EDT" name="testUpdateCandy" finished-at="2024-08-29T00:39:17 EDT" duration-ms="0" status="PASS">
          <reporter-output>
          </reporter-output>
        </test-method> <!-- testUpdateCandy -->
        <test-method is-config="true" signature="teardown()[pri:0, instance:com.skillstorm.project_one.CandyControllerTest@26b894bd]" started-at="2024-08-29T00:39:17 EDT" name="teardown" finished-at="2024-08-29T00:39:17 EDT" duration-ms="1" status="PASS">
          <reporter-output>
          </reporter-output>
        </test-method> <!-- teardown -->
      </class> <!-- com.skillstorm.project_one.CandyControllerTest -->
      <class name="com.skillstorm.project_one.StockDTOUnitTests">
        <test-method signature="testConstructor()[pri:0, instance:com.skillstorm.project_one.StockDTOUnitTests@525d79f0]" started-at="2024-08-29T00:39:17 EDT" name="testConstructor" finished-at="2024-08-29T00:39:17 EDT" duration-ms="0" status="PASS">
          <reporter-output>
          </reporter-output>
        </test-method> <!-- testConstructor -->
        <test-method signature="testGettersAndSetters()[pri:0, instance:com.skillstorm.project_one.StockDTOUnitTests@525d79f0]" started-at="2024-08-29T00:39:17 EDT" name="testGettersAndSetters" finished-at="2024-08-29T00:39:17 EDT" duration-ms="0" status="PASS">
          <reporter-output>
          </reporter-output>
        </test-method> <!-- testGettersAndSetters -->
        <test-method is-config="true" signature="init()[pri:0, instance:com.skillstorm.project_one.StockDTOUnitTests@525d79f0]" started-at="2024-08-29T00:39:17 EDT" name="init" finished-at="2024-08-29T00:39:17 EDT" duration-ms="0" status="PASS">
          <reporter-output>
          </reporter-output>
        </test-method> <!-- init -->
        <test-method is-config="true" signature="init()[pri:0, instance:com.skillstorm.project_one.StockDTOUnitTests@525d79f0]" started-at="2024-08-29T00:39:17 EDT" name="init" finished-at="2024-08-29T00:39:17 EDT" duration-ms="0" status="PASS">
          <reporter-output>
          </reporter-output>
        </test-method> <!-- init -->
        <test-method signature="testToString()[pri:0, instance:com.skillstorm.project_one.StockDTOUnitTests@525d79f0]" started-at="2024-08-29T00:39:17 EDT" name="testToString" finished-at="2024-08-29T00:39:17 EDT" duration-ms="1" status="PASS">
          <reporter-output>
          </reporter-output>
        </test-method> <!-- testToString -->
        <test-method is-config="true" signature="init()[pri:0, instance:com.skillstorm.project_one.StockDTOUnitTests@525d79f0]" started-at="2024-08-29T00:39:17 EDT" name="init" finished-at="2024-08-29T00:39:17 EDT" duration-ms="0" status="PASS">
          <reporter-output>
          </reporter-output>
        </test-method> <!-- init -->
      </class> <!-- com.skillstorm.project_one.StockDTOUnitTests -->
      <class name="com.skillstorm.project_one.OrderItemControllerTest">
        <test-method is-config="true" signature="setUp()[pri:0, instance:com.skillstorm.project_one.OrderItemControllerTest@48f5bde6]" started-at="2024-08-29T00:39:17 EDT" name="setUp" finished-at="2024-08-29T00:39:17 EDT" duration-ms="13" status="PASS">
          <reporter-output>
          </reporter-output>
        </test-method> <!-- setUp -->
        <test-method signature="testCreateOrderItem()[pri:0, instance:com.skillstorm.project_one.OrderItemControllerTest@48f5bde6]" started-at="2024-08-29T00:39:17 EDT" name="testCreateOrderItem" finished-at="2024-08-29T00:39:17 EDT" duration-ms="2" status="PASS">
          <reporter-output>
          </reporter-output>
        </test-method> <!-- testCreateOrderItem -->
        <test-method is-config="true" signature="teardown()[pri:0, instance:com.skillstorm.project_one.OrderItemControllerTest@48f5bde6]" started-at="2024-08-29T00:39:17 EDT" name="teardown" finished-at="2024-08-29T00:39:17 EDT" duration-ms="0" status="PASS">
          <reporter-output>
          </reporter-output>
        </test-method> <!-- teardown -->
        <test-method is-config="true" signature="setUp()[pri:0, instance:com.skillstorm.project_one.OrderItemControllerTest@48f5bde6]" started-at="2024-08-29T00:39:17 EDT" name="setUp" finished-at="2024-08-29T00:39:17 EDT" duration-ms="1" status="PASS">
          <reporter-output>
          </reporter-output>
        </test-method> <!-- setUp -->
        <test-method signature="testDeleteOrderItem()[pri:0, instance:com.skillstorm.project_one.OrderItemControllerTest@48f5bde6]" started-at="2024-08-29T00:39:17 EDT" name="testDeleteOrderItem" finished-at="2024-08-29T00:39:17 EDT" duration-ms="0" status="PASS">
          <reporter-output>
          </reporter-output>
        </test-method> <!-- testDeleteOrderItem -->
        <test-method is-config="true" signature="teardown()[pri:0, instance:com.skillstorm.project_one.OrderItemControllerTest@48f5bde6]" started-at="2024-08-29T00:39:17 EDT" name="teardown" finished-at="2024-08-29T00:39:17 EDT" duration-ms="0" status="PASS">
          <reporter-output>
          </reporter-output>
        </test-method> <!-- teardown -->
        <test-method is-config="true" signature="setUp()[pri:0, instance:com.skillstorm.project_one.OrderItemControllerTest@48f5bde6]" started-at="2024-08-29T00:39:17 EDT" name="setUp" finished-at="2024-08-29T00:39:17 EDT" duration-ms="1" status="PASS">
          <reporter-output>
          </reporter-output>
        </test-method> <!-- setUp -->
        <test-method signature="testFindAll()[pri:0, instance:com.skillstorm.project_one.OrderItemControllerTest@48f5bde6]" started-at="2024-08-29T00:39:17 EDT" name="testFindAll" finished-at="2024-08-29T00:39:17 EDT" duration-ms="0" status="PASS">
          <reporter-output>
          </reporter-output>
        </test-method> <!-- testFindAll -->
        <test-method is-config="true" signature="setUp()[pri:0, instance:com.skillstorm.project_one.OrderItemControllerTest@48f5bde6]" started-at="2024-08-29T00:39:17 EDT" name="setUp" finished-at="2024-08-29T00:39:17 EDT" duration-ms="1" status="PASS">
          <reporter-output>
          </reporter-output>
        </test-method> <!-- setUp -->
        <test-method is-config="true" signature="teardown()[pri:0, instance:com.skillstorm.project_one.OrderItemControllerTest@48f5bde6]" started-at="2024-08-29T00:39:17 EDT" name="teardown" finished-at="2024-08-29T00:39:17 EDT" duration-ms="0" status="PASS">
          <reporter-output>
          </reporter-output>
        </test-method> <!-- teardown -->
        <test-method signature="testUpdateOrderItem()[pri:0, instance:com.skillstorm.project_one.OrderItemControllerTest@48f5bde6]" started-at="2024-08-29T00:39:17 EDT" name="testUpdateOrderItem" finished-at="2024-08-29T00:39:17 EDT" duration-ms="0" status="PASS">
          <reporter-output>
          </reporter-output>
        </test-method> <!-- testUpdateOrderItem -->
        <test-method is-config="true" signature="teardown()[pri:0, instance:com.skillstorm.project_one.OrderItemControllerTest@48f5bde6]" started-at="2024-08-29T00:39:17 EDT" name="teardown" finished-at="2024-08-29T00:39:17 EDT" duration-ms="0" status="PASS">
          <reporter-output>
          </reporter-output>
        </test-method> <!-- teardown -->
      </class> <!-- com.skillstorm.project_one.OrderItemControllerTest -->
      <class name="com.skillstorm.project_one.OrdersServiceTest">
        <test-method is-config="true" signature="setup()[pri:0, instance:com.skillstorm.project_one.OrdersServiceTest@5489c777]" started-at="2024-08-29T00:39:17 EDT" name="setup" finished-at="2024-08-29T00:39:17 EDT" duration-ms="119" status="PASS">
          <reporter-output>
          </reporter-output>
        </test-method> <!-- setup -->
        <test-method signature="testCreateOrders()[pri:0, instance:com.skillstorm.project_one.OrdersServiceTest@5489c777]" started-at="2024-08-29T00:39:17 EDT" name="testCreateOrders" finished-at="2024-08-29T00:39:17 EDT" duration-ms="1" status="PASS">
          <reporter-output>
          </reporter-output>
        </test-method> <!-- testCreateOrders -->
        <test-method signature="testDeleteOrder()[pri:0, instance:com.skillstorm.project_one.OrdersServiceTest@5489c777]" started-at="2024-08-29T00:39:17 EDT" name="testDeleteOrder" finished-at="2024-08-29T00:39:17 EDT" duration-ms="0" status="PASS">
          <reporter-output>
          </reporter-output>
        </test-method> <!-- testDeleteOrder -->
        <test-method signature="testFindAll()[pri:0, instance:com.skillstorm.project_one.OrdersServiceTest@5489c777]" started-at="2024-08-29T00:39:17 EDT" name="testFindAll" finished-at="2024-08-29T00:39:17 EDT" duration-ms="0" status="PASS">
          <reporter-output>
          </reporter-output>
        </test-method> <!-- testFindAll -->
        <test-method signature="testGetOrdersById()[pri:0, instance:com.skillstorm.project_one.OrdersServiceTest@5489c777]" started-at="2024-08-29T00:39:17 EDT" name="testGetOrdersById" finished-at="2024-08-29T00:39:17 EDT" duration-ms="0" status="PASS">
          <reporter-output>
          </reporter-output>
        </test-method> <!-- testGetOrdersById -->
        <test-method signature="testFindByStatus()[pri:0, instance:com.skillstorm.project_one.OrdersServiceTest@5489c777]" started-at="2024-08-29T00:39:17 EDT" name="testFindByStatus" finished-at="2024-08-29T00:39:17 EDT" duration-ms="0" status="PASS">
          <reporter-output>
          </reporter-output>
        </test-method> <!-- testFindByStatus -->
        <test-method signature="testUpdateOrders()[pri:0, instance:com.skillstorm.project_one.OrdersServiceTest@5489c777]" started-at="2024-08-29T00:39:17 EDT" name="testUpdateOrders" finished-at="2024-08-29T00:39:17 EDT" duration-ms="0" status="PASS">
          <reporter-output>
          </reporter-output>
        </test-method> <!-- testUpdateOrders -->
        <test-method is-config="true" signature="teardown()[pri:0, instance:com.skillstorm.project_one.OrdersServiceTest@5489c777]" started-at="2024-08-29T00:39:18 EDT" name="teardown" finished-at="2024-08-29T00:39:18 EDT" duration-ms="0" status="PASS">
          <reporter-output>
          </reporter-output>
        </test-method> <!-- teardown -->
      </class> <!-- com.skillstorm.project_one.OrdersServiceTest -->
      <class name="com.skillstorm.project_one.WarehouseModelTest">
        <test-method signature="testSetCapacityAndGetCapacity()[pri:0, instance:com.skillstorm.project_one.WarehouseModelTest@5769e7ae]" started-at="2024-08-29T00:39:18 EDT" name="testSetCapacityAndGetCapacity" finished-at="2024-08-29T00:39:18 EDT" duration-ms="0" status="PASS">
          <reporter-output>
          </reporter-output>
        </test-method> <!-- testSetCapacityAndGetCapacity -->
        <test-method signature="testSetCurrentStockAndGetCurrentStock()[pri:0, instance:com.skillstorm.project_one.WarehouseModelTest@5769e7ae]" started-at="2024-08-29T00:39:18 EDT" name="testSetCurrentStockAndGetCurrentStock" finished-at="2024-08-29T00:39:18 EDT" duration-ms="0" status="PASS">
          <reporter-output>
          </reporter-output>
        </test-method> <!-- testSetCurrentStockAndGetCurrentStock -->
        <test-method is-config="true" signature="setupWarehouse()[pri:0, instance:com.skillstorm.project_one.WarehouseModelTest@5769e7ae]" started-at="2024-08-29T00:39:18 EDT" name="setupWarehouse" finished-at="2024-08-29T00:39:18 EDT" duration-ms="0" status="PASS">
          <reporter-output>
          </reporter-output>
        </test-method> <!-- setupWarehouse -->
        <test-method is-config="true" signature="setupWarehouse()[pri:0, instance:com.skillstorm.project_one.WarehouseModelTest@5769e7ae]" started-at="2024-08-29T00:39:18 EDT" name="setupWarehouse" finished-at="2024-08-29T00:39:18 EDT" duration-ms="0" status="PASS">
          <reporter-output>
          </reporter-output>
        </test-method> <!-- setupWarehouse -->
        <test-method signature="testWarehouseToString()[pri:0, instance:com.skillstorm.project_one.WarehouseModelTest@5769e7ae]" started-at="2024-08-29T00:39:18 EDT" name="testWarehouseToString" finished-at="2024-08-29T00:39:18 EDT" duration-ms="2" status="PASS">
          <reporter-output>
          </reporter-output>
        </test-method> <!-- testWarehouseToString -->
        <test-method signature="testSetLocationAndGetLocation()[pri:0, instance:com.skillstorm.project_one.WarehouseModelTest@5769e7ae]" started-at="2024-08-29T00:39:18 EDT" name="testSetLocationAndGetLocation" finished-at="2024-08-29T00:39:18 EDT" duration-ms="0" status="PASS">
          <reporter-output>
          </reporter-output>
        </test-method> <!-- testSetLocationAndGetLocation -->
        <test-method signature="testSetIdAndGetId()[pri:0, instance:com.skillstorm.project_one.WarehouseModelTest@5769e7ae]" started-at="2024-08-29T00:39:18 EDT" name="testSetIdAndGetId" finished-at="2024-08-29T00:39:18 EDT" duration-ms="0" status="PASS">
          <reporter-output>
          </reporter-output>
        </test-method> <!-- testSetIdAndGetId -->
        <test-method is-config="true" signature="setupWarehouse()[pri:0, instance:com.skillstorm.project_one.WarehouseModelTest@5769e7ae]" started-at="2024-08-29T00:39:18 EDT" name="setupWarehouse" finished-at="2024-08-29T00:39:18 EDT" duration-ms="0" status="PASS">
          <reporter-output>
          </reporter-output>
        </test-method> <!-- setupWarehouse -->
        <test-method is-config="true" signature="setupWarehouse()[pri:0, instance:com.skillstorm.project_one.WarehouseModelTest@5769e7ae]" started-at="2024-08-29T00:39:18 EDT" name="setupWarehouse" finished-at="2024-08-29T00:39:18 EDT" duration-ms="0" status="PASS">
          <reporter-output>
          </reporter-output>
        </test-method> <!-- setupWarehouse -->
        <test-method is-config="true" signature="setupWarehouse()[pri:0, instance:com.skillstorm.project_one.WarehouseModelTest@5769e7ae]" started-at="2024-08-29T00:39:18 EDT" name="setupWarehouse" finished-at="2024-08-29T00:39:18 EDT" duration-ms="0" status="PASS">
          <reporter-output>
          </reporter-output>
        </test-method> <!-- setupWarehouse -->
      </class> <!-- com.skillstorm.project_one.WarehouseModelTest -->
      <class name="com.skillstorm.project_one.OrderUnitTests">
        <test-method signature="testGetters()[pri:0, instance:com.skillstorm.project_one.OrderUnitTests@7072bc39]" started-at="2024-08-29T00:39:17 EDT" name="testGetters" finished-at="2024-08-29T00:39:17 EDT" duration-ms="0" status="PASS">
          <reporter-output>
          </reporter-output>
        </test-method> <!-- testGetters -->
        <test-method is-config="true" signature="init()[pri:0, instance:com.skillstorm.project_one.OrderUnitTests@7072bc39]" started-at="2024-08-29T00:39:17 EDT" name="init" finished-at="2024-08-29T00:39:17 EDT" duration-ms="1" status="PASS">
          <reporter-output>
          </reporter-output>
        </test-method> <!-- init -->
        <test-method is-config="true" signature="init()[pri:0, instance:com.skillstorm.project_one.OrderUnitTests@7072bc39]" started-at="2024-08-29T00:39:17 EDT" name="init" finished-at="2024-08-29T00:39:17 EDT" duration-ms="0" status="PASS">
          <reporter-output>
          </reporter-output>
        </test-method> <!-- init -->
        <test-method signature="testSetters()[pri:0, instance:com.skillstorm.project_one.OrderUnitTests@7072bc39]" started-at="2024-08-29T00:39:17 EDT" name="testSetters" finished-at="2024-08-29T00:39:17 EDT" duration-ms="0" status="PASS">
          <reporter-output>
          </reporter-output>
        </test-method> <!-- testSetters -->
      </class> <!-- com.skillstorm.project_one.OrderUnitTests -->
      <class name="com.skillstorm.project_one.StockServiceTest">
        <test-method is-config="true" signature="setUp()[pri:0, instance:com.skillstorm.project_one.StockServiceTest@30b34287]" started-at="2024-08-29T00:39:17 EDT" name="setUp" finished-at="2024-08-29T00:39:17 EDT" duration-ms="28" status="PASS">
          <reporter-output>
          </reporter-output>
        </test-method> <!-- setUp -->
        <test-method signature="testGetAllStockDTO()[pri:0, instance:com.skillstorm.project_one.StockServiceTest@30b34287]" started-at="2024-08-29T00:39:17 EDT" name="testGetAllStockDTO" finished-at="2024-08-29T00:39:17 EDT" duration-ms="0" status="PASS">
          <reporter-output>
          </reporter-output>
        </test-method> <!-- testGetAllStockDTO -->
        <test-method is-config="true" signature="teardown()[pri:0, instance:com.skillstorm.project_one.StockServiceTest@30b34287]" started-at="2024-08-29T00:39:17 EDT" name="teardown" finished-at="2024-08-29T00:39:17 EDT" duration-ms="1" status="PASS">
          <reporter-output>
          </reporter-output>
        </test-method> <!-- teardown -->
      </class> <!-- com.skillstorm.project_one.StockServiceTest -->
      <class name="com.skillstorm.project_one.CandyUnitTests">
        <test-method is-config="true" signature="init()[pri:0, instance:com.skillstorm.project_one.CandyUnitTests@3676ac27]" started-at="2024-08-29T00:39:17 EDT" name="init" finished-at="2024-08-29T00:39:17 EDT" duration-ms="7" status="PASS">
          <reporter-output>
          </reporter-output>
        </test-method> <!-- init -->
        <test-method signature="testGetters()[pri:0, instance:com.skillstorm.project_one.CandyUnitTests@3676ac27]" started-at="2024-08-29T00:39:17 EDT" name="testGetters" finished-at="2024-08-29T00:39:17 EDT" duration-ms="6" status="PASS">
          <reporter-output>
          </reporter-output>
        </test-method> <!-- testGetters -->
        <test-method signature="testToString()[pri:0, instance:com.skillstorm.project_one.CandyUnitTests@3676ac27]" started-at="2024-08-29T00:39:17 EDT" name="testToString" finished-at="2024-08-29T00:39:17 EDT" duration-ms="3" status="PASS">
          <reporter-output>
          </reporter-output>
        </test-method> <!-- testToString -->
        <test-method signature="testSetters()[pri:0, instance:com.skillstorm.project_one.CandyUnitTests@3676ac27]" started-at="2024-08-29T00:39:17 EDT" name="testSetters" finished-at="2024-08-29T00:39:17 EDT" duration-ms="0" status="PASS">
          <reporter-output>
          </reporter-output>
        </test-method> <!-- testSetters -->
      </class> <!-- com.skillstorm.project_one.CandyUnitTests -->
    </test> <!-- Default test -->
  </suite> <!-- Default suite -->
</testng-results>
