<?xml version="1.0" encoding="UTF-8"?>
<!-- Generated by org.testng.reporters.JUnitXMLReporter -->
<testsuite ignored="0" hostname="DJs-MacBook-Pro" failures="0" tests="89" name="Default test" time="1.077" errors="0" timestamp="2024-08-30T10:28:38 EDT">
  <testcase classname="com.skillstorm.project_one.CandyControllerTest" name="testCreateCandy" time="0.027"/>
  <testcase classname="com.skillstorm.project_one.CandyControllerTest" name="testDeleteCandyById" time="0.017"/>
  <testcase classname="com.skillstorm.project_one.CandyControllerTest" name="testGetAllCandy" time="0.0"/>
  <testcase classname="com.skillstorm.project_one.CandyControllerTest" name="testGetByFlavor" time="0.0"/>
  <testcase classname="com.skillstorm.project_one.CandyControllerTest" name="testGetCandyById" time="0.001"/>
  <testcase classname="com.skillstorm.project_one.CandyControllerTest" name="testGetCandyByType" time="0.0"/>
  <testcase classname="com.skillstorm.project_one.CandyControllerTest" name="testUpdateCandy" time="0.0"/>
  <testcase classname="com.skillstorm.project_one.CandyServiceTests" name="testCreateCandy" time="0.001"/>
  <testcase classname="com.skillstorm.project_one.CandyServiceTests" name="testDeleteCandy" time="0.0"/>
  <testcase classname="com.skillstorm.project_one.CandyServiceTests" name="testFindAll" time="0.0"/>
  <testcase classname="com.skillstorm.project_one.CandyServiceTests" name="testFindByFlavor" time="0.0"/>
  <testcase classname="com.skillstorm.project_one.CandyServiceTests" name="testFindById" time="0.0"/>
  <testcase classname="com.skillstorm.project_one.CandyServiceTests" name="testFindByType" time="0.001"/>
  <testcase classname="com.skillstorm.project_one.CandyServiceTests" name="testUpdateCandy" time="0.001"/>
  <testcase classname="com.skillstorm.project_one.CandyServiceTests" name="testUpdateCandyThrowsException" time="0.001"/>
  <testcase classname="com.skillstorm.project_one.CandyUnitTests" name="testGetters" time="0.007"/>
  <testcase classname="com.skillstorm.project_one.CandyUnitTests" name="testSetters" time="0.0"/>
  <testcase classname="com.skillstorm.project_one.CandyUnitTests" name="testToString" time="0.003"/>
  <testcase classname="com.skillstorm.project_one.OrderItemControllerTest" name="testCreateOrderItem" time="0.003"/>
  <testcase classname="com.skillstorm.project_one.OrderItemControllerTest" name="testDeleteOrderItem" time="0.0"/>
  <testcase classname="com.skillstorm.project_one.OrderItemControllerTest" name="testFindAll" time="0.0"/>
  <testcase classname="com.skillstorm.project_one.OrderItemControllerTest" name="testUpdateOrderItem" time="0.0"/>
  <testcase classname="com.skillstorm.project_one.OrderItemDTOUnitTests" name="testConstructor" time="0.001"/>
  <testcase classname="com.skillstorm.project_one.OrderItemDTOUnitTests" name="testGettersAndSetters" time="0.0"/>
  <testcase classname="com.skillstorm.project_one.OrderItemDTOUnitTests" name="testToString" time="0.002"/>
  <testcase classname="com.skillstorm.project_one.OrderItemServiceTest" name="testCreateOrderItem_CandyNotFound" time="0.001"/>
  <testcase classname="com.skillstorm.project_one.OrderItemServiceTest" name="testCreateOrderItem_Success" time="0.001"/>
  <testcase classname="com.skillstorm.project_one.OrderItemServiceTest" name="testDeleteOrderItem" time="0.0"/>
  <testcase classname="com.skillstorm.project_one.OrderItemServiceTest" name="testFindAll" time="0.0"/>
  <testcase classname="com.skillstorm.project_one.OrderItemServiceTest" name="testFindByOrderId" time="0.0"/>
  <testcase classname="com.skillstorm.project_one.OrderItemServiceTest" name="testUpdateOrderItem_Success" time="0.0"/>
  <testcase classname="com.skillstorm.project_one.OrderItemUnitTests" name="testGetters" time="0.0"/>
  <testcase classname="com.skillstorm.project_one.OrderItemUnitTests" name="testSetters" time="0.0"/>
  <testcase classname="com.skillstorm.project_one.OrderItemUnitTests" name="testToString" time="0.0"/>
  <testcase classname="com.skillstorm.project_one.OrderUnitTests" name="testGetters" time="0.0"/>
  <testcase classname="com.skillstorm.project_one.OrderUnitTests" name="testSetters" time="0.0"/>
  <testcase classname="com.skillstorm.project_one.OrdersControllerTest" name="testCreateOrders" time="0.0"/>
  <testcase classname="com.skillstorm.project_one.OrdersControllerTest" name="testDeleteOrderById" time="0.001"/>
  <testcase classname="com.skillstorm.project_one.OrdersControllerTest" name="testFindAllOrders" time="0.0"/>
  <testcase classname="com.skillstorm.project_one.OrdersControllerTest" name="testFindOrdersById" time="0.0"/>
  <testcase classname="com.skillstorm.project_one.OrdersControllerTest" name="testFindOrdersByStatus" time="0.0"/>
  <testcase classname="com.skillstorm.project_one.OrdersControllerTest" name="testUpdateOrders" time="0.0"/>
  <testcase classname="com.skillstorm.project_one.OrdersServiceTest" name="testCreateOrders" time="0.0"/>
  <testcase classname="com.skillstorm.project_one.OrdersServiceTest" name="testDeleteOrder" time="0.0"/>
  <testcase classname="com.skillstorm.project_one.OrdersServiceTest" name="testFindAll" time="0.0"/>
  <testcase classname="com.skillstorm.project_one.OrdersServiceTest" name="testFindByStatus" time="0.001"/>
  <testcase classname="com.skillstorm.project_one.OrdersServiceTest" name="testGetOrdersById" time="0.0"/>
  <testcase classname="com.skillstorm.project_one.OrdersServiceTest" name="testUpdateOrders" time="0.0"/>
  <testcase classname="com.skillstorm.project_one.StockControllerTest" name="testCreateStock" time="0.0"/>
  <testcase classname="com.skillstorm.project_one.StockControllerTest" name="testDeleteStock" time="0.0"/>
  <testcase classname="com.skillstorm.project_one.StockControllerTest" name="testFindAllStocks" time="0.0"/>
  <testcase classname="com.skillstorm.project_one.StockControllerTest" name="testGetStocksByWarehouse" time="0.0"/>
  <testcase classname="com.skillstorm.project_one.StockControllerTest" name="testUpdateStock" time="0.0"/>
  <testcase classname="com.skillstorm.project_one.StockDTOUnitTests" name="testConstructor" time="0.0"/>
  <testcase classname="com.skillstorm.project_one.StockDTOUnitTests" name="testGettersAndSetters" time="0.001"/>
  <testcase classname="com.skillstorm.project_one.StockDTOUnitTests" name="testToString" time="0.001"/>
  <testcase classname="com.skillstorm.project_one.StockServiceTest" name="testCreateStock" time="0.001"/>
  <testcase classname="com.skillstorm.project_one.StockServiceTest" name="testCreateStockCandyEmpty" time="0.001"/>
  <testcase classname="com.skillstorm.project_one.StockServiceTest" name="testCreateStockCandyNotFound" time="0.001"/>
  <testcase classname="com.skillstorm.project_one.StockServiceTest" name="testCreateStockWarehouseEmpty" time="0.0"/>
  <testcase classname="com.skillstorm.project_one.StockServiceTest" name="testCreateStockWarehouseNotFound" time="0.0"/>
  <testcase classname="com.skillstorm.project_one.StockServiceTest" name="testDeleteStock" time="0.0"/>
  <testcase classname="com.skillstorm.project_one.StockServiceTest" name="testDeleteStockNotFound" time="0.0"/>
  <testcase classname="com.skillstorm.project_one.StockServiceTest" name="testGetAllStockDTO" time="0.001"/>
  <testcase classname="com.skillstorm.project_one.StockServiceTest" name="testGetStocksByWarehouse" time="0.001"/>
  <testcase classname="com.skillstorm.project_one.StockServiceTest" name="testUpdateStock" time="0.0"/>
  <testcase classname="com.skillstorm.project_one.StockServiceTest" name="testUpdateStockStockNotFound" time="0.0"/>
  <testcase classname="com.skillstorm.project_one.StockTest" name="testGetAndSetCandy" time="0.0"/>
  <testcase classname="com.skillstorm.project_one.StockTest" name="testGetAndSetId" time="0.0"/>
  <testcase classname="com.skillstorm.project_one.StockTest" name="testGetAndSetQuantity" time="0.0"/>
  <testcase classname="com.skillstorm.project_one.StockTest" name="testGetAndSetWarehouse" time="0.0"/>
  <testcase classname="com.skillstorm.project_one.StockTest" name="testGetCandyId" time="0.001"/>
  <testcase classname="com.skillstorm.project_one.StockTest" name="testGetWarehouseId" time="0.001"/>
  <testcase classname="com.skillstorm.project_one.StockTest" name="testToString" time="0.0"/>
  <testcase classname="com.skillstorm.project_one.WarehouseControllerTest" name="testCreateWarehouse" time="0.001"/>
  <testcase classname="com.skillstorm.project_one.WarehouseControllerTest" name="testDeleteWarehouse" time="0.0"/>
  <testcase classname="com.skillstorm.project_one.WarehouseControllerTest" name="testGetAllWarehouses" time="0.0"/>
  <testcase classname="com.skillstorm.project_one.WarehouseControllerTest" name="testUpdateWarehouse" time="0.0"/>
  <testcase classname="com.skillstorm.project_one.WarehouseModelTest" name="testSetCapacityAndGetCapacity" time="0.0"/>
  <testcase classname="com.skillstorm.project_one.WarehouseModelTest" name="testSetCurrentStockAndGetCurrentStock" time="0.0"/>
  <testcase classname="com.skillstorm.project_one.WarehouseModelTest" name="testSetIdAndGetId" time="0.0"/>
  <testcase classname="com.skillstorm.project_one.WarehouseModelTest" name="testSetLocationAndGetLocation" time="0.0"/>
  <testcase classname="com.skillstorm.project_one.WarehouseModelTest" name="testWarehouseToString" time="0.002"/>
  <testcase classname="com.skillstorm.project_one.WarehouseServiceTest" name="testCreateWarehouse" time="0.0"/>
  <testcase classname="com.skillstorm.project_one.WarehouseServiceTest" name="testDeleteWarehouse" time="0.001"/>
  <testcase classname="com.skillstorm.project_one.WarehouseServiceTest" name="testFindAll" time="0.0"/>
  <testcase classname="com.skillstorm.project_one.WarehouseServiceTest" name="testFindById" time="0.0"/>
  <testcase classname="com.skillstorm.project_one.WarehouseServiceTest" name="testSuccessfulUpdateWarehouse" time="0.001"/>
  <testcase classname="com.skillstorm.project_one.WarehouseServiceTest" name="testUpdateStockForWarehouse" time="0.0"/>
</testsuite> <!-- Default test -->
