<html>
<head>
<title>TestNG:  Cucumber Tests</title>
<link href="../testng.css" rel="stylesheet" type="text/css" />
<link href="../my-testng.css" rel="stylesheet" type="text/css" />

<style type="text/css">
.log { display: none;} 
.stack-trace { display: none;} 
</style>
<script type="text/javascript">
<!--
function flip(e) {
  current = e.style.display;
  if (current == 'block') {
    e.style.display = 'none';
    return 0;
  }
  else {
    e.style.display = 'block';
    return 1;
  }
}

function toggleBox(szDivId, elem, msg1, msg2)
{
  var res = -1;  if (document.getElementById) {
    res = flip(document.getElementById(szDivId));
  }
  else if (document.all) {
    // this is the way old msie versions work
    res = flip(document.all[szDivId]);
  }
  if(elem) {
    if(res == 0) elem.innerHTML = msg1; else elem.innerHTML = msg2;
  }

}

function toggleAllBoxes() {
  if (document.getElementsByTagName) {
    d = document.getElementsByTagName('div');
    for (i = 0; i < d.length; i++) {
      if (d[i].className == 'log') {
        flip(d[i]);
      }
    }
  }
}

// -->
</script>

</head>
<body>
<h2 align='center'>Cucumber Tests</h2><table border='1' align="center">
<tr>
<td>Tests passed/Failed/Skipped:</td><td>2/9/0</td>
</tr><tr>
<td>Started on:</td><td>Wed Sep 04 15:31:54 EDT 2024</td>
</tr>
<tr><td>Total time:</td><td>141 seconds (141998 ms)</td>
</tr><tr>
<td>Included groups:</td><td></td>
</tr><tr>
<td>Excluded groups:</td><td></td>
</tr>
</table><p/>
<small><i>(Hover the method name to see the test class name)</i></small><p/>
<table width='100%' border='1' class='invocation-failed'>
<tr><td colspan='4' align='center'><b>FAILED TESTS</b></td></tr>
<tr><td><b>Test method</b></td>
<td><b>Attribute(s)</b></td>
<td width="30%"><b>Exception</b></td>
<td width="10%"><b>Time (seconds)</b></td>
<td><b>Instance</b></td>
</tr>
<tr>
<td title='com.skillstorm.RunCucumberTest.runScenario()'><b>runScenario</b><br>Test class: com.skillstorm.RunCucumberTest<br>Test method: Runs Cucumber Scenarios<br>Parameters: "Creating a Candy with Invalid Data", "Candy CRUD Operations"</td>
<td><div><pre>java.lang.AssertionError: expected [Successfully added candy!] but found []
	at com.skillstorm.cucumber.CandyStepDefinitions.iClickTheAddCandyButton(CandyStepDefinitions.java:54)
	at ✽.I click the ADD CANDY button(classpath:com/skillstorm/candy.feature:18)
... Removed 6 stack frames</pre></div><a href='#' onClick='toggleBox("stack-trace1763335226", this, "Click to show all stack frames", "Click to hide stack frames")'>Click to show all stack frames</a>
<div class='stack-trace' id='stack-trace1763335226'><pre>java.lang.AssertionError: expected [Successfully added candy!] but found []
	at org.testng.Assert.fail(Assert.java:111)
	at org.testng.Assert.failNotEquals(Assert.java:1578)
	at org.testng.Assert.assertEqualsImpl(Assert.java:150)
	at org.testng.Assert.assertEquals(Assert.java:132)
	at org.testng.Assert.assertEquals(Assert.java:656)
	at org.testng.Assert.assertEquals(Assert.java:666)
	at com.skillstorm.cucumber.CandyStepDefinitions.iClickTheAddCandyButton(CandyStepDefinitions.java:54)
	at ✽.I click the ADD CANDY button(classpath:com/skillstorm/candy.feature:18)
</pre></div></td>
<td>12</td>
<td>com.skillstorm.RunCucumberTest@5b529706</td></tr>
<tr>
<td title='com.skillstorm.RunCucumberTest.runScenario()'><b>runScenario</b><br>Test class: com.skillstorm.RunCucumberTest<br>Test method: Runs Cucumber Scenarios<br>Parameters: "Creating a Candy with Invalid Data", "Candy CRUD Operations"</td>
<td><div><pre>java.lang.AssertionError: expected [Successfully added candy!] but found [Price cannot contain letters]
	at com.skillstorm.cucumber.CandyStepDefinitions.iClickTheAddCandyButton(CandyStepDefinitions.java:54)
	at ✽.I click the ADD CANDY button(classpath:com/skillstorm/candy.feature:18)
... Removed 6 stack frames</pre></div><a href='#' onClick='toggleBox("stack-trace1988356675", this, "Click to show all stack frames", "Click to hide stack frames")'>Click to show all stack frames</a>
<div class='stack-trace' id='stack-trace1988356675'><pre>java.lang.AssertionError: expected [Successfully added candy!] but found [Price cannot contain letters]
	at org.testng.Assert.fail(Assert.java:111)
	at org.testng.Assert.failNotEquals(Assert.java:1578)
	at org.testng.Assert.assertEqualsImpl(Assert.java:150)
	at org.testng.Assert.assertEquals(Assert.java:132)
	at org.testng.Assert.assertEquals(Assert.java:656)
	at org.testng.Assert.assertEquals(Assert.java:666)
	at com.skillstorm.cucumber.CandyStepDefinitions.iClickTheAddCandyButton(CandyStepDefinitions.java:54)
	at ✽.I click the ADD CANDY button(classpath:com/skillstorm/candy.feature:18)
</pre></div></td>
<td>12</td>
<td>com.skillstorm.RunCucumberTest@5b529706</td></tr>
<tr>
<td title='com.skillstorm.RunCucumberTest.runScenario()'><b>runScenario</b><br>Test class: com.skillstorm.RunCucumberTest<br>Test method: Runs Cucumber Scenarios<br>Parameters: "Creating a Candy with Invalid Data", "Candy CRUD Operations"</td>
<td><div><pre>java.lang.AssertionError: expected [Successfully added candy!] but found []
	at com.skillstorm.cucumber.CandyStepDefinitions.iClickTheAddCandyButton(CandyStepDefinitions.java:54)
	at ✽.I click the ADD CANDY button(classpath:com/skillstorm/candy.feature:18)
... Removed 6 stack frames</pre></div><a href='#' onClick='toggleBox("stack-trace38455418", this, "Click to show all stack frames", "Click to hide stack frames")'>Click to show all stack frames</a>
<div class='stack-trace' id='stack-trace38455418'><pre>java.lang.AssertionError: expected [Successfully added candy!] but found []
	at org.testng.Assert.fail(Assert.java:111)
	at org.testng.Assert.failNotEquals(Assert.java:1578)
	at org.testng.Assert.assertEqualsImpl(Assert.java:150)
	at org.testng.Assert.assertEquals(Assert.java:132)
	at org.testng.Assert.assertEquals(Assert.java:656)
	at org.testng.Assert.assertEquals(Assert.java:666)
	at com.skillstorm.cucumber.CandyStepDefinitions.iClickTheAddCandyButton(CandyStepDefinitions.java:54)
	at ✽.I click the ADD CANDY button(classpath:com/skillstorm/candy.feature:18)
</pre></div></td>
<td>12</td>
<td>com.skillstorm.RunCucumberTest@5b529706</td></tr>
<tr>
<td title='com.skillstorm.RunCucumberTest.runScenario()'><b>runScenario</b><br>Test class: com.skillstorm.RunCucumberTest<br>Test method: Runs Cucumber Scenarios<br>Parameters: "Creating a Candy with Invalid Data", "Candy CRUD Operations"</td>
<td><div><pre>java.lang.AssertionError: expected [Successfully added candy!] but found []
	at com.skillstorm.cucumber.CandyStepDefinitions.iClickTheAddCandyButton(CandyStepDefinitions.java:54)
	at ✽.I click the ADD CANDY button(classpath:com/skillstorm/candy.feature:18)
... Removed 6 stack frames</pre></div><a href='#' onClick='toggleBox("stack-trace1466006133", this, "Click to show all stack frames", "Click to hide stack frames")'>Click to show all stack frames</a>
<div class='stack-trace' id='stack-trace1466006133'><pre>java.lang.AssertionError: expected [Successfully added candy!] but found []
	at org.testng.Assert.fail(Assert.java:111)
	at org.testng.Assert.failNotEquals(Assert.java:1578)
	at org.testng.Assert.assertEqualsImpl(Assert.java:150)
	at org.testng.Assert.assertEquals(Assert.java:132)
	at org.testng.Assert.assertEquals(Assert.java:656)
	at org.testng.Assert.assertEquals(Assert.java:666)
	at com.skillstorm.cucumber.CandyStepDefinitions.iClickTheAddCandyButton(CandyStepDefinitions.java:54)
	at ✽.I click the ADD CANDY button(classpath:com/skillstorm/candy.feature:18)
</pre></div></td>
<td>12</td>
<td>com.skillstorm.RunCucumberTest@5b529706</td></tr>
<tr>
<td title='com.skillstorm.RunCucumberTest.runScenario()'><b>runScenario</b><br>Test class: com.skillstorm.RunCucumberTest<br>Test method: Runs Cucumber Scenarios<br>Parameters: "Creating a Candy with Invalid Data", "Candy CRUD Operations"</td>
<td><div><pre>java.lang.AssertionError: expected [Successfully added candy!] but found [Name is required]
	at com.skillstorm.cucumber.CandyStepDefinitions.iClickTheAddCandyButton(CandyStepDefinitions.java:54)
	at ✽.I click the ADD CANDY button(classpath:com/skillstorm/candy.feature:18)
... Removed 6 stack frames</pre></div><a href='#' onClick='toggleBox("stack-trace1008789974", this, "Click to show all stack frames", "Click to hide stack frames")'>Click to show all stack frames</a>
<div class='stack-trace' id='stack-trace1008789974'><pre>java.lang.AssertionError: expected [Successfully added candy!] but found [Name is required]
	at org.testng.Assert.fail(Assert.java:111)
	at org.testng.Assert.failNotEquals(Assert.java:1578)
	at org.testng.Assert.assertEqualsImpl(Assert.java:150)
	at org.testng.Assert.assertEquals(Assert.java:132)
	at org.testng.Assert.assertEquals(Assert.java:656)
	at org.testng.Assert.assertEquals(Assert.java:666)
	at com.skillstorm.cucumber.CandyStepDefinitions.iClickTheAddCandyButton(CandyStepDefinitions.java:54)
	at ✽.I click the ADD CANDY button(classpath:com/skillstorm/candy.feature:18)
</pre></div></td>
<td>12</td>
<td>com.skillstorm.RunCucumberTest@5b529706</td></tr>
<tr>
<td title='com.skillstorm.RunCucumberTest.runScenario()'><b>runScenario</b><br>Test class: com.skillstorm.RunCucumberTest<br>Test method: Runs Cucumber Scenarios<br>Parameters: "Creating a Candy with Invalid Data", "Candy CRUD Operations"</td>
<td><div><pre>java.lang.AssertionError: expected [Successfully added candy!] but found [Weight must be a positive number, and Weight cannot contain letters]
	at com.skillstorm.cucumber.CandyStepDefinitions.iClickTheAddCandyButton(CandyStepDefinitions.java:54)
	at ✽.I click the ADD CANDY button(classpath:com/skillstorm/candy.feature:18)
... Removed 6 stack frames</pre></div><a href='#' onClick='toggleBox("stack-trace492288241", this, "Click to show all stack frames", "Click to hide stack frames")'>Click to show all stack frames</a>
<div class='stack-trace' id='stack-trace492288241'><pre>java.lang.AssertionError: expected [Successfully added candy!] but found [Weight must be a positive number, and Weight cannot contain letters]
	at org.testng.Assert.fail(Assert.java:111)
	at org.testng.Assert.failNotEquals(Assert.java:1578)
	at org.testng.Assert.assertEqualsImpl(Assert.java:150)
	at org.testng.Assert.assertEquals(Assert.java:132)
	at org.testng.Assert.assertEquals(Assert.java:656)
	at org.testng.Assert.assertEquals(Assert.java:666)
	at com.skillstorm.cucumber.CandyStepDefinitions.iClickTheAddCandyButton(CandyStepDefinitions.java:54)
	at ✽.I click the ADD CANDY button(classpath:com/skillstorm/candy.feature:18)
</pre></div></td>
<td>12</td>
<td>com.skillstorm.RunCucumberTest@5b529706</td></tr>
<tr>
<td title='com.skillstorm.RunCucumberTest.runScenario()'><b>runScenario</b><br>Test class: com.skillstorm.RunCucumberTest<br>Test method: Runs Cucumber Scenarios<br>Parameters: "Creating a Candy with Invalid Data", "Candy CRUD Operations"</td>
<td><div><pre>java.lang.AssertionError: expected [Successfully added candy!] but found []
	at com.skillstorm.cucumber.CandyStepDefinitions.iClickTheAddCandyButton(CandyStepDefinitions.java:54)
	at ✽.I click the ADD CANDY button(classpath:com/skillstorm/candy.feature:18)
... Removed 6 stack frames</pre></div><a href='#' onClick='toggleBox("stack-trace925385170", this, "Click to show all stack frames", "Click to hide stack frames")'>Click to show all stack frames</a>
<div class='stack-trace' id='stack-trace925385170'><pre>java.lang.AssertionError: expected [Successfully added candy!] but found []
	at org.testng.Assert.fail(Assert.java:111)
	at org.testng.Assert.failNotEquals(Assert.java:1578)
	at org.testng.Assert.assertEqualsImpl(Assert.java:150)
	at org.testng.Assert.assertEquals(Assert.java:132)
	at org.testng.Assert.assertEquals(Assert.java:656)
	at org.testng.Assert.assertEquals(Assert.java:666)
	at com.skillstorm.cucumber.CandyStepDefinitions.iClickTheAddCandyButton(CandyStepDefinitions.java:54)
	at ✽.I click the ADD CANDY button(classpath:com/skillstorm/candy.feature:18)
</pre></div></td>
<td>11</td>
<td>com.skillstorm.RunCucumberTest@5b529706</td></tr>
<tr>
<td title='com.skillstorm.RunCucumberTest.runScenario()'><b>runScenario</b><br>Test class: com.skillstorm.RunCucumberTest<br>Test method: Runs Cucumber Scenarios<br>Parameters: "Creating a Candy with Invalid Data", "Candy CRUD Operations"</td>
<td><div><pre>java.lang.AssertionError: expected [Successfully added candy!] but found []
	at com.skillstorm.cucumber.CandyStepDefinitions.iClickTheAddCandyButton(CandyStepDefinitions.java:54)
	at ✽.I click the ADD CANDY button(classpath:com/skillstorm/candy.feature:18)
... Removed 6 stack frames</pre></div><a href='#' onClick='toggleBox("stack-trace174730272", this, "Click to show all stack frames", "Click to hide stack frames")'>Click to show all stack frames</a>
<div class='stack-trace' id='stack-trace174730272'><pre>java.lang.AssertionError: expected [Successfully added candy!] but found []
	at org.testng.Assert.fail(Assert.java:111)
	at org.testng.Assert.failNotEquals(Assert.java:1578)
	at org.testng.Assert.assertEqualsImpl(Assert.java:150)
	at org.testng.Assert.assertEquals(Assert.java:132)
	at org.testng.Assert.assertEquals(Assert.java:656)
	at org.testng.Assert.assertEquals(Assert.java:666)
	at com.skillstorm.cucumber.CandyStepDefinitions.iClickTheAddCandyButton(CandyStepDefinitions.java:54)
	at ✽.I click the ADD CANDY button(classpath:com/skillstorm/candy.feature:18)
</pre></div></td>
<td>12</td>
<td>com.skillstorm.RunCucumberTest@5b529706</td></tr>
<tr>
<td title='com.skillstorm.RunCucumberTest.runScenario()'><b>runScenario</b><br>Test class: com.skillstorm.RunCucumberTest<br>Test method: Runs Cucumber Scenarios<br>Parameters: "Creating a Candy with Invalid Data", "Candy CRUD Operations"</td>
<td><div><pre>java.lang.AssertionError: expected [Successfully added candy!] but found []
	at com.skillstorm.cucumber.CandyStepDefinitions.iClickTheAddCandyButton(CandyStepDefinitions.java:54)
	at ✽.I click the ADD CANDY button(classpath:com/skillstorm/candy.feature:18)
... Removed 6 stack frames</pre></div><a href='#' onClick='toggleBox("stack-trace1791508071", this, "Click to show all stack frames", "Click to hide stack frames")'>Click to show all stack frames</a>
<div class='stack-trace' id='stack-trace1791508071'><pre>java.lang.AssertionError: expected [Successfully added candy!] but found []
	at org.testng.Assert.fail(Assert.java:111)
	at org.testng.Assert.failNotEquals(Assert.java:1578)
	at org.testng.Assert.assertEqualsImpl(Assert.java:150)
	at org.testng.Assert.assertEquals(Assert.java:132)
	at org.testng.Assert.assertEquals(Assert.java:656)
	at org.testng.Assert.assertEquals(Assert.java:666)
	at com.skillstorm.cucumber.CandyStepDefinitions.iClickTheAddCandyButton(CandyStepDefinitions.java:54)
	at ✽.I click the ADD CANDY button(classpath:com/skillstorm/candy.feature:18)
</pre></div></td>
<td>12</td>
<td>com.skillstorm.RunCucumberTest@5b529706</td></tr>
</table><p>
<table width='100%' border='1' class='invocation-passed'>
<tr><td colspan='4' align='center'><b>PASSED TESTS</b></td></tr>
<tr><td><b>Test method</b></td>
<td><b>Attribute(s)</b></td>
<td width="30%"><b>Exception</b></td>
<td width="10%"><b>Time (seconds)</b></td>
<td><b>Instance</b></td>
</tr>
<tr>
<td title='com.skillstorm.RunCucumberTest.runScenario()'><b>runScenario</b><br>Test class: com.skillstorm.RunCucumberTest<br>Test method: Runs Cucumber Scenarios<br>Parameters: "Creating a Candy", "Candy CRUD Operations"</td>
<td></td>
<td>14</td>
<td>com.skillstorm.RunCucumberTest@5b529706</td></tr>
<tr>
<td title='com.skillstorm.RunCucumberTest.runScenario()'><b>runScenario</b><br>Test class: com.skillstorm.RunCucumberTest<br>Test method: Runs Cucumber Scenarios<br>Parameters: "Creating a Candy", "Candy CRUD Operations"</td>
<td></td>
<td>13</td>
<td>com.skillstorm.RunCucumberTest@5b529706</td></tr>
</table><p>
</body>
</html>